 Creating tables for Cc-Cc Tersoff potential
    -----> MD RUN:
NSTEP = 1000000 (Number of steps)
dt = 0.00050 (Integration time step in [psec])
KFLAG = 2 (1-Quench, 2-Velocity distribution, 5-Constant Temperature)
LFLAG = 1 (1-Constant Pressure)
KEYBS = 3 (0-pair potential, 1-Stillinger Weber, 2-EAM, 3-Tersoff)
LIDX = 1 (1-periodicity in X direction,0-free boundaries)
LIDY = 1 (1-periodicity in Y direction,0-free boundaries)
LIDZ = 0 (1-periodicity in Z direction,0-free boundaries)
KBOUND =  1 (0-Free,1-rigid)
dim =  3 (3 - 3D simulation,2- 2D simulation)
T0 =  300.0 (Temperature distributed by VEL,[K])
P0 =    0.0 (Desired pressure in con. pressure control,[GPa])
NEWTAB =  50 (Step of neighbors list renewal)
NEPRT = 5000 (Step of printing output information)
NWRITE = 10000 (Step of writing output information)
Ngather =  200 (Step of gathering molecules to the comp. cell)
RSkin =  2.000 (Skin depth in neighbor list calculation [A])
 
    -----> MATERIAL:
XL = 0.32068D+02 (X size of the computational cell [A])
YL = 0.32068D+02 (Y size of the computational cell [A])
ZL = 0.24617D+02 (Z size of the computational cell [A])
DENSM = 0.31435D+00 (Density of the material [gm/cm3])
DENSN = 0.15762D+23 (Density of the material [molec./cm3])
Natoms =    399 (Number of particles in the computational cell)
NTYPE =  2 (Number of particle types)
 
    -----> TYPES OF PARTICLES:
Type  1:   399 particles.  mass = 0.12011D+02 [amu].
Type  2:     0 particles.  mass = 0.00000D+00 [amu].
 
  Step     time     Energy      Kinetic    Potential  Temperature    Pressure
     0 0.00000000E+00 -.28090603E+04 0.22093534E+02 -.28311539E+04 0.61043638E+03 0.30094519E+10
  5000 0.25000000E+01 -.28136068E+04 0.14311973E+02 -.28279188E+04 0.39543464E+03 0.11840952E+10
 10000 0.50000000E+01 -.28095177E+04 0.13431428E+02 -.28229491E+04 0.37110551E+03 0.78313177E+09
 15000 0.75000000E+01 -.28042458E+04 0.14482948E+02 -.28187287E+04 0.40015863E+03 0.52690547E+09
 20000 0.10000000E+02 -.27996225E+04 0.14060561E+02 -.28136831E+04 0.38848823E+03 0.32995747E+09
 25000 0.12500000E+02 -.27959948E+04 0.13355910E+02 -.28093507E+04 0.36901897E+03 0.22319407E+09
 30000 0.15000000E+02 -.27933084E+04 0.14039466E+02 -.28073479E+04 0.38790539E+03 0.15502605E+09
 35000 0.17500000E+02 -.27913431E+04 0.14265738E+02 -.28056089E+04 0.39415719E+03 0.10727065E+09
 40000 0.20000000E+02 -.27899380E+04 0.14563931E+02 -.28045020E+04 0.40239617E+03 0.94450461E+08
 45000 0.22500000E+02 -.27889867E+04 0.14311822E+02 -.28032985E+04 0.39543049E+03 0.48492274E+08
 50000 0.25000000E+02 -.27883449E+04 0.14425295E+02 -.28027702E+04 0.39856569E+03 0.15328945E+08
 55000 0.27500000E+02 -.27879086E+04 0.13583868E+02 -.28014925E+04 0.37531736E+03 -.89466918E+07
 60000 0.30000000E+02 -.27875647E+04 0.14220562E+02 -.28017853E+04 0.39290899E+03 0.63822758E+08
 65000 0.32500000E+02 -.27873116E+04 0.15352302E+02 -.28026639E+04 0.42417857E+03 0.80196997E+07
 70000 0.35000000E+02 -.27871861E+04 0.14298194E+02 -.28014843E+04 0.39505395E+03 0.13160229E+08
 75000 0.37500000E+02 -.27870018E+04 0.14678159E+02 -.28016800E+04 0.40555224E+03 -.29319799E+08
 80000 0.40000000E+02 -.27869292E+04 0.14678245E+02 -.28016075E+04 0.40555462E+03 -.16487287E+08
 85000 0.42500000E+02 -.27868888E+04 0.15248520E+02 -.28021373E+04 0.42131109E+03 0.12260647E+08
 90000 0.45000000E+02 -.27869071E+04 0.14063676E+02 -.28009708E+04 0.38857431E+03 -.54749932E+07
 95000 0.47500000E+02 -.27869922E+04 0.13975366E+02 -.28009676E+04 0.38613432E+03 -.76474677E+06
100000 0.50000000E+02 -.27870648E+04 0.14597160E+02 -.28016620E+04 0.40331427E+03 0.11878546E+06
105000 0.52500000E+02 -.27870377E+04 0.15310591E+02 -.28023483E+04 0.42302610E+03 0.42649968E+08
110000 0.55000000E+02 -.27869114E+04 0.14251914E+02 -.28011634E+04 0.39377525E+03 0.36339640E+08
115000 0.57500000E+02 -.27868813E+04 0.14617942E+02 -.28014992E+04 0.40388846E+03 0.13728868E+08
120000 0.60000000E+02 -.27867812E+04 0.14240310E+02 -.28010215E+04 0.39345462E+03 -.37641074E+08
125000 0.62500000E+02 -.27867661E+04 0.14419446E+02 -.28011856E+04 0.39840408E+03 0.48875327E+08
130000 0.65000000E+02 -.27867239E+04 0.14968828E+02 -.28016927E+04 0.41358331E+03 0.47529715E+07
135000 0.67500000E+02 -.27866251E+04 0.13998122E+02 -.28006232E+04 0.38676306E+03 -.56010947E+08
140000 0.70000000E+02 -.27865749E+04 0.15083132E+02 -.28016581E+04 0.41674150E+03 0.54590250E+07
145000 0.72500000E+02 -.27866363E+04 0.14003006E+02 -.28006393E+04 0.38689801E+03 -.14844556E+08
150000 0.75000000E+02 -.27866259E+04 0.14915373E+02 -.28015413E+04 0.41210637E+03 -.12000801E+08
155000 0.77500000E+02 -.27866674E+04 0.15101010E+02 -.28017684E+04 0.41723545E+03 0.12352099E+08
160000 0.80000000E+02 -.27867498E+04 0.15306048E+02 -.28020559E+04 0.42290058E+03 0.80399739E+07
165000 0.82500000E+02 -.27868042E+04 0.15507938E+02 -.28023121E+04 0.42847874E+03 0.69674421E+07
170000 0.85000000E+02 -.27868142E+04 0.14379966E+02 -.28011942E+04 0.39731328E+03 -.27411650E+08
175000 0.87500000E+02 -.27868500E+04 0.14312747E+02 -.28011628E+04 0.39545603E+03 -.85264868E+05
180000 0.90000000E+02 -.27868395E+04 0.14522697E+02 -.28013622E+04 0.40125689E+03 0.65577475E+08
185000 0.92500000E+02 -.27867614E+04 0.14514071E+02 -.28012755E+04 0.40101855E+03 0.34705838E+08
190000 0.95000000E+02 -.27867458E+04 0.14610627E+02 -.28013564E+04 0.40368635E+03 -.28218302E+07
195000 0.97500000E+02 -.27867187E+04 0.15009395E+02 -.28017281E+04 0.41470415E+03 -.37431453E+07
200000 0.10000000E+03 -.27866797E+04 0.13711523E+02 -.28003912E+04 0.37884444E+03 -.33402084E+08
205000 0.10250000E+03 -.27866199E+04 0.14994187E+02 -.28016140E+04 0.41428397E+03 0.25887839E+08
210000 0.10500000E+03 -.27865574E+04 0.14979844E+02 -.28015372E+04 0.41388768E+03 0.25369924E+07
215000 0.10750000E+03 -.27864918E+04 0.13846772E+02 -.28003386E+04 0.38258132E+03 -.23988483E+08
220000 0.11000000E+03 -.27864880E+04 0.14134098E+02 -.28006221E+04 0.39052001E+03 -.26733309E+07
225000 0.11250000E+03 -.27866272E+04 0.14540691E+02 -.28011679E+04 0.40175406E+03 0.36968605E+08
230000 0.11500000E+03 -.27865824E+04 0.14656265E+02 -.28012387E+04 0.40494730E+03 -.82663843E+07
235000 0.11750000E+03 -.27865312E+04 0.14375075E+02 -.28009063E+04 0.39717813E+03 -.64267429E+07
240000 0.12000000E+03 -.27865094E+04 0.14968928E+02 -.28014783E+04 0.41358609E+03 0.33639358E+08
245000 0.12250000E+03 -.27865016E+04 0.14953602E+02 -.28014552E+04 0.41316262E+03 0.79474856E+07
250000 0.12500000E+03 -.27864609E+04 0.15044319E+02 -.28015052E+04 0.41566911E+03 0.17426692E+06
255000 0.12750000E+03 -.27864361E+04 0.14236128E+02 -.28006722E+04 0.39333909E+03 0.47690900E+08
260000 0.13000000E+03 -.27864304E+04 0.14991884E+02 -.28014223E+04 0.41422035E+03 0.36198287E+08
265000 0.13250000E+03 -.27864215E+04 0.14300961E+02 -.28007225E+04 0.39513040E+03 0.13203880E+07
270000 0.13500000E+03 -.27864598E+04 0.14706944E+02 -.28011667E+04 0.40634755E+03 -.97243646E+07
275000 0.13750000E+03 -.27865060E+04 0.14604337E+02 -.28011103E+04 0.40351257E+03 -.64191118E+08
280000 0.14000000E+03 -.27865326E+04 0.14476599E+02 -.28010092E+04 0.39998319E+03 -.72195859E+07
285000 0.14250000E+03 -.27865855E+04 0.14230378E+02 -.28008158E+04 0.39318020E+03 -.92843727E+07
290000 0.14500000E+03 -.27865358E+04 0.14012841E+02 -.28005487E+04 0.38716974E+03 -.58307226E+07
295000 0.14750000E+03 -.27865369E+04 0.15632084E+02 -.28021690E+04 0.43190883E+03 -.10455641E+08
300000 0.15000000E+03 -.27864641E+04 0.14964658E+02 -.28014288E+04 0.41346810E+03 0.50642776E+08
305000 0.15250000E+03 -.27863956E+04 0.14964211E+02 -.28013598E+04 0.41345575E+03 0.31858357E+08
310000 0.15500000E+03 -.27863281E+04 0.15521509E+02 -.28018496E+04 0.42885370E+03 0.28284262E+08
315000 0.15750000E+03 -.27862563E+04 0.14799300E+02 -.28010556E+04 0.40889931E+03 0.34676030E+08
320000 0.16000000E+03 -.27861634E+04 0.14238531E+02 -.28004019E+04 0.39340547E+03 -.12466468E+08
325000 0.16250000E+03 -.27861129E+04 0.15639367E+02 -.28017523E+04 0.43211006E+03 -.10475572E+08
330000 0.16500000E+03 -.27861025E+04 0.14452740E+02 -.28005553E+04 0.39932400E+03 -.51228715E+08
335000 0.16750000E+03 -.27861335E+04 0.15408371E+02 -.28015419E+04 0.42572773E+03 -.41590647E+08
340000 0.17000000E+03 -.27861156E+04 0.14696290E+02 -.28008119E+04 0.40605320E+03 0.12393672E+08
345000 0.17250000E+03 -.27860701E+04 0.15627751E+02 -.28016978E+04 0.43178912E+03 0.55783546E+08
350000 0.17500000E+03 -.27859760E+04 0.14471202E+02 -.28004472E+04 0.39983409E+03 -.23281390E+07
355000 0.17750000E+03 -.27859197E+04 0.14774683E+02 -.28006944E+04 0.40821916E+03 -.29608761E+08
360000 0.18000000E+03 -.27859201E+04 0.15176853E+02 -.28010969E+04 0.41933097E+03 -.23996128E+08
365000 0.18250000E+03 -.27860146E+04 0.15056080E+02 -.28010707E+04 0.41599407E+03 0.19803832E+08
370000 0.18500000E+03 -.27861038E+04 0.15155208E+02 -.28012590E+04 0.41873293E+03 -.38769079E+08
375000 0.18750000E+03 -.27861617E+04 0.15527275E+02 -.28016890E+04 0.42901300E+03 0.20622306E+08
380000 0.19000000E+03 -.27861410E+04 0.14955728E+02 -.28010967E+04 0.41322138E+03 -.45779857E+08
385000 0.19250000E+03 -.27861456E+04 0.14781079E+02 -.28009266E+04 0.40839587E+03 -.46752777E+08
390000 0.19500000E+03 -.27860949E+04 0.14779357E+02 -.28008743E+04 0.40834831E+03 -.53165150E+07
395000 0.19750000E+03 -.27860666E+04 0.14788129E+02 -.28008547E+04 0.40859067E+03 -.27636801E+08
400000 0.20000000E+03 -.27860887E+04 0.14618214E+02 -.28007070E+04 0.40389599E+03 0.57176426E+07
405000 0.20250000E+03 -.27860925E+04 0.15126754E+02 -.28012193E+04 0.41794675E+03 0.34221029E+08
410000 0.20500000E+03 -.27860215E+04 0.15454487E+02 -.28014760E+04 0.42700191E+03 -.33151775E+08
415000 0.20750000E+03 -.27859074E+04 0.15115663E+02 -.28010231E+04 0.41764031E+03 0.56628917E+08
420000 0.21000000E+03 -.27858982E+04 0.15577148E+02 -.28014754E+04 0.43039097E+03 0.14007704E+08
425000 0.21250000E+03 -.27858930E+04 0.14879395E+02 -.28007724E+04 0.41111232E+03 -.66295362E+06
430000 0.21500000E+03 -.27859266E+04 0.14526823E+02 -.28004534E+04 0.40137086E+03 0.17464544E+08
435000 0.21750000E+03 -.27859854E+04 0.15102467E+02 -.28010879E+04 0.41727572E+03 -.21443285E+08
440000 0.22000000E+03 -.27859758E+04 0.15433764E+02 -.28014096E+04 0.42642934E+03 -.11115932E+08
445000 0.22250000E+03 -.27859512E+04 0.15037857E+02 -.28009891E+04 0.41549057E+03 -.15739960E+07
450000 0.22500000E+03 -.27859565E+04 0.14695298E+02 -.28006518E+04 0.40602578E+03 0.35479481E+08
455000 0.22750000E+03 -.27859530E+04 0.14170232E+02 -.28001233E+04 0.39151839E+03 0.41502405E+08
460000 0.23000000E+03 -.27859263E+04 0.14083639E+02 -.28000099E+04 0.38912585E+03 -.23685752E+08
465000 0.23250000E+03 -.27859679E+04 0.15061349E+02 -.28010292E+04 0.41613963E+03 0.13970169E+08
470000 0.23500000E+03 -.27860271E+04 0.15589706E+02 -.28016168E+04 0.43073796E+03 0.30585077E+08
475000 0.23750000E+03 -.27860209E+04 0.15008250E+02 -.28010291E+04 0.41467254E+03 0.17702231E+08
480000 0.24000000E+03 -.27859899E+04 0.15383824E+02 -.28013737E+04 0.42504950E+03 -.25795652E+08
485000 0.24250000E+03 -.27860809E+04 0.14121505E+02 -.28002024E+04 0.39017209E+03 0.46021682E+08
490000 0.24500000E+03 -.27860064E+04 0.15171744E+02 -.28011782E+04 0.41918981E+03 0.12542659E+08
495000 0.24750000E+03 -.27860409E+04 0.14808932E+02 -.28008498E+04 0.40916545E+03 -.44998021E+08
500000 0.25000000E+03 -.27860262E+04 0.15226555E+02 -.28012527E+04 0.42070421E+03 0.22503909E+08
505000 0.25250000E+03 -.27860766E+04 0.15613172E+02 -.28016897E+04 0.43138632E+03 0.42607213E+08
510000 0.25500000E+03 -.27860505E+04 0.14892916E+02 -.28009434E+04 0.41148591E+03 -.93725782E+07
515000 0.25750000E+03 -.27859765E+04 0.14234186E+02 -.28002107E+04 0.39328541E+03 -.18881933E+08
520000 0.26000000E+03 -.27858902E+04 0.14689233E+02 -.28005795E+04 0.40585822E+03 -.39707077E+08
525000 0.26250000E+03 -.27858901E+04 0.14368324E+02 -.28002584E+04 0.39699159E+03 -.19058500E+08
530000 0.26500000E+03 -.27858711E+04 0.14974990E+02 -.28008460E+04 0.41375356E+03 -.26917408E+08
535000 0.26750000E+03 -.27859134E+04 0.15144316E+02 -.28010577E+04 0.41843198E+03 -.72767359E+07
540000 0.27000000E+03 -.27858822E+04 0.15843960E+02 -.28017262E+04 0.43776290E+03 0.35221352E+08
545000 0.27250000E+03 -.27858440E+04 0.15567770E+02 -.28014118E+04 0.43013187E+03 0.41015807E+07
550000 0.27500000E+03 -.27858387E+04 0.15248098E+02 -.28010868E+04 0.42129945E+03 0.51359908E+08
555000 0.27750000E+03 -.27858252E+04 0.14955053E+02 -.28007802E+04 0.41320273E+03 -.15298232E+08
560000 0.28000000E+03 -.27858231E+04 0.15408632E+02 -.28012317E+04 0.42573494E+03 0.40055193E+07
565000 0.28250000E+03 -.27858352E+04 0.15139169E+02 -.28009744E+04 0.41828979E+03 -.26902265E+08
570000 0.28500000E+03 -.27858327E+04 0.15141410E+02 -.28009741E+04 0.41835169E+03 -.17679549E+08
575000 0.28750000E+03 -.27858004E+04 0.13951275E+02 -.27997516E+04 0.38546869E+03 -.36696658E+08
580000 0.29000000E+03 -.27858578E+04 0.15168636E+02 -.28010265E+04 0.41910393E+03 -.26362686E+08
585000 0.29250000E+03 -.27858113E+04 0.14496632E+02 -.28003079E+04 0.40053671E+03 0.20982922E+08
590000 0.29500000E+03 -.27857005E+04 0.15071776E+02 -.28007723E+04 0.41642773E+03 -.20961496E+08
595000 0.29750000E+03 -.27856536E+04 0.15452147E+02 -.28011057E+04 0.42693724E+03 -.33626514E+08
600000 0.30000000E+03 -.27856615E+04 0.14907461E+02 -.28005689E+04 0.41188777E+03 0.12643700E+08
605000 0.30250000E+03 -.27856554E+04 0.15007656E+02 -.28006631E+04 0.41465612E+03 0.20133532E+08
610000 0.30500000E+03 -.27856720E+04 0.15165924E+02 -.28008379E+04 0.41902901E+03 0.21416009E+08
615000 0.30750000E+03 -.27856392E+04 0.15488593E+02 -.28011278E+04 0.42794423E+03 -.82874714E+08
620000 0.31000000E+03 -.27857300E+04 0.14815160E+02 -.28005452E+04 0.40933751E+03 -.10925341E+08
625000 0.31250000E+03 -.27858672E+04 0.15818464E+02 -.28016857E+04 0.43705844E+03 -.32528904E+08
630000 0.31500000E+03 -.27858802E+04 0.14416569E+02 -.28002967E+04 0.39832460E+03 0.93497278E+07
635000 0.31750000E+03 -.27858321E+04 0.15208562E+02 -.28010407E+04 0.42020707E+03 -.90116984E+07
640000 0.32000000E+03 -.27857958E+04 0.15028494E+02 -.28008243E+04 0.41523186E+03 0.16260020E+08
645000 0.32250000E+03 -.27858076E+04 0.14632467E+02 -.28004401E+04 0.40428979E+03 0.20997719E+08
650000 0.32500000E+03 -.27858420E+04 0.14814304E+02 -.28006563E+04 0.40931388E+03 0.20215034E+08
655000 0.32750000E+03 -.27858597E+04 0.15619329E+02 -.28014790E+04 0.43155641E+03 -.32280300E+08
660000 0.33000000E+03 -.27857971E+04 0.15849345E+02 -.28016464E+04 0.43791168E+03 -.15702639E+08
665000 0.33250000E+03 -.27857011E+04 0.15490608E+02 -.28011917E+04 0.42799991E+03 0.42649836E+08
670000 0.33500000E+03 -.27856875E+04 0.15596953E+02 -.28012844E+04 0.43093819E+03 -.27869289E+08
675000 0.33750000E+03 -.27856656E+04 0.14852813E+02 -.28005184E+04 0.41037787E+03 0.13184729E+08
680000 0.34000000E+03 -.27856100E+04 0.14951579E+02 -.28005616E+04 0.41310675E+03 -.87358601E+07
685000 0.34250000E+03 -.27855599E+04 0.15114798E+02 -.28006747E+04 0.41761640E+03 0.66912518E+07
690000 0.34500000E+03 -.27855609E+04 0.14859672E+02 -.28004205E+04 0.41056738E+03 -.15773829E+08
695000 0.34750000E+03 -.27855970E+04 0.15537022E+02 -.28011340E+04 0.42928230E+03 0.10803275E+08
700000 0.35000000E+03 -.27856528E+04 0.15424382E+02 -.28010772E+04 0.42617010E+03 0.16926260E+08
705000 0.35250000E+03 -.27855669E+04 0.14531258E+02 -.28000982E+04 0.40149342E+03 0.13602756E+08
710000 0.35500000E+03 -.27854429E+04 0.16181597E+02 -.28016245E+04 0.44709168E+03 -.35037418E+08
715000 0.35750000E+03 -.27853761E+04 0.14873000E+02 -.28002491E+04 0.41093563E+03 -.49123768E+06
720000 0.36000000E+03 -.27854767E+04 0.15398982E+02 -.28008757E+04 0.42546831E+03 0.11394194E+08
725000 0.36250000E+03 -.27855415E+04 0.15019132E+02 -.28005607E+04 0.41497320E+03 -.41845658E+08
730000 0.36500000E+03 -.27855500E+04 0.14522800E+02 -.28000728E+04 0.40125972E+03 0.70419934E+08
735000 0.36750000E+03 -.27855162E+04 0.15285509E+02 -.28008017E+04 0.42233311E+03 0.11176700E+08
740000 0.37000000E+03 -.27856087E+04 0.16307806E+02 -.28019165E+04 0.45057881E+03 -.19184635E+08
745000 0.37250000E+03 -.27856634E+04 0.14770154E+02 -.28004336E+04 0.40809403E+03 -.34592836E+08
750000 0.37500000E+03 -.27856731E+04 0.14243828E+02 -.27999169E+04 0.39355182E+03 -.24468118E+08
755000 0.37750000E+03 -.27856582E+04 0.14708247E+02 -.28003665E+04 0.40638357E+03 0.27287071E+08
760000 0.38000000E+03 -.27856100E+04 0.15332937E+02 -.28009429E+04 0.42364351E+03 -.34407231E+08
765000 0.38250000E+03 -.27855568E+04 0.15190711E+02 -.28007475E+04 0.41971386E+03 0.30055209E+08
770000 0.38500000E+03 -.27855519E+04 0.15187298E+02 -.28007392E+04 0.41961955E+03 -.20453712E+07
775000 0.38750000E+03 -.27854973E+04 0.14541209E+02 -.28000385E+04 0.40176835E+03 0.67411186E+07
780000 0.39000000E+03 -.27853948E+04 0.15574119E+02 -.28009689E+04 0.43030728E+03 0.48576537E+07
785000 0.39250000E+03 -.27853581E+04 0.15469104E+02 -.28008272E+04 0.42740576E+03 0.10781772E+08
790000 0.39500000E+03 -.27853794E+04 0.15099845E+02 -.28004793E+04 0.41720326E+03 0.10831438E+08
795000 0.39750000E+03 -.27853767E+04 0.15318891E+02 -.28006956E+04 0.42325544E+03 0.81358204E+06
800000 0.40000000E+03 -.27854033E+04 0.15719530E+02 -.28011228E+04 0.43432495E+03 -.21962002E+08
805000 0.40250000E+03 -.27854349E+04 0.15145932E+02 -.28005808E+04 0.41847664E+03 0.22014297E+08
810000 0.40500000E+03 -.27854702E+04 0.15788335E+02 -.28012585E+04 0.43622601E+03 -.36855479E+08
815000 0.40750000E+03 -.27854848E+04 0.14887513E+02 -.28003723E+04 0.41133661E+03 0.37679214E+08
820000 0.41000000E+03 -.27854523E+04 0.16218452E+02 -.28016707E+04 0.44810999E+03 0.39613391E+08
825000 0.41250000E+03 -.27853370E+04 0.14544287E+02 -.27998813E+04 0.40185340E+03 -.36105264E+08
830000 0.41500000E+03 -.27853316E+04 0.15190240E+02 -.28005218E+04 0.41970086E+03 -.15394050E+08
835000 0.41750000E+03 -.27853084E+04 0.15954008E+02 -.28012625E+04 0.44080348E+03 -.48205302E+08
840000 0.42000000E+03 -.27852822E+04 0.15552250E+02 -.28008345E+04 0.42970306E+03 0.47039070E+08
845000 0.42250000E+03 -.27852433E+04 0.15394742E+02 -.28006380E+04 0.42535117E+03 0.16839687E+08
850000 0.42500000E+03 -.27851859E+04 0.15751666E+02 -.28009376E+04 0.43521285E+03 0.15057818E+08
855000 0.42750000E+03 -.27851254E+04 0.15494876E+02 -.28006203E+04 0.42811783E+03 -.53342289E+07
860000 0.43000000E+03 -.27850618E+04 0.14969903E+02 -.28000317E+04 0.41361302E+03 0.13650052E+08
865000 0.43250000E+03 -.27850150E+04 0.16604480E+02 -.28016195E+04 0.45877579E+03 0.24293890E+08
870000 0.43500000E+03 -.27850339E+04 0.16100762E+02 -.28011347E+04 0.44485823E+03 -.12051899E+08
875000 0.43750000E+03 -.27850380E+04 0.14629593E+02 -.27996676E+04 0.40421037E+03 -.53971068E+08
880000 0.44000000E+03 -.27851419E+04 0.14368849E+02 -.27995108E+04 0.39700611E+03 0.56368047E+06
885000 0.44250000E+03 -.27851448E+04 0.14408805E+02 -.27995536E+04 0.39811007E+03 0.42676773E+08
890000 0.44500000E+03 -.27851913E+04 0.15675435E+02 -.28008667E+04 0.43310662E+03 0.97609382E+07
895000 0.44750000E+03 -.27852078E+04 0.14644549E+02 -.27998523E+04 0.40462361E+03 0.35139754E+08
900000 0.45000000E+03 -.27851997E+04 0.15261747E+02 -.28004615E+04 0.42167657E+03 -.65101676E+07
905000 0.45250000E+03 -.27851679E+04 0.14007519E+02 -.27991754E+04 0.38702270E+03 -.31956044E+08
910000 0.45500000E+03 -.27851301E+04 0.14953974E+02 -.28000841E+04 0.41317291E+03 -.17203916E+08
915000 0.45750000E+03 -.27851495E+04 0.14948033E+02 -.28000975E+04 0.41300876E+03 -.34184038E+08
920000 0.46000000E+03 -.27851523E+04 0.15492660E+02 -.28006450E+04 0.42805661E+03 -.30676945E+07
925000 0.46250000E+03 -.27851667E+04 0.16000123E+02 -.28011668E+04 0.44207762E+03 -.54385719E+07
930000 0.46500000E+03 -.27851908E+04 0.14826165E+02 -.28000170E+04 0.40964159E+03 0.51556143E+07
935000 0.46750000E+03 -.27852269E+04 0.14589319E+02 -.27998162E+04 0.40309762E+03 0.70655728E+07
940000 0.47000000E+03 -.27852060E+04 0.15344009E+02 -.28005500E+04 0.42394944E+03 -.16275417E+07
945000 0.47250000E+03 -.27851183E+04 0.14983188E+02 -.28001015E+04 0.41398009E+03 0.43600785E+07
950000 0.47500000E+03 -.27850435E+04 0.15489460E+02 -.28005329E+04 0.42796818E+03 -.46491254E+08
955000 0.47750000E+03 -.27849593E+04 0.15583214E+02 -.28005425E+04 0.43055857E+03 0.17125274E+08
960000 0.48000000E+03 -.27849291E+04 0.16368968E+02 -.28012981E+04 0.45226869E+03 -.12299659E+08
965000 0.48250000E+03 -.27848863E+04 0.16305419E+02 -.28011917E+04 0.45051284E+03 0.44117304E+08
970000 0.48500000E+03 -.27848477E+04 0.15118959E+02 -.27999667E+04 0.41773138E+03 0.49036149E+07
975000 0.48750000E+03 -.27848553E+04 0.15677046E+02 -.28005323E+04 0.43315114E+03 0.39210970E+08
980000 0.49000000E+03 -.27848112E+04 0.16190227E+02 -.28010014E+04 0.44733014E+03 -.33820002E+08
985000 0.49250000E+03 -.27848132E+04 0.15555524E+02 -.28003687E+04 0.42979351E+03 -.81574222E+08
990000 0.49500000E+03 -.27848342E+04 0.15341974E+02 -.28001762E+04 0.42389322E+03 0.20423243E+08
995000 0.49750000E+03 -.27848894E+04 0.15075651E+02 -.27999650E+04 0.41653478E+03 0.23002996E+08
****** 0.50000000E+03 -.27848989E+04 0.15298721E+02 -.28001976E+04 0.42269813E+03 -.26997821E+08
