 Creating tables for Cc-Cc Tersoff potential
    -----> MD RUN:
NSTEP = 1000000 (Number of steps)
dt = 0.00010 (Integration time step in [psec])
KFLAG = 6 (1-Quench, 2-Velocity distribution, 5-Constant Temperature)
LFLAG = 1 (1-Constant Pressure)
KEYBS = 3 (0-pair potential, 1-Stillinger Weber, 2-EAM, 3-Tersoff)
LIDX = 1 (1-periodicity in X direction,0-free boundaries)
LIDY = 1 (1-periodicity in Y direction,0-free boundaries)
LIDZ = 0 (1-periodicity in Z direction,0-free boundaries)
KBOUND =  1 (0-Free,1-rigid)
dim =  3 (3 - 3D simulation,2- 2D simulation)
T0 =  300.0 (Temperature distributed by VEL,[K])
P0 =    0.0 (Desired pressure in con. pressure control,[GPa])
NEWTAB =  50 (Step of neighbors list renewal)
NEPRT = 5000 (Step of printing output information)
NWRITE =  1000 (Step of writing output information)
Ngather =  200 (Step of gathering molecules to the comp. cell)
RSkin =  2.000 (Skin depth in neighbor list calculation [A])
 
    -----> MATERIAL:
XL = 0.35892D+02 (X size of the computational cell [A])
YL = 0.35892D+02 (Y size of the computational cell [A])
ZL = 0.24617D+02 (Z size of the computational cell [A])
DENSM = 0.25094D+00 (Density of the material [gm/cm3])
DENSN = 0.12582D+23 (Density of the material [molec./cm3])
Natoms =    399 (Number of particles in the computational cell)
NTYPE =  2 (Number of particle types)
 
    -----> TYPES OF PARTICLES:
Type  1:   399 particles.  mass = 0.12011D+02 [amu].
Type  2:     0 particles.  mass = 0.00000D+00 [amu].
 
  Step     time     Energy      Kinetic    Potential  Temperature    Pressure
     0 0.00000000E+00 -.27848751E+04 0.15298985E+02 -.28001740E+04 0.42270544E+03 -.27332404E+08
  5000 0.50000000E+00 -.27876725E+04 0.14570001E+02 -.28022425E+04 0.40256387E+03 -.10230922E+09
 10000 0.10000000E+01 -.27908149E+04 0.14728268E+02 -.28055431E+04 0.40693673E+03 -.17669165E+09
 15000 0.15000000E+01 -.27941755E+04 0.13564324E+02 -.28077398E+04 0.37477737E+03 -.29543187E+09
 20000 0.20000000E+01 -.27976946E+04 0.13818121E+02 -.28115128E+04 0.38178971E+03 -.35291504E+09
 25000 0.25000000E+01 -.28012871E+04 0.14070832E+02 -.28153579E+04 0.38877200E+03 -.39660675E+09
 30000 0.30000000E+01 -.28048924E+04 0.13276625E+02 -.28181690E+04 0.36682836E+03 -.46363855E+09
 35000 0.35000000E+01 -.28084242E+04 0.13118102E+02 -.28215423E+04 0.36244843E+03 -.49862851E+09
 40000 0.40000000E+01 -.28117869E+04 0.11849082E+02 -.28236360E+04 0.32738587E+03 -.54528065E+09
 45000 0.45000000E+01 -.28149223E+04 0.11812170E+02 -.28267344E+04 0.32636599E+03 -.59829733E+09
 50000 0.50000000E+01 -.28177744E+04 0.11666503E+02 -.28294409E+04 0.32234125E+03 -.61038151E+09
 55000 0.55000000E+01 -.28202679E+04 0.11593750E+02 -.28318616E+04 0.32033113E+03 -.64325984E+09
 60000 0.60000000E+01 -.28223137E+04 0.11943237E+02 -.28342570E+04 0.32998733E+03 -.66911052E+09
 65000 0.65000000E+01 -.28238700E+04 0.11348334E+02 -.28352183E+04 0.31355038E+03 -.69752976E+09
 70000 0.70000000E+01 -.28248717E+04 0.10675198E+02 -.28355469E+04 0.29495188E+03 -.68246320E+09
 75000 0.75000000E+01 -.28253014E+04 0.11065710E+02 -.28363671E+04 0.30574158E+03 -.69496050E+09
 80000 0.80000000E+01 -.28250861E+04 0.11679043E+02 -.28367651E+04 0.32268774E+03 -.72393756E+09
 85000 0.85000000E+01 -.28242142E+04 0.10620129E+02 -.28348344E+04 0.29343032E+03 -.68391538E+09
 90000 0.90000000E+01 -.28226868E+04 0.10571534E+02 -.28332583E+04 0.29208766E+03 -.66977048E+09
 95000 0.95000000E+01 -.28204603E+04 0.11032647E+02 -.28314929E+04 0.30482806E+03 -.72961466E+09
100000 0.10000000E+02 -.28175471E+04 0.11155584E+02 -.28287026E+04 0.30822476E+03 -.73500971E+09
105000 0.10500000E+02 -.28139638E+04 0.10358241E+02 -.28243220E+04 0.28619447E+03 -.69990644E+09
110000 0.11000000E+02 -.28097119E+04 0.10286857E+02 -.28199988E+04 0.28422216E+03 -.68759251E+09
115000 0.11500000E+02 -.28048246E+04 0.10549015E+02 -.28153736E+04 0.29146547E+03 -.70660670E+09
120000 0.12000000E+02 -.27993495E+04 0.10152809E+02 -.28095023E+04 0.28051844E+03 -.66541564E+09
125000 0.12500000E+02 -.27932976E+04 0.10597611E+02 -.28038952E+04 0.29280817E+03 -.64074903E+09
130000 0.13000000E+02 -.27867242E+04 0.10454276E+02 -.27971785E+04 0.28884786E+03 -.64608629E+09
135000 0.13500000E+02 -.27797008E+04 0.10901140E+02 -.27906020E+04 0.30119455E+03 -.60960695E+09
140000 0.14000000E+02 -.27722325E+04 0.10878302E+02 -.27831108E+04 0.30056357E+03 -.59604821E+09
145000 0.14500000E+02 -.27643592E+04 0.10628397E+02 -.27749876E+04 0.29365877E+03 -.57442291E+09
150000 0.15000000E+02 -.27561624E+04 0.10415192E+02 -.27665776E+04 0.28776801E+03 -.58452900E+09
155000 0.15500000E+02 -.27476343E+04 0.10650911E+02 -.27582852E+04 0.29428083E+03 -.54995723E+09
160000 0.16000000E+02 -.27388377E+04 0.10054983E+02 -.27488927E+04 0.27781554E+03 -.50560410E+09
165000 0.16500000E+02 -.27297914E+04 0.10194125E+02 -.27399856E+04 0.28166001E+03 -.50858740E+09
170000 0.17000000E+02 -.27205654E+04 0.10410043E+02 -.27309755E+04 0.28762572E+03 -.51868583E+09
175000 0.17500000E+02 -.27111519E+04 0.10942568E+02 -.27220945E+04 0.30233919E+03 -.47559647E+09
180000 0.18000000E+02 -.27015952E+04 0.10689331E+02 -.27122845E+04 0.29534235E+03 -.46361168E+09
185000 0.18500000E+02 -.26918862E+04 0.99699075E+01 -.27018561E+04 0.27546495E+03 -.40973869E+09
190000 0.19000000E+02 -.26820839E+04 0.10263267E+02 -.26923472E+04 0.28357036E+03 -.43484985E+09
195000 0.19500000E+02 -.26723041E+04 0.10159342E+02 -.26824635E+04 0.28069895E+03 -.40624469E+09
200000 0.20000000E+02 -.26623333E+04 0.98103462E+01 -.26721437E+04 0.27105633E+03 -.33023173E+09
205000 0.20500000E+02 -.26523441E+04 0.10495055E+02 -.26628392E+04 0.28997459E+03 -.40885972E+09
210000 0.21000000E+02 -.26423581E+04 0.10382149E+02 -.26527402E+04 0.28685503E+03 -.40779889E+09
215000 0.21500000E+02 -.26322655E+04 0.10111520E+02 -.26423770E+04 0.27937766E+03 -.35783229E+09
220000 0.22000000E+02 -.26221841E+04 0.99307937E+01 -.26321149E+04 0.27438425E+03 -.30885757E+09
225000 0.22500000E+02 -.26119117E+04 0.96724138E+01 -.26215842E+04 0.26724530E+03 -.36586307E+09
230000 0.23000000E+02 -.26004656E+04 0.10950941E+02 -.26114165E+04 0.30257054E+03 -.47241746E+09
235000 0.23500000E+02 -.25876116E+04 0.10061810E+02 -.25976734E+04 0.27800417E+03 -.50806038E+09
240000 0.24000000E+02 -.25732902E+04 0.10087956E+02 -.25833782E+04 0.27872658E+03 -.57528768E+09
245000 0.24500000E+02 -.25576081E+04 0.10485278E+02 -.25680934E+04 0.28970446E+03 -.67139429E+09
250000 0.25000000E+02 -.25405681E+04 0.10373612E+02 -.25509417E+04 0.28661917E+03 -.74619158E+09
255000 0.25500000E+02 -.25222712E+04 0.99107348E+01 -.25321819E+04 0.27383003E+03 -.76818958E+09
260000 0.26000000E+02 -.25025797E+04 0.95516259E+01 -.25121313E+04 0.26390798E+03 -.82272744E+09
265000 0.26500000E+02 -.24815348E+04 0.96115211E+01 -.24911463E+04 0.26556286E+03 -.96659394E+09
270000 0.27000000E+02 -.24591772E+04 0.97376291E+01 -.24689149E+04 0.26904718E+03 -.10142532E+10
275000 0.27500000E+02 -.24355219E+04 0.10281992E+02 -.24458039E+04 0.28408774E+03 -.10117445E+10
280000 0.28000000E+02 -.24106386E+04 0.10397547E+02 -.24210361E+04 0.28728047E+03 -.11096605E+10
285000 0.28500000E+02 -.23844208E+04 0.98700596E+01 -.23942908E+04 0.27270619E+03 -.11811500E+10
290000 0.29000000E+02 -.23571547E+04 0.94486877E+01 -.23666034E+04 0.26106383E+03 -.12108807E+10
295000 0.29500000E+02 -.23285427E+04 0.93845077E+01 -.23379272E+04 0.25929056E+03 -.12238412E+10
300000 0.30000000E+02 -.22988719E+04 0.91497658E+01 -.23080217E+04 0.25280473E+03 -.14063349E+10
305000 0.30500000E+02 -.22680553E+04 0.97926621E+01 -.22778480E+04 0.27056772E+03 -.14134448E+10
310000 0.31000000E+02 -.22361517E+04 0.95751463E+01 -.22457268E+04 0.26455784E+03 -.14382354E+10
315000 0.31500000E+02 -.22020909E+04 0.92411743E+01 -.22113321E+04 0.25533031E+03 -.16395097E+10
320000 0.32000000E+02 -.21878275E+04 0.99110377E+01 -.21977385E+04 0.27383839E+03 -.36345255E+08
325000 0.32500000E+02 -.21822307E+04 0.10159445E+02 -.21923901E+04 0.28070179E+03 -.13398500E+09
330000 0.33000000E+02 -.21762801E+04 0.92143650E+01 -.21854945E+04 0.25458958E+03 -.12318731E+09
335000 0.33500000E+02 -.21706366E+04 0.10407615E+02 -.21810442E+04 0.28755866E+03 -.12048660E+09
340000 0.34000000E+02 -.21647829E+04 0.10348907E+02 -.21751318E+04 0.28593656E+03 0.14467496E+08
345000 0.34500000E+02 -.21590816E+04 0.10610906E+02 -.21696925E+04 0.29317550E+03 0.49789313E+08
350000 0.35000000E+02 -.21530768E+04 0.10281131E+02 -.21633580E+04 0.28406395E+03 -.50728202E+08
355000 0.35500000E+02 -.21474024E+04 0.10687719E+02 -.21580902E+04 0.29529783E+03 0.28355556E+07
360000 0.36000000E+02 -.21413483E+04 0.10706720E+02 -.21520550E+04 0.29582282E+03 -.47140342E+08
365000 0.36500000E+02 -.21354365E+04 0.97643637E+01 -.21452008E+04 0.26978585E+03 0.15925663E+08
370000 0.37000000E+02 -.21294928E+04 0.10287680E+02 -.21397805E+04 0.28424488E+03 0.69315349E+08
375000 0.37500000E+02 -.21234892E+04 0.10218372E+02 -.21337076E+04 0.28232992E+03 -.14167799E+09
380000 0.38000000E+02 -.21177124E+04 0.10580415E+02 -.21282928E+04 0.29233305E+03 0.35189594E+08
385000 0.38500000E+02 -.21114561E+04 0.10417143E+02 -.21218732E+04 0.28782189E+03 -.12966339E+09
390000 0.39000000E+02 -.21053281E+04 0.10802736E+02 -.21161308E+04 0.29847569E+03 0.44459479E+08
395000 0.39500000E+02 -.20992516E+04 0.10615475E+02 -.21098671E+04 0.29330174E+03 -.19905186E+08
400000 0.40000000E+02 -.20929997E+04 0.10692025E+02 -.21036918E+04 0.29541680E+03 -.16573994E+09
405000 0.40500000E+02 -.20866954E+04 0.10266787E+02 -.20969622E+04 0.28366762E+03 -.43076205E+08
410000 0.41000000E+02 -.20805102E+04 0.11061559E+02 -.20915717E+04 0.30562689E+03 0.47853307E+08
415000 0.41500000E+02 -.20742055E+04 0.98339455E+01 -.20840394E+04 0.27170837E+03 -.20299971E+09
420000 0.42000000E+02 -.20677013E+04 0.10689286E+02 -.20783905E+04 0.29534112E+03 -.88960573E+06
425000 0.42500000E+02 -.20616239E+04 0.10567461E+02 -.20721913E+04 0.29197515E+03 -.10772520E+08
430000 0.43000000E+02 -.20551502E+04 0.10416727E+02 -.20655669E+04 0.28781041E+03 0.19131385E+08
435000 0.43500000E+02 -.20486717E+04 0.10902531E+02 -.20595742E+04 0.30123300E+03 0.73210418E+08
440000 0.44000000E+02 -.20422167E+04 0.99315032E+01 -.20521482E+04 0.27440385E+03 0.38657166E+08
445000 0.44500000E+02 -.20356228E+04 0.10486236E+02 -.20461091E+04 0.28973091E+03 -.11724648E+09
450000 0.45000000E+02 -.20292215E+04 0.10607782E+02 -.20398293E+04 0.29308920E+03 0.10206128E+08
455000 0.45500000E+02 -.20226095E+04 0.10590725E+02 -.20332002E+04 0.29261792E+03 -.26474714E+08
460000 0.46000000E+02 -.20158495E+04 0.10835306E+02 -.20266849E+04 0.29937559E+03 0.76833677E+08
465000 0.46500000E+02 -.20091373E+04 0.10293868E+02 -.20194312E+04 0.28441585E+03 -.87470981E+08
470000 0.47000000E+02 -.20026646E+04 0.10405524E+02 -.20130701E+04 0.28750086E+03 0.88693529E+07
475000 0.47500000E+02 -.19957190E+04 0.10793069E+02 -.20065121E+04 0.29820859E+03 -.10051956E+09
480000 0.48000000E+02 -.19890421E+04 0.11168751E+02 -.20002108E+04 0.30858857E+03 0.18532449E+09
485000 0.48500000E+02 -.19821112E+04 0.10049187E+02 -.19921604E+04 0.27765540E+03 0.99440758E+08
490000 0.49000000E+02 -.19753120E+04 0.10943903E+02 -.19862559E+04 0.30237609E+03 -.27224463E+09
495000 0.49500000E+02 -.19682521E+04 0.11000549E+02 -.19792526E+04 0.30394120E+03 -.20524562E+08
500000 0.50000000E+02 -.19615518E+04 0.10431706E+02 -.19719835E+04 0.28822427E+03 0.22503092E+09
505000 0.50500000E+02 -.19542227E+04 0.11478890E+02 -.19657016E+04 0.31715760E+03 -.83624274E+08
510000 0.51000000E+02 -.19474195E+04 0.10831948E+02 -.19582515E+04 0.29928282E+03 0.19547237E+08
515000 0.51500000E+02 -.19401575E+04 0.10977716E+02 -.19511352E+04 0.30331033E+03 -.45279529E+08
520000 0.52000000E+02 -.19329321E+04 0.10286106E+02 -.19432182E+04 0.28420140E+03 -.53896003E+08
525000 0.52500000E+02 -.19258035E+04 0.10637359E+02 -.19364409E+04 0.29390639E+03 -.11713786E+09
530000 0.53000000E+02 -.19185123E+04 0.10661999E+02 -.19291743E+04 0.29458717E+03 -.11630154E+09
535000 0.53500000E+02 -.19110548E+04 0.10445465E+02 -.19215002E+04 0.28860444E+03 0.12696335E+09
540000 0.54000000E+02 -.19036742E+04 0.13580314E+02 -.19172546E+04 0.37521919E+03 -.29521499E+08
545000 0.54500000E+02 -.19705120E+04 0.11889728E+03 -.20894093E+04 0.32850891E+04 0.27782762E+10
550000 0.55000000E+02 -.20348644E+04 0.14437512E+03 -.21792395E+04 0.39890326E+04 0.21766244E+10
555000 0.55500000E+02 -.20965759E+04 0.13555934E+03 -.22321352E+04 0.37454557E+04 0.34830268E+10
560000 0.56000000E+02 -.21553815E+04 0.12003338E+03 -.22754148E+04 0.33164789E+04 0.25764787E+10
565000 0.56500000E+02 -.22083346E+04 0.98059414E+02 -.23063940E+04 0.27093462E+04 0.21149714E+10
570000 0.57000000E+02 -.22582689E+04 0.93458376E+02 -.23517272E+04 0.25822212E+04 0.21245345E+10
575000 0.57500000E+02 -.23044611E+04 0.85541588E+02 -.23900027E+04 0.23634832E+04 0.21092813E+10
580000 0.58000000E+02 -.23469999E+04 0.79844192E+02 -.24268441E+04 0.22060662E+04 0.15221213E+10
585000 0.58500000E+02 -.23825814E+04 0.77682809E+02 -.24602642E+04 0.21463480E+04 0.18460929E+10
590000 0.59000000E+02 -.24099436E+04 0.69688946E+02 -.24796326E+04 0.19254804E+04 0.95543413E+09
595000 0.59500000E+02 -.24317752E+04 0.68739561E+02 -.25005148E+04 0.18992493E+04 0.10728227E+10
600000 0.60000000E+02 -.24500618E+04 0.57571911E+02 -.25076337E+04 0.15906911E+04 0.30581017E+09
605000 0.60500000E+02 -.24649137E+04 0.57396315E+02 -.25223101E+04 0.15858395E+04 0.58171055E+09
610000 0.61000000E+02 -.24778287E+04 0.48227953E+02 -.25260567E+04 0.13325209E+04 0.28082089E+09
615000 0.61500000E+02 -.24885359E+04 0.46047734E+02 -.25345836E+04 0.12722823E+04 0.46757542E+09
620000 0.62000000E+02 -.24980872E+04 0.40533694E+02 -.25386209E+04 0.11199313E+04 0.17097720E+09
625000 0.62500000E+02 -.25059148E+04 0.37459495E+02 -.25433743E+04 0.10349923E+04 0.48274060E+09
630000 0.63000000E+02 -.25133821E+04 0.40529708E+02 -.25539118E+04 0.11198212E+04 -.70529375E+08
635000 0.63500000E+02 -.25199880E+04 0.32462209E+02 -.25524502E+04 0.89691912E+03 0.27899169E+09
640000 0.64000000E+02 -.25256258E+04 0.31200423E+02 -.25568262E+04 0.86205642E+03 0.15532078E+08
645000 0.64500000E+02 -.25307318E+04 0.29626244E+02 -.25603581E+04 0.81856242E+03 0.45061781E+08
650000 0.65000000E+02 -.25351794E+04 0.28282197E+02 -.25634616E+04 0.78142690E+03 0.56013383E+08
655000 0.65500000E+02 -.25389060E+04 0.24481808E+02 -.25633878E+04 0.67642351E+03 0.91223363E+08
660000 0.66000000E+02 -.25422620E+04 0.22327191E+02 -.25645891E+04 0.61689222E+03 0.12889894E+09
665000 0.66500000E+02 -.25450168E+04 0.21798310E+02 -.25668151E+04 0.60227944E+03 0.50230690E+08
670000 0.67000000E+02 -.25475794E+04 0.21214822E+02 -.25687942E+04 0.58615789E+03 -.15720945E+08
675000 0.67500000E+02 -.25496668E+04 0.19288053E+02 -.25689549E+04 0.53292194E+03 0.93699458E+08
680000 0.68000000E+02 -.25517105E+04 0.18091381E+02 -.25698018E+04 0.49985832E+03 -.12382101E+09
685000 0.68500000E+02 -.25533073E+04 0.17538548E+02 -.25708458E+04 0.48458376E+03 0.72329672E+08
690000 0.69000000E+02 -.25546944E+04 0.17141149E+02 -.25718355E+04 0.47360375E+03 0.99899826E+08
695000 0.69500000E+02 -.25558743E+04 0.16763903E+02 -.25726382E+04 0.46318058E+03 -.91381776E+07
700000 0.70000000E+02 -.25568597E+04 0.14760013E+02 -.25716197E+04 0.40781382E+03 0.47526627E+08
705000 0.70500000E+02 -.25576941E+04 0.14037105E+02 -.25717312E+04 0.38784015E+03 0.25526717E+08
710000 0.71000000E+02 -.25584590E+04 0.14613899E+02 -.25730729E+04 0.40377675E+03 -.98227012E+08
715000 0.71500000E+02 -.25590397E+04 0.16039811E+02 -.25750795E+04 0.44317420E+03 0.15156654E+08
720000 0.72000000E+02 -.25595240E+04 0.13024776E+02 -.25725488E+04 0.35986985E+03 -.30292655E+08
725000 0.72500000E+02 -.25599331E+04 0.14077527E+02 -.25740107E+04 0.38895700E+03 0.54794963E+08
730000 0.73000000E+02 -.25602914E+04 0.14104025E+02 -.25743954E+04 0.38968912E+03 -.85964129E+08
735000 0.73500000E+02 -.25606219E+04 0.12540761E+02 -.25731626E+04 0.34649670E+03 -.43704848E+08
740000 0.74000000E+02 -.25607351E+04 0.12667798E+02 -.25734029E+04 0.35000670E+03 0.81358997E+08
745000 0.74500000E+02 -.25609387E+04 0.12624477E+02 -.25735632E+04 0.34880974E+03 -.64340557E+08
750000 0.75000000E+02 -.25610061E+04 0.11786190E+02 -.25727923E+04 0.32564817E+03 0.56028777E+08
755000 0.75500000E+02 -.25610516E+04 0.11749006E+02 -.25728006E+04 0.32462080E+03 -.79183521E+08
760000 0.76000000E+02 -.25610617E+04 0.11349878E+02 -.25724116E+04 0.31359305E+03 -.11447965E+08
765000 0.76500000E+02 -.25610043E+04 0.11915902E+02 -.25729202E+04 0.32923208E+03 0.48493171E+08
770000 0.77000000E+02 -.25610103E+04 0.11627598E+02 -.25726379E+04 0.32126632E+03 -.64210683E+08
775000 0.77500000E+02 -.25608909E+04 0.11661924E+02 -.25725528E+04 0.32221474E+03 -.41218992E+08
780000 0.78000000E+02 -.25608093E+04 0.11041185E+02 -.25718505E+04 0.30506396E+03 -.50443539E+08
785000 0.78500000E+02 -.25606928E+04 0.10854798E+02 -.25715476E+04 0.29991415E+03 -.44913108E+08
790000 0.79000000E+02 -.25604917E+04 0.11840274E+02 -.25723320E+04 0.32714250E+03 -.11041015E+08
795000 0.79500000E+02 -.25604387E+04 0.11200075E+02 -.25716388E+04 0.30945403E+03 -.12625968E+09
800000 0.80000000E+02 -.25602385E+04 0.11295842E+02 -.25715344E+04 0.31210004E+03 0.86676610E+08
805000 0.80500000E+02 -.25600861E+04 0.10919578E+02 -.25710057E+04 0.30170401E+03 -.85899274E+08
810000 0.81000000E+02 -.25599201E+04 0.10753415E+02 -.25706735E+04 0.29711299E+03 0.61796526E+08
815000 0.81500000E+02 -.25596997E+04 0.11554242E+02 -.25712539E+04 0.31923953E+03 -.65112171E+08
820000 0.82000000E+02 -.25595641E+04 0.11103086E+02 -.25706672E+04 0.30677425E+03 0.54423277E+08
825000 0.82500000E+02 -.25593083E+04 0.10568116E+02 -.25698764E+04 0.29199324E+03 -.52357638E+08
830000 0.83000000E+02 -.25591849E+04 0.10693892E+02 -.25698788E+04 0.29546837E+03 0.40922644E+08
835000 0.83500000E+02 -.25589163E+04 0.11152720E+02 -.25700690E+04 0.30814563E+03 0.15130661E+09
840000 0.84000000E+02 -.25586690E+04 0.11258660E+02 -.25699277E+04 0.31107270E+03 -.65163227E+08
845000 0.84500000E+02 -.25585313E+04 0.11401569E+02 -.25699329E+04 0.31502124E+03 -.12926696E+08
850000 0.85000000E+02 -.25582027E+04 0.10741679E+02 -.25689444E+04 0.29678871E+03 0.31555077E+08
855000 0.85500000E+02 -.25580148E+04 0.11540989E+02 -.25695558E+04 0.31887337E+03 -.30094569E+07
860000 0.86000000E+02 -.25577737E+04 0.11312859E+02 -.25690865E+04 0.31257020E+03 0.72396861E+08
865000 0.86500000E+02 -.25575557E+04 0.10667291E+02 -.25682230E+04 0.29473341E+03 0.10395701E+08
870000 0.87000000E+02 -.25573696E+04 0.10763608E+02 -.25681332E+04 0.29739460E+03 0.28323740E+08
875000 0.87500000E+02 -.25570437E+04 0.10517114E+02 -.25675608E+04 0.29058405E+03 -.38088308E+07
880000 0.88000000E+02 -.25569179E+04 0.10931420E+02 -.25678494E+04 0.30203119E+03 -.61673567E+08
885000 0.88500000E+02 -.25565837E+04 0.11092580E+02 -.25676763E+04 0.30648398E+03 -.47148302E+08
890000 0.89000000E+02 -.25564175E+04 0.98729281E+01 -.25662904E+04 0.27278544E+03 -.51546994E+08
895000 0.89500000E+02 -.25561319E+04 0.11652394E+02 -.25677843E+04 0.32195144E+03 0.21983610E+08
900000 0.90000000E+02 -.25559389E+04 0.10950885E+02 -.25668898E+04 0.30256901E+03 -.56238557E+08
905000 0.90500000E+02 -.25557819E+04 0.10991932E+02 -.25667739E+04 0.30370312E+03 -.52621289E+08
910000 0.91000000E+02 -.25554206E+04 0.10830710E+02 -.25662513E+04 0.29924862E+03 -.67104874E+08
915000 0.91500000E+02 -.25552977E+04 0.11035884E+02 -.25663336E+04 0.30491749E+03 -.75846471E+08
920000 0.92000000E+02 -.25549751E+04 0.10650059E+02 -.25656251E+04 0.29425727E+03 -.15766362E+08
925000 0.92500000E+02 -.25547563E+04 0.10743543E+02 -.25654999E+04 0.29684021E+03 -.14253266E+09
930000 0.93000000E+02 -.25545395E+04 0.11106874E+02 -.25656463E+04 0.30687891E+03 0.17610879E+08
935000 0.93500000E+02 -.25542339E+04 0.10791206E+02 -.25650251E+04 0.29815714E+03 -.34623468E+08
940000 0.94000000E+02 -.25541387E+04 0.11198987E+02 -.25653377E+04 0.30942398E+03 -.23447126E+08
945000 0.94500000E+02 -.25538150E+04 0.99573753E+01 -.25637724E+04 0.27511869E+03 0.47293315E+08
950000 0.95000000E+02 -.25536052E+04 0.11166369E+02 -.25647716E+04 0.30852275E+03 -.12557014E+09
955000 0.95500000E+02 -.25533911E+04 0.10831171E+02 -.25642223E+04 0.29926135E+03 0.15190520E+08
960000 0.96000000E+02 -.25531022E+04 0.10453713E+02 -.25635559E+04 0.28883231E+03 -.45071702E+08
965000 0.96500000E+02 -.25529134E+04 0.11133532E+02 -.25640469E+04 0.30761547E+03 0.46284572E+08
970000 0.97000000E+02 -.25526196E+04 0.11520844E+02 -.25641404E+04 0.31831675E+03 0.15064526E+08
975000 0.97500000E+02 -.25524307E+04 0.11569214E+02 -.25639999E+04 0.31965320E+03 -.13859750E+09
980000 0.98000000E+02 -.25522281E+04 0.11187803E+02 -.25634159E+04 0.30911495E+03 0.16445703E+09
985000 0.98500000E+02 -.25519312E+04 0.10968315E+02 -.25628995E+04 0.30305058E+03 -.74239820E+07
990000 0.99000000E+02 -.25517834E+04 0.11165724E+02 -.25629491E+04 0.30850493E+03 0.17055870E+08
995000 0.99500000E+02 -.25514733E+04 0.10709857E+02 -.25621831E+04 0.29590948E+03 0.96502042E+08
****** 0.10000000E+03 -.25513051E+04 0.11098763E+02 -.25624038E+04 0.30665482E+03 -.78088816E+08
