 Creating tables for Cc-Cc Tersoff potential
    -----> MD RUN:
NSTEP = 1000000 (Number of steps)
dt = 0.00050 (Integration time step in [psec])
KFLAG = 2 (1-Quench, 2-Velocity distribution, 5-Constant Temperature)
LFLAG = 1 (1-Constant Pressure)
KEYBS = 3 (0-pair potential, 1-Stillinger Weber, 2-EAM, 3-Tersoff)
LIDX = 1 (1-periodicity in X direction,0-free boundaries)
LIDY = 1 (1-periodicity in Y direction,0-free boundaries)
LIDZ = 0 (1-periodicity in Z direction,0-free boundaries)
KBOUND =  1 (0-Free,1-rigid)
dim =  3 (3 - 3D simulation,2- 2D simulation)
T0 =  300.0 (Temperature distributed by VEL,[K])
P0 =    0.0 (Desired pressure in con. pressure control,[GPa])
NEWTAB =  50 (Step of neighbors list renewal)
NEPRT = 5000 (Step of printing output information)
NWRITE = 10000 (Step of writing output information)
Ngather =  200 (Step of gathering molecules to the comp. cell)
RSkin =  2.000 (Skin depth in neighbor list calculation [A])
 
    -----> MATERIAL:
XL = 0.31814D+02 (X size of the computational cell [A])
YL = 0.31757D+02 (Y size of the computational cell [A])
ZL = 0.43166D+02 (Z size of the computational cell [A])
DENSM = 0.31097D+00 (Density of the material [gm/cm3])
DENSN = 0.15592D+23 (Density of the material [molec./cm3])
Natoms =    680 (Number of particles in the computational cell)
NTYPE =  2 (Number of particle types)
 
    -----> TYPES OF PARTICLES:
Type  1:   680 particles.  mass = 0.12011D+02 [amu].
Type  2:     0 particles.  mass = 0.00000D+00 [amu].
 
  Step     time     Energy      Kinetic    Potential  Temperature    Pressure
     0 0.00000000E+00 -.47803924E+04 0.45074970E+02 -.48254673E+04 0.60331046E+03 0.30143437E+10
  5000 0.25000000E+01 -.47845035E+04 0.30076140E+02 -.48145796E+04 0.40255712E+03 0.13459891E+10
 10000 0.50000000E+01 -.47793901E+04 0.30639992E+02 -.48100301E+04 0.41010405E+03 0.10521230E+10
 15000 0.75000000E+01 -.47717918E+04 0.30989121E+02 -.48027809E+04 0.41477700E+03 0.87297062E+09
 20000 0.10000000E+02 -.47635101E+04 0.30080921E+02 -.47935910E+04 0.40262111E+03 0.73893803E+09
 25000 0.12500000E+02 -.47554093E+04 0.31788286E+02 -.47871975E+04 0.42547350E+03 0.60707157E+09
 30000 0.15000000E+02 -.47479737E+04 0.33383784E+02 -.47813575E+04 0.44682860E+03 0.46509563E+09
 35000 0.17500000E+02 -.47413641E+04 0.32166808E+02 -.47735309E+04 0.43053986E+03 0.38840607E+09
 40000 0.20000000E+02 -.47355178E+04 0.32238668E+02 -.47677564E+04 0.43150169E+03 0.36598132E+09
 45000 0.22500000E+02 -.47305084E+04 0.32438154E+02 -.47629465E+04 0.43417172E+03 0.27356485E+09
 50000 0.25000000E+02 -.47262535E+04 0.32509601E+02 -.47587631E+04 0.43512802E+03 0.27069329E+09
 55000 0.27500000E+02 -.47225885E+04 0.31303419E+02 -.47538920E+04 0.41898374E+03 0.18376240E+09
 60000 0.30000000E+02 -.47195298E+04 0.32957704E+02 -.47524875E+04 0.44112570E+03 0.12813832E+09
 65000 0.32500000E+02 -.47169118E+04 0.32426356E+02 -.47493381E+04 0.43401381E+03 0.12378181E+09
 70000 0.35000000E+02 -.47146916E+04 0.33272250E+02 -.47479638E+04 0.44533577E+03 0.13152296E+09
 75000 0.37500000E+02 -.47128161E+04 0.33249772E+02 -.47460659E+04 0.44503491E+03 0.65016910E+08
 80000 0.40000000E+02 -.47112656E+04 0.32315371E+02 -.47435810E+04 0.43252832E+03 0.92485527E+08
 85000 0.42500000E+02 -.47099386E+04 0.33202858E+02 -.47431414E+04 0.44440698E+03 0.70090164E+08
 90000 0.45000000E+02 -.47088716E+04 0.32582694E+02 -.47414543E+04 0.43610634E+03 0.72860327E+08
 95000 0.47500000E+02 -.47079082E+04 0.32574765E+02 -.47404830E+04 0.43600021E+03 0.60200593E+08
100000 0.50000000E+02 -.47071081E+04 0.32786642E+02 -.47398948E+04 0.43883609E+03 0.63152449E+08
105000 0.52500000E+02 -.47064015E+04 0.33272856E+02 -.47396744E+04 0.44534388E+03 0.43365931E+08
110000 0.55000000E+02 -.47057278E+04 0.33280394E+02 -.47390082E+04 0.44544477E+03 -.21455800E+07
115000 0.57500000E+02 -.47051727E+04 0.32663831E+02 -.47378366E+04 0.43719232E+03 0.10614426E+08
120000 0.60000000E+02 -.47046993E+04 0.32025035E+02 -.47367244E+04 0.42864229E+03 -.12574740E+08
125000 0.62500000E+02 -.47043268E+04 0.33844562E+02 -.47381714E+04 0.45299593E+03 0.37590658E+07
130000 0.65000000E+02 -.47039997E+04 0.33855870E+02 -.47378555E+04 0.45314729E+03 0.96958280E+07
135000 0.67500000E+02 -.47037028E+04 0.34278434E+02 -.47379812E+04 0.45880313E+03 0.34252675E+08
140000 0.70000000E+02 -.47034344E+04 0.31442145E+02 -.47348765E+04 0.42084054E+03 0.25535881E+08
145000 0.72500000E+02 -.47032469E+04 0.33763653E+02 -.47370106E+04 0.45191300E+03 -.81529159E+07
150000 0.75000000E+02 -.47030847E+04 0.33108032E+02 -.47361927E+04 0.44313778E+03 0.28632472E+07
155000 0.77500000E+02 -.47029305E+04 0.33441612E+02 -.47363721E+04 0.44760262E+03 -.14661294E+07
160000 0.80000000E+02 -.47028443E+04 0.33644879E+02 -.47364891E+04 0.45032326E+03 -.33206136E+07
165000 0.82500000E+02 -.47027626E+04 0.31892575E+02 -.47346551E+04 0.42686936E+03 -.81958389E+07
170000 0.85000000E+02 -.47026635E+04 0.33750941E+02 -.47364145E+04 0.45174286E+03 -.75269004E+07
175000 0.87500000E+02 -.47026165E+04 0.34685468E+02 -.47373019E+04 0.46425113E+03 0.28337777E+08
180000 0.90000000E+02 -.47025450E+04 0.32498934E+02 -.47350439E+04 0.43498524E+03 -.16204111E+08
185000 0.92500000E+02 -.47025235E+04 0.33717027E+02 -.47362405E+04 0.45128893E+03 0.12198582E+08
190000 0.95000000E+02 -.47024715E+04 0.32758036E+02 -.47352295E+04 0.43845321E+03 -.68809592E+07
195000 0.97500000E+02 -.47024575E+04 0.34731924E+02 -.47371894E+04 0.46487292E+03 -.12361461E+08
200000 0.10000000E+03 -.47024500E+04 0.33816398E+02 -.47362664E+04 0.45261896E+03 -.59292079E+08
205000 0.10250000E+03 -.47024070E+04 0.33633769E+02 -.47360408E+04 0.45017455E+03 -.16789599E+08
210000 0.10500000E+03 -.47023726E+04 0.33671364E+02 -.47360439E+04 0.45067775E+03 -.63818779E+07
215000 0.10750000E+03 -.47023303E+04 0.34001588E+02 -.47363319E+04 0.45509766E+03 -.17875181E+08
220000 0.11000000E+03 -.47023029E+04 0.33471078E+02 -.47357740E+04 0.44799700E+03 0.23147933E+08
225000 0.11250000E+03 -.47021974E+04 0.32804213E+02 -.47350016E+04 0.43907127E+03 -.33673203E+08
230000 0.11500000E+03 -.47021289E+04 0.33137596E+02 -.47352665E+04 0.44353348E+03 0.18650495E+08
235000 0.11750000E+03 -.47020545E+04 0.34816439E+02 -.47368710E+04 0.46600412E+03 -.21936114E+08
240000 0.12000000E+03 -.47020396E+04 0.35740466E+02 -.47377800E+04 0.47837186E+03 0.39514575E+08
245000 0.12250000E+03 -.47019646E+04 0.32885619E+02 -.47348502E+04 0.44016086E+03 0.36717402E+08
250000 0.12500000E+03 -.47019182E+04 0.33653933E+02 -.47355721E+04 0.45044444E+03 -.14276184E+08
255000 0.12750000E+03 -.47017709E+04 0.35000854E+02 -.47367718E+04 0.46847244E+03 0.25136400E+08
260000 0.13000000E+03 -.47017103E+04 0.33907400E+02 -.47356177E+04 0.45383699E+03 0.18533878E+08
265000 0.13250000E+03 -.47015377E+04 0.33584146E+02 -.47351218E+04 0.44951036E+03 -.50477160E+07
270000 0.13500000E+03 -.47014535E+04 0.33535148E+02 -.47349886E+04 0.44885455E+03 -.12252721E+08
275000 0.13750000E+03 -.47013360E+04 0.31864362E+02 -.47332004E+04 0.42649174E+03 0.49636887E+07
280000 0.14000000E+03 -.47011610E+04 0.34685825E+02 -.47358468E+04 0.46425591E+03 0.26831511E+07
285000 0.14250000E+03 -.47010820E+04 0.33781437E+02 -.47348634E+04 0.45215103E+03 0.13955809E+08
290000 0.14500000E+03 -.47010976E+04 0.34685228E+02 -.47357829E+04 0.46424791E+03 -.31387805E+08
295000 0.14750000E+03 -.47011557E+04 0.32937505E+02 -.47340932E+04 0.44085534E+03 -.39760121E+08
300000 0.15000000E+03 -.47012121E+04 0.35597682E+02 -.47368097E+04 0.47646074E+03 -.83853710E+07
305000 0.15250000E+03 -.47012355E+04 0.34673438E+02 -.47359089E+04 0.46409010E+03 -.13911062E+08
310000 0.15500000E+03 -.47011922E+04 0.35211269E+02 -.47364035E+04 0.47128876E+03 0.13117879E+08
315000 0.15750000E+03 -.47012838E+04 0.34245141E+02 -.47355290E+04 0.45835752E+03 0.22450096E+08
320000 0.16000000E+03 -.47013203E+04 0.33442743E+02 -.47347630E+04 0.44761775E+03 -.15224639E+08
325000 0.16250000E+03 -.47013817E+04 0.33864058E+02 -.47352458E+04 0.45325688E+03 -.22624485E+08
330000 0.16500000E+03 -.47013803E+04 0.33757094E+02 -.47351374E+04 0.45182521E+03 0.14245267E+08
335000 0.16750000E+03 -.47012797E+04 0.35097976E+02 -.47363777E+04 0.46977238E+03 -.10637623E+08
340000 0.17000000E+03 -.47011841E+04 0.34151292E+02 -.47353354E+04 0.45710139E+03 -.48574074E+07
345000 0.17250000E+03 -.47010403E+04 0.34106444E+02 -.47351468E+04 0.45650112E+03 -.32015511E+07
350000 0.17500000E+03 -.47009837E+04 0.34269519E+02 -.47352532E+04 0.45868381E+03 0.98757240E+07
355000 0.17750000E+03 -.47009679E+04 0.33911785E+02 -.47348797E+04 0.45389569E+03 0.10572151E+08
360000 0.18000000E+03 -.47009296E+04 0.32933494E+02 -.47338631E+04 0.44080165E+03 -.17871922E+08
365000 0.18250000E+03 -.47009153E+04 0.35125433E+02 -.47360407E+04 0.47013989E+03 -.30681795E+07
370000 0.18500000E+03 -.47008913E+04 0.34570281E+02 -.47354616E+04 0.46270940E+03 0.27951234E+08
375000 0.18750000E+03 -.47009072E+04 0.33516493E+02 -.47344237E+04 0.44860486E+03 -.28038084E+08
380000 0.19000000E+03 -.47009342E+04 0.34476984E+02 -.47354112E+04 0.46146065E+03 0.36341347E+08
385000 0.19250000E+03 -.47008826E+04 0.35238693E+02 -.47361213E+04 0.47165582E+03 0.13159688E+08
390000 0.19500000E+03 -.47007702E+04 0.34663152E+02 -.47354333E+04 0.46395243E+03 -.93472903E+07
395000 0.19750000E+03 -.47007188E+04 0.34254584E+02 -.47349734E+04 0.45848392E+03 -.37458331E+08
400000 0.20000000E+03 -.47005874E+04 0.34298335E+02 -.47348857E+04 0.45906951E+03 -.31702341E+08
405000 0.20250000E+03 -.47005483E+04 0.34540652E+02 -.47350889E+04 0.46231283E+03 -.12257608E+08
410000 0.20500000E+03 -.47005833E+04 0.36027782E+02 -.47366111E+04 0.48221746E+03 -.35233972E+06
415000 0.20750000E+03 -.47006345E+04 0.34874874E+02 -.47355093E+04 0.46678625E+03 -.20170146E+08
420000 0.21000000E+03 -.47005783E+04 0.34690626E+02 -.47352689E+04 0.46432016E+03 -.17689949E+07
425000 0.21250000E+03 -.47004978E+04 0.35209776E+02 -.47357076E+04 0.47126878E+03 0.18922040E+08
430000 0.21500000E+03 -.47003359E+04 0.34782917E+02 -.47351188E+04 0.46555544E+03 -.20007262E+08
435000 0.21750000E+03 -.47002676E+04 0.34893606E+02 -.47351612E+04 0.46703697E+03 0.56291371E+07
440000 0.22000000E+03 -.47003087E+04 0.33018433E+02 -.47333272E+04 0.44193853E+03 -.96321375E+07
445000 0.22250000E+03 -.47003265E+04 0.35161041E+02 -.47354876E+04 0.47061648E+03 0.28553805E+07
450000 0.22500000E+03 -.47003526E+04 0.33637573E+02 -.47339902E+04 0.45022547E+03 -.18760939E+08
455000 0.22750000E+03 -.47003534E+04 0.34128194E+02 -.47344816E+04 0.45679224E+03 -.29303285E+08
460000 0.23000000E+03 -.47002899E+04 0.33608719E+02 -.47338986E+04 0.44983927E+03 -.59016026E+07
465000 0.23250000E+03 -.47001637E+04 0.35551264E+02 -.47357149E+04 0.47583946E+03 -.36549091E+07
470000 0.23500000E+03 -.47000666E+04 0.35181131E+02 -.47352477E+04 0.47088537E+03 -.36580169E+07
475000 0.23750000E+03 -.47000292E+04 0.35344304E+02 -.47353735E+04 0.47306938E+03 -.45328339E+08
480000 0.24000000E+03 -.47000195E+04 0.34619868E+02 -.47346393E+04 0.46337310E+03 -.47222487E+08
485000 0.24250000E+03 -.46999448E+04 0.33868222E+02 -.47338131E+04 0.45331261E+03 0.29563914E+07
490000 0.24500000E+03 -.46998963E+04 0.34024290E+02 -.47339206E+04 0.45540153E+03 0.21281370E+08
495000 0.24750000E+03 -.46998398E+04 0.35910080E+02 -.47357499E+04 0.48064206E+03 0.75267674E+07
500000 0.25000000E+03 -.46997839E+04 0.34184470E+02 -.47339684E+04 0.45754546E+03 -.35209822E+08
505000 0.25250000E+03 -.46997200E+04 0.34824625E+02 -.47345446E+04 0.46611368E+03 -.10616053E+08
510000 0.25500000E+03 -.46996941E+04 0.36391972E+02 -.47360861E+04 0.48709200E+03 -.25354089E+08
515000 0.25750000E+03 -.46996497E+04 0.34264581E+02 -.47339142E+04 0.45861772E+03 -.53960385E+07
520000 0.26000000E+03 -.46995298E+04 0.34927469E+02 -.47344573E+04 0.46749021E+03 0.17698425E+07
525000 0.26250000E+03 -.46994286E+04 0.34388219E+02 -.47338169E+04 0.46027256E+03 0.43246033E+07
530000 0.26500000E+03 -.46993699E+04 0.34457437E+02 -.47338273E+04 0.46119902E+03 -.37192337E+07
535000 0.26750000E+03 -.46992779E+04 0.34839869E+02 -.47341177E+04 0.46631773E+03 0.62829295E+07
540000 0.27000000E+03 -.46992730E+04 0.35136265E+02 -.47344093E+04 0.47028487E+03 -.38408415E+08
545000 0.27250000E+03 -.46992434E+04 0.34587896E+02 -.47338313E+04 0.46294517E+03 -.12433509E+08
550000 0.27500000E+03 -.46991960E+04 0.34779341E+02 -.47339753E+04 0.46550758E+03 -.10044047E+08
555000 0.27750000E+03 -.46992010E+04 0.34151226E+02 -.47333523E+04 0.45710051E+03 -.32350864E+08
560000 0.28000000E+03 -.46991681E+04 0.34316858E+02 -.47334850E+04 0.45931742E+03 -.70314955E+07
565000 0.28250000E+03 -.46991509E+04 0.36106359E+02 -.47352573E+04 0.48326918E+03 0.33388310E+08
570000 0.28500000E+03 -.46990138E+04 0.35400740E+02 -.47344145E+04 0.47382475E+03 0.55445366E+07
575000 0.28750000E+03 -.46989487E+04 0.34403704E+02 -.47333524E+04 0.46047983E+03 0.48614107E+07
580000 0.29000000E+03 -.46988610E+04 0.34591179E+02 -.47334522E+04 0.46298910E+03 0.34716377E+08
585000 0.29250000E+03 -.46987844E+04 0.36111168E+02 -.47348956E+04 0.48333355E+03 -.22028582E+08
590000 0.29500000E+03 -.46987742E+04 0.34901138E+02 -.47336753E+04 0.46713778E+03 -.53811069E+07
595000 0.29750000E+03 -.46986640E+04 0.34059975E+02 -.47327240E+04 0.45587915E+03 -.39182541E+07
600000 0.30000000E+03 -.46986717E+04 0.34752431E+02 -.47334241E+04 0.46514739E+03 -.22249315E+08
605000 0.30250000E+03 -.46987148E+04 0.33605078E+02 -.47323199E+04 0.44979054E+03 -.15690759E+08
610000 0.30500000E+03 -.46987783E+04 0.35174697E+02 -.47339530E+04 0.47079926E+03 0.14946567E+08
615000 0.30750000E+03 -.46987903E+04 0.35254885E+02 -.47340452E+04 0.47187254E+03 0.10583995E+08
620000 0.31000000E+03 -.46988005E+04 0.35788982E+02 -.47345894E+04 0.47902121E+03 0.12829713E+07
625000 0.31250000E+03 -.46987411E+04 0.35744908E+02 -.47344860E+04 0.47843130E+03 -.77116585E+07
630000 0.31500000E+03 -.46987074E+04 0.36673355E+02 -.47353808E+04 0.49085820E+03 0.11247612E+06
635000 0.31750000E+03 -.46986345E+04 0.35455556E+02 -.47340901E+04 0.47455844E+03 -.81476461E+07
640000 0.32000000E+03 -.46985599E+04 0.35832924E+02 -.47343928E+04 0.47960936E+03 0.33227207E+08
645000 0.32250000E+03 -.46984950E+04 0.35662438E+02 -.47341574E+04 0.47732748E+03 -.23356139E+08
650000 0.32500000E+03 -.46984808E+04 0.34626015E+02 -.47331068E+04 0.46345537E+03 0.23124772E+08
655000 0.32750000E+03 -.46984551E+04 0.35773807E+02 -.47342290E+04 0.47881811E+03 0.34071665E+08
660000 0.33000000E+03 -.46983806E+04 0.33783056E+02 -.47321636E+04 0.45217270E+03 -.20316591E+08
665000 0.33250000E+03 -.46983420E+04 0.35880660E+02 -.47342226E+04 0.48024830E+03 -.19110815E+08
670000 0.33500000E+03 -.46983959E+04 0.35683050E+02 -.47340790E+04 0.47760336E+03 0.16556211E+08
675000 0.33750000E+03 -.46983824E+04 0.35952828E+02 -.47343353E+04 0.48121423E+03 0.11524998E+08
680000 0.34000000E+03 -.46983637E+04 0.36400539E+02 -.47347642E+04 0.48720667E+03 0.15341702E+07
685000 0.34250000E+03 -.46982309E+04 0.36113726E+02 -.47343446E+04 0.48336778E+03 -.61716708E+07
690000 0.34500000E+03 -.46981692E+04 0.34148264E+02 -.47323174E+04 0.45706086E+03 0.31015209E+08
695000 0.34750000E+03 -.46980851E+04 0.35354351E+02 -.47334394E+04 0.47320385E+03 0.64395716E+07
700000 0.35000000E+03 -.46979830E+04 0.36341815E+02 -.47343249E+04 0.48642067E+03 0.36967122E+08
705000 0.35250000E+03 -.46979529E+04 0.34164070E+02 -.47321170E+04 0.45727242E+03 0.33721486E+08
710000 0.35500000E+03 -.46978685E+04 0.35890468E+02 -.47337590E+04 0.48037957E+03 0.34298939E+08
715000 0.35750000E+03 -.46977950E+04 0.35730258E+02 -.47335253E+04 0.47823523E+03 0.37130489E+08
720000 0.36000000E+03 -.46978399E+04 0.35082876E+02 -.47329227E+04 0.46957027E+03 -.35140801E+08
725000 0.36250000E+03 -.46978119E+04 0.35805754E+02 -.47336176E+04 0.47924571E+03 -.49021902E+07
730000 0.36500000E+03 -.46976967E+04 0.35047741E+02 -.47327445E+04 0.46910001E+03 -.35632774E+08
735000 0.36750000E+03 -.46976340E+04 0.36848091E+02 -.47344821E+04 0.49319698E+03 -.27328117E+08
740000 0.37000000E+03 -.46976034E+04 0.36138224E+02 -.47337416E+04 0.48369569E+03 0.17185746E+07
745000 0.37250000E+03 -.46976394E+04 0.35616052E+02 -.47332554E+04 0.47670662E+03 -.25802469E+08
750000 0.37500000E+03 -.46976873E+04 0.36508533E+02 -.47341958E+04 0.48865212E+03 -.37635593E+08
755000 0.37750000E+03 -.46976978E+04 0.34715748E+02 -.47324135E+04 0.46465641E+03 -.20629032E+08
760000 0.38000000E+03 -.46976100E+04 0.37028726E+02 -.47346387E+04 0.49561469E+03 0.31468420E+07
765000 0.38250000E+03 -.46975534E+04 0.36348793E+02 -.47339022E+04 0.48651407E+03 0.10070451E+08
770000 0.38500000E+03 -.46975469E+04 0.34197843E+02 -.47317447E+04 0.45772446E+03 -.17939273E+08
775000 0.38750000E+03 -.46974965E+04 0.34871287E+02 -.47323678E+04 0.46673824E+03 0.92248091E+07
780000 0.39000000E+03 -.46974540E+04 0.36094076E+02 -.47335481E+04 0.48310478E+03 -.20772940E+07
785000 0.39250000E+03 -.46974407E+04 0.35906495E+02 -.47333472E+04 0.48059408E+03 0.11680094E+08
790000 0.39500000E+03 -.46974045E+04 0.35987276E+02 -.47333917E+04 0.48167531E+03 -.15228206E+08
795000 0.39750000E+03 -.46973852E+04 0.35108689E+02 -.47324939E+04 0.46991577E+03 -.10668451E+08
800000 0.40000000E+03 -.46973850E+04 0.33963547E+02 -.47313486E+04 0.45458850E+03 0.18677510E+08
805000 0.40250000E+03 -.46973193E+04 0.37221272E+02 -.47345406E+04 0.49819185E+03 0.17209639E+08
810000 0.40500000E+03 -.46972713E+04 0.35430428E+02 -.47327017E+04 0.47422211E+03 -.77939261E+06
815000 0.40750000E+03 -.46972471E+04 0.35742246E+02 -.47329893E+04 0.47839567E+03 -.81338808E+07
820000 0.41000000E+03 -.46972330E+04 0.35920708E+02 -.47331537E+04 0.48078432E+03 -.19645135E+08
825000 0.41250000E+03 -.46972118E+04 0.36168398E+02 -.47333802E+04 0.48409955E+03 0.31090998E+08
830000 0.41500000E+03 -.46972262E+04 0.36090380E+02 -.47333166E+04 0.48305531E+03 -.12782510E+08
835000 0.41750000E+03 -.46971610E+04 0.35298583E+02 -.47324596E+04 0.47245742E+03 -.93649110E+07
840000 0.42000000E+03 -.46970853E+04 0.35563906E+02 -.47326493E+04 0.47600867E+03 -.29398264E+08
845000 0.42250000E+03 -.46970008E+04 0.36014058E+02 -.47330149E+04 0.48203377E+03 -.47246821E+08
850000 0.42500000E+03 -.46970071E+04 0.37488903E+02 -.47344960E+04 0.50177398E+03 0.19994554E+06
855000 0.42750000E+03 -.46969807E+04 0.37078100E+02 -.47340588E+04 0.49627555E+03 0.17341338E+08
860000 0.43000000E+03 -.46969175E+04 0.35688406E+02 -.47326059E+04 0.47767504E+03 -.22944302E+08
865000 0.43250000E+03 -.46968373E+04 0.34919819E+02 -.47317571E+04 0.46738782E+03 -.27589361E+08
870000 0.43500000E+03 -.46968063E+04 0.35334536E+02 -.47321409E+04 0.47293864E+03 0.56919028E+07
875000 0.43750000E+03 -.46967255E+04 0.37077085E+02 -.47338025E+04 0.49626197E+03 -.19045330E+08
880000 0.44000000E+03 -.46966429E+04 0.35222038E+02 -.47318649E+04 0.47143291E+03 0.17539963E+08
885000 0.44250000E+03 -.46965637E+04 0.38242995E+02 -.47348067E+04 0.51186720E+03 0.80771581E+07
890000 0.44500000E+03 -.46964211E+04 0.35919677E+02 -.47323408E+04 0.48077052E+03 0.46964338E+08
895000 0.44750000E+03 -.46963941E+04 0.35779330E+02 -.47321734E+04 0.47889203E+03 -.10638018E+07
900000 0.45000000E+03 -.46963925E+04 0.35744922E+02 -.47321375E+04 0.47843149E+03 0.33160210E+07
905000 0.45250000E+03 -.46964077E+04 0.34504391E+02 -.47309121E+04 0.46182749E+03 0.12831334E+08
910000 0.45500000E+03 -.46964104E+04 0.35394264E+02 -.47318047E+04 0.47373808E+03 0.35578210E+08
915000 0.45750000E+03 -.46963666E+04 0.36169549E+02 -.47325362E+04 0.48411495E+03 0.55290311E+07
920000 0.46000000E+03 -.46963091E+04 0.37376695E+02 -.47336858E+04 0.50027212E+03 0.39324794E+07
925000 0.46250000E+03 -.46962651E+04 0.34947947E+02 -.47312131E+04 0.46776430E+03 -.40670215E+08
930000 0.46500000E+03 -.46963219E+04 0.37256544E+02 -.47335784E+04 0.49866396E+03 0.70793602E+07
935000 0.46750000E+03 -.46963155E+04 0.35341267E+02 -.47316568E+04 0.47302874E+03 0.20130700E+08
940000 0.47000000E+03 -.46962494E+04 0.36884227E+02 -.47331337E+04 0.49368063E+03 -.20007456E+08
945000 0.47250000E+03 -.46962317E+04 0.38107799E+02 -.47343395E+04 0.51005766E+03 -.25256393E+07
950000 0.47500000E+03 -.46962228E+04 0.33241748E+02 -.47294646E+04 0.44492751E+03 0.11476277E+07
955000 0.47750000E+03 -.46961123E+04 0.37008428E+02 -.47331208E+04 0.49534301E+03 -.27601140E+08
960000 0.48000000E+03 -.46959763E+04 0.35387548E+02 -.47313638E+04 0.47364818E+03 -.48530665E+07
965000 0.48250000E+03 -.46959319E+04 0.37242065E+02 -.47331740E+04 0.49847015E+03 0.28084888E+08
970000 0.48500000E+03 -.46959254E+04 0.36235451E+02 -.47321609E+04 0.48499703E+03 0.25908857E+08
975000 0.48750000E+03 -.46958826E+04 0.35309354E+02 -.47311920E+04 0.47260159E+03 -.14671290E+08
980000 0.49000000E+03 -.46958289E+04 0.36137546E+02 -.47319665E+04 0.48368660E+03 -.14253579E+08
985000 0.49250000E+03 -.46958481E+04 0.36868413E+02 -.47327165E+04 0.49346897E+03 -.21607505E+08
990000 0.49500000E+03 -.46957613E+04 0.37696499E+02 -.47334578E+04 0.50455257E+03 0.14310671E+08
995000 0.49750000E+03 -.46956436E+04 0.37275886E+02 -.47329195E+04 0.49892284E+03 0.36279433E+08
****** 0.50000000E+03 -.46955884E+04 0.37552157E+02 -.47331405E+04 0.50262062E+03 0.26277811E+08
