 Creating tables for Cc-Cc Tersoff potential
    -----> MD RUN:
NSTEP = 1000000 (Number of steps)
dt = 0.00010 (Integration time step in [psec])
KFLAG = 6 (1-Quench, 2-Velocity distribution, 5-Constant Temperature)
LFLAG = 1 (1-Constant Pressure)
KEYBS = 3 (0-pair potential, 1-Stillinger Weber, 2-EAM, 3-Tersoff)
LIDX = 1 (1-periodicity in X direction,0-free boundaries)
LIDY = 1 (1-periodicity in Y direction,0-free boundaries)
LIDZ = 0 (1-periodicity in Z direction,0-free boundaries)
KBOUND =  1 (0-Free,1-rigid)
dim =  3 (3 - 3D simulation,2- 2D simulation)
T0 =  300.0 (Temperature distributed by VEL,[K])
P0 =    0.0 (Desired pressure in con. pressure control,[GPa])
NEWTAB =  50 (Step of neighbors list renewal)
NEPRT = 5000 (Step of printing output information)
NWRITE =  1000 (Step of writing output information)
Ngather =  200 (Step of gathering molecules to the comp. cell)
RSkin =  2.000 (Skin depth in neighbor list calculation [A])
 
    -----> MATERIAL:
XL = 0.39030D+02 (X size of the computational cell [A])
YL = 0.38961D+02 (Y size of the computational cell [A])
ZL = 0.43166D+02 (Z size of the computational cell [A])
DENSM = 0.20661D+00 (Density of the material [gm/cm3])
DENSN = 0.10359D+23 (Density of the material [molec./cm3])
Natoms =    680 (Number of particles in the computational cell)
NTYPE =  2 (Number of particle types)
 
    -----> TYPES OF PARTICLES:
Type  1:   680 particles.  mass = 0.12011D+02 [amu].
Type  2:     0 particles.  mass = 0.00000D+00 [amu].
 
  Step     time     Energy      Kinetic    Potential  Temperature    Pressure
     0 0.00000000E+00 -.46955820E+04 0.37553375E+02 -.47331354E+04 0.50263691E+03 0.26227979E+08
  5000 0.50000000E+00 -.47009300E+04 0.34894369E+02 -.47358244E+04 0.46704719E+03 -.90123696E+08
 10000 0.10000000E+01 -.47062708E+04 0.33602679E+02 -.47398734E+04 0.44975843E+03 -.17605716E+09
 15000 0.15000000E+01 -.47117084E+04 0.32069612E+02 -.47437780E+04 0.42923894E+03 -.24218766E+09
 20000 0.20000000E+01 -.47172618E+04 0.31635867E+02 -.47488977E+04 0.42343344E+03 -.29897501E+09
 25000 0.25000000E+01 -.47228998E+04 0.30850247E+02 -.47537501E+04 0.41291823E+03 -.38381368E+09
 30000 0.30000000E+01 -.47286312E+04 0.30332948E+02 -.47589641E+04 0.40599439E+03 -.45452448E+09
 35000 0.35000000E+01 -.47344827E+04 0.27783278E+02 -.47622660E+04 0.37186807E+03 -.52111539E+09
 40000 0.40000000E+01 -.47403955E+04 0.28372539E+02 -.47687680E+04 0.37975509E+03 -.58664493E+09
 45000 0.45000000E+01 -.47463334E+04 0.26413789E+02 -.47727472E+04 0.35353800E+03 -.65038598E+09
 50000 0.50000000E+01 -.47523281E+04 0.27738847E+02 -.47800669E+04 0.37127338E+03 -.69515476E+09
 55000 0.55000000E+01 -.47583015E+04 0.25321881E+02 -.47836233E+04 0.33892325E+03 -.77973800E+09
 60000 0.60000000E+01 -.47641856E+04 0.25555183E+02 -.47897408E+04 0.34204590E+03 -.82863309E+09
 65000 0.65000000E+01 -.47699343E+04 0.26111673E+02 -.47960460E+04 0.34949430E+03 -.89866200E+09
 70000 0.70000000E+01 -.47754828E+04 0.24299053E+02 -.47997818E+04 0.32523311E+03 -.92851460E+09
 75000 0.75000000E+01 -.47806898E+04 0.24598570E+02 -.48052884E+04 0.32924202E+03 -.99950072E+09
 80000 0.80000000E+01 -.47854214E+04 0.24533269E+02 -.48099547E+04 0.32836800E+03 -.10677422E+10
 85000 0.85000000E+01 -.47896016E+04 0.23134866E+02 -.48127364E+04 0.30965094E+03 -.11101168E+10
 90000 0.90000000E+01 -.47930374E+04 0.22404315E+02 -.48154418E+04 0.29987280E+03 -.12112768E+10
 95000 0.95000000E+01 -.47955377E+04 0.22502970E+02 -.48180407E+04 0.30119326E+03 -.12341475E+10
100000 0.10000000E+02 -.47970272E+04 0.22120926E+02 -.48191482E+04 0.29607976E+03 -.12575703E+10
105000 0.10500000E+02 -.47972669E+04 0.22912824E+02 -.48201797E+04 0.30667899E+03 -.13334390E+10
110000 0.11000000E+02 -.47960212E+04 0.21206888E+02 -.48172281E+04 0.28384572E+03 -.14004180E+10
115000 0.11500000E+02 -.47931608E+04 0.21760070E+02 -.48149209E+04 0.29124984E+03 -.14292172E+10
120000 0.12000000E+02 -.47885637E+04 0.21819290E+02 -.48103830E+04 0.29204247E+03 -.14747457E+10
125000 0.12500000E+02 -.47820260E+04 0.21471952E+02 -.48034980E+04 0.28739349E+03 -.15251714E+10
130000 0.13000000E+02 -.47734285E+04 0.21722568E+02 -.47951510E+04 0.29074789E+03 -.15458790E+10
135000 0.13500000E+02 -.47627018E+04 0.22224654E+02 -.47849264E+04 0.29746811E+03 -.15713484E+10
140000 0.14000000E+02 -.47496719E+04 0.20478242E+02 -.47701501E+04 0.27409308E+03 -.16589014E+10
145000 0.14500000E+02 -.47343034E+04 0.20608684E+02 -.47549121E+04 0.27583900E+03 -.16784885E+10
150000 0.15000000E+02 -.47165332E+04 0.20398154E+02 -.47369314E+04 0.27302114E+03 -.16556264E+10
155000 0.15500000E+02 -.46963661E+04 0.20431844E+02 -.47167979E+04 0.27347206E+03 -.16854672E+10
160000 0.16000000E+02 -.46737194E+04 0.20644622E+02 -.46943640E+04 0.27632002E+03 -.16801011E+10
165000 0.16500000E+02 -.46487446E+04 0.19773726E+02 -.46685183E+04 0.26466342E+03 -.16421337E+10
170000 0.17000000E+02 -.46216812E+04 0.20024760E+02 -.46417059E+04 0.26802341E+03 -.17086544E+10
175000 0.17500000E+02 -.46041213E+04 0.20587710E+02 -.46247090E+04 0.27555827E+03 -.62234416E+08
180000 0.18000000E+02 -.45974867E+04 0.20293863E+02 -.46177806E+04 0.27162525E+03 -.89531557E+04
185000 0.18500000E+02 -.45907641E+04 0.21056576E+02 -.46118207E+04 0.28183385E+03 0.22571006E+08
190000 0.19000000E+02 -.45839965E+04 0.20957542E+02 -.46049540E+04 0.28050832E+03 -.32046638E+08
195000 0.19500000E+02 -.45770475E+04 0.21093256E+02 -.45981407E+04 0.28232480E+03 -.28288375E+08
200000 0.20000000E+02 -.45700952E+04 0.20753206E+02 -.45908484E+04 0.27777337E+03 0.12092930E+08
205000 0.20500000E+02 -.45629020E+04 0.21074003E+02 -.45839760E+04 0.28206710E+03 -.71302155E+07
210000 0.21000000E+02 -.45556535E+04 0.21594668E+02 -.45772481E+04 0.28903600E+03 -.62656534E+08
215000 0.21500000E+02 -.45482614E+04 0.21543756E+02 -.45698052E+04 0.28835456E+03 0.17888948E+08
220000 0.22000000E+02 -.45407163E+04 0.22236791E+02 -.45629531E+04 0.29763056E+03 -.41164897E+08
225000 0.22500000E+02 -.45330851E+04 0.20938487E+02 -.45540236E+04 0.28025327E+03 -.27371749E+08
230000 0.23000000E+02 -.45255091E+04 0.21090042E+02 -.45465992E+04 0.28228178E+03 -.43031012E+08
235000 0.23500000E+02 -.45176850E+04 0.21695421E+02 -.45393804E+04 0.29038454E+03 -.70535420E+07
240000 0.24000000E+02 -.45097560E+04 0.22130481E+02 -.45318865E+04 0.29620764E+03 -.95502389E+07
245000 0.24500000E+02 -.45016795E+04 0.21854661E+02 -.45235341E+04 0.29251590E+03 -.67067892E+06
250000 0.25000000E+02 -.44936396E+04 0.22019676E+02 -.45156593E+04 0.29472457E+03 -.58075233E+08
255000 0.25500000E+02 -.44855024E+04 0.22102005E+02 -.45076044E+04 0.29582651E+03 -.64242349E+08
260000 0.26000000E+02 -.44772699E+04 0.21264187E+02 -.44985341E+04 0.28461265E+03 -.11924791E+08
265000 0.26500000E+02 -.44688514E+04 0.21138588E+02 -.44899900E+04 0.28293155E+03 -.18539965E+08
270000 0.27000000E+02 -.44602653E+04 0.21812548E+02 -.44820778E+04 0.29195224E+03 -.93430452E+07
275000 0.27500000E+02 -.44518105E+04 0.21756235E+02 -.44735667E+04 0.29119851E+03 -.34943522E+08
280000 0.28000000E+02 -.44431813E+04 0.21928116E+02 -.44651094E+04 0.29349907E+03 -.64116635E+07
285000 0.28500000E+02 -.44344502E+04 0.21933532E+02 -.44563837E+04 0.29357155E+03 -.76600760E+08
290000 0.29000000E+02 -.44256378E+04 0.21350767E+02 -.44469886E+04 0.28577148E+03 0.23622652E+07
295000 0.29500000E+02 -.44168253E+04 0.21986642E+02 -.44388119E+04 0.29428241E+03 -.24975823E+08
300000 0.30000000E+02 -.44078851E+04 0.22168595E+02 -.44300536E+04 0.29671778E+03 0.82182109E+07
305000 0.30500000E+02 -.43988498E+04 0.21301472E+02 -.44201513E+04 0.28511169E+03 -.13260092E+08
310000 0.31000000E+02 -.43897581E+04 0.21914334E+02 -.44116725E+04 0.29331460E+03 0.41321319E+08
315000 0.31500000E+02 -.43805877E+04 0.22262316E+02 -.44028500E+04 0.29797220E+03 -.11925729E+08
320000 0.32000000E+02 -.43714207E+04 0.21532826E+02 -.43929535E+04 0.28820827E+03 0.37972340E+07
325000 0.32500000E+02 -.43620124E+04 0.22395757E+02 -.43844082E+04 0.29975825E+03 0.25893459E+08
330000 0.33000000E+02 -.43525125E+04 0.21573245E+02 -.43740858E+04 0.28874926E+03 -.31174746E+08
335000 0.33500000E+02 -.43431608E+04 0.23022344E+02 -.43661831E+04 0.30814487E+03 -.96332602E+08
340000 0.34000000E+02 -.43334701E+04 0.22152774E+02 -.43556229E+04 0.29650602E+03 0.29221868E+07
345000 0.34500000E+02 -.43237574E+04 0.22349568E+02 -.43461070E+04 0.29914003E+03 0.12827448E+08
350000 0.35000000E+02 -.43139319E+04 0.22548690E+02 -.43364806E+04 0.30180520E+03 -.58196775E+08
355000 0.35500000E+02 -.43040576E+04 0.21968728E+02 -.43260263E+04 0.29404265E+03 -.61946529E+06
360000 0.36000000E+02 -.42939520E+04 0.22435095E+02 -.43163871E+04 0.30028478E+03 -.10928444E+09
365000 0.36500000E+02 -.42836500E+04 0.22997247E+02 -.43066473E+04 0.30780895E+03 -.55942044E+08
370000 0.37000000E+02 -.42728733E+04 0.23008238E+02 -.42958816E+04 0.30795607E+03 0.21648710E+08
375000 0.37500000E+02 -.42624026E+04 0.22622239E+02 -.42850248E+04 0.30278962E+03 -.40500966E+07
380000 0.38000000E+02 -.42512352E+04 0.22928922E+02 -.42741641E+04 0.30689446E+03 -.11229353E+09
385000 0.38500000E+02 -.42401767E+04 0.23589513E+02 -.42637662E+04 0.31573620E+03 -.16307648E+09
390000 0.39000000E+02 -.42285364E+04 0.23581283E+02 -.42521177E+04 0.31562605E+03 -.19681755E+08
395000 0.39500000E+02 -.42166997E+04 0.23144901E+02 -.42398446E+04 0.30978525E+03 -.66248106E+08
400000 0.40000000E+02 -.42041412E+04 0.22442806E+02 -.42265840E+04 0.30038799E+03 -.19219844E+08
405000 0.40500000E+02 -.41909099E+04 0.24058817E+02 -.42149687E+04 0.32201765E+03 -.75705799E+08
410000 0.41000000E+02 -.41770479E+04 0.23577635E+02 -.42006255E+04 0.31557721E+03 -.14271069E+09
415000 0.41500000E+02 -.41624631E+04 0.24106294E+02 -.41865694E+04 0.32265312E+03 0.64700867E+07
420000 0.42000000E+02 -.41464828E+04 0.23213846E+02 -.41696966E+04 0.31070805E+03 -.93511571E+08
425000 0.42500000E+02 -.41290760E+04 0.23577125E+02 -.41526531E+04 0.31557040E+03 -.37702776E+08
430000 0.43000000E+02 -.41106889E+04 0.23610188E+02 -.41342990E+04 0.31601293E+03 -.14007216E+09
435000 0.43500000E+02 -.40908281E+04 0.23439151E+02 -.41142672E+04 0.31372366E+03 -.34458240E+09
440000 0.44000000E+02 -.40684655E+04 0.24403034E+02 -.40928686E+04 0.32662485E+03 -.48532206E+09
445000 0.44500000E+02 -.40428272E+04 0.23428500E+02 -.40662557E+04 0.31358111E+03 -.35158984E+09
450000 0.45000000E+02 -.40117693E+04 0.22756155E+02 -.40345255E+04 0.30458204E+03 -.44170968E+09
455000 0.45500000E+02 -.39723690E+04 0.22917230E+02 -.39952862E+04 0.30673796E+03 -.71977440E+09
460000 0.46000000E+02 -.39161836E+04 0.23725963E+02 -.39399096E+04 0.31756253E+03 -.11793590E+10
465000 0.46500000E+02 -.38294267E+04 0.22064298E+02 -.38514910E+04 0.29532181E+03 -.25060606E+10
470000 0.47000000E+02 -.37130617E+04 0.21687434E+02 -.37347491E+04 0.29027763E+03 -.38089421E+10
475000 0.47500000E+02 -.36163678E+04 0.24753944E+02 -.36411218E+04 0.33132165E+03 -.38696388E+10
480000 0.48000000E+02 -.35514117E+04 0.13884705E+03 -.36902587E+04 0.18584123E+04 -.98272214E+09
485000 0.48500000E+02 -.36623759E+04 0.24377167E+03 -.39061476E+04 0.32627864E+04 0.63422719E+10
490000 0.49000000E+02 -.38407494E+04 0.22253396E+03 -.40632834E+04 0.29785281E+04 0.77617961E+10
495000 0.49500000E+02 -.40732872E+04 0.19952040E+03 -.42728076E+04 0.26705008E+04 0.24096189E+10
500000 0.50000000E+02 -.41227399E+04 0.18724369E+03 -.43099836E+04 0.25061820E+04 0.74706367E+09
505000 0.50500000E+02 -.41600671E+04 0.16180485E+03 -.43218719E+04 0.21656932E+04 0.30810194E+09
510000 0.51000000E+02 -.41981763E+04 0.15282821E+03 -.43510045E+04 0.20455445E+04 0.48158645E+09
515000 0.51500000E+02 -.42287244E+04 0.13788241E+03 -.43666068E+04 0.18455009E+04 0.50201715E+09
520000 0.52000000E+02 -.42586055E+04 0.12696183E+03 -.43855674E+04 0.16993334E+04 0.45026535E+09
525000 0.52500000E+02 -.42834982E+04 0.12098704E+03 -.44044853E+04 0.16193632E+04 0.53104635E+09
530000 0.53000000E+02 -.43066448E+04 0.10757279E+03 -.44142175E+04 0.14398188E+04 0.87626411E+08
535000 0.53500000E+02 -.43260351E+04 0.92192948E+02 -.44182280E+04 0.12339658E+04 0.42469307E+09
540000 0.54000000E+02 -.43440937E+04 0.89969687E+02 -.44340634E+04 0.12042083E+04 0.17323553E+08
545000 0.54500000E+02 -.43607788E+04 0.87603795E+02 -.44483826E+04 0.11725418E+04 0.49122380E+09
550000 0.55000000E+02 -.43758119E+04 0.79886457E+02 -.44556984E+04 0.10692483E+04 -.18849904E+08
555000 0.55500000E+02 -.43892309E+04 0.72513733E+02 -.44617446E+04 0.97056734E+03 0.27705838E+09
560000 0.56000000E+02 -.44003097E+04 0.68066960E+02 -.44683767E+04 0.91104906E+03 0.26116914E+09
565000 0.56500000E+02 -.44104990E+04 0.59450646E+02 -.44699496E+04 0.79572313E+03 -.65842559E+07
570000 0.57000000E+02 -.44190332E+04 0.56402775E+02 -.44754359E+04 0.75492860E+03 0.87872872E+08
575000 0.57500000E+02 -.44266524E+04 0.54936090E+02 -.44815885E+04 0.73529761E+03 -.26531594E+08
580000 0.58000000E+02 -.44331027E+04 0.51961724E+02 -.44850644E+04 0.69548691E+03 -.29638732E+08
585000 0.58500000E+02 -.44385587E+04 0.46856264E+02 -.44854149E+04 0.62715237E+03 -.12412379E+09
590000 0.59000000E+02 -.44431265E+04 0.43969915E+02 -.44870965E+04 0.58851974E+03 -.47352983E+08
595000 0.59500000E+02 -.44467701E+04 0.40788412E+02 -.44875585E+04 0.54593660E+03 -.41803187E+08
600000 0.60000000E+02 -.44498993E+04 0.39462947E+02 -.44893622E+04 0.52819577E+03 -.18831355E+09
605000 0.60500000E+02 -.44524758E+04 0.37807151E+02 -.44902829E+04 0.50603361E+03 -.33723927E+09
610000 0.61000000E+02 -.44544681E+04 0.36372422E+02 -.44908405E+04 0.48683033E+03 -.10073423E+08
615000 0.61500000E+02 -.44560184E+04 0.34264584E+02 -.44902830E+04 0.45861776E+03 -.15978995E+09
620000 0.62000000E+02 -.44570344E+04 0.33628279E+02 -.44906627E+04 0.45010107E+03 -.15717701E+09
625000 0.62500000E+02 -.44577140E+04 0.32157117E+02 -.44898711E+04 0.43041016E+03 -.13991869E+09
630000 0.63000000E+02 -.44579996E+04 0.29817650E+02 -.44878173E+04 0.39909733E+03 -.16491736E+09
635000 0.63500000E+02 -.44579701E+04 0.29266515E+02 -.44872366E+04 0.39172061E+03 -.41812750E+09
640000 0.64000000E+02 -.44579210E+04 0.28908758E+02 -.44868297E+04 0.38693217E+03 -.21619356E+09
645000 0.64500000E+02 -.44571970E+04 0.27833354E+02 -.44850303E+04 0.37253831E+03 -.57669862E+08
650000 0.65000000E+02 -.44564243E+04 0.28153757E+02 -.44845780E+04 0.37682679E+03 -.32059375E+09
655000 0.65500000E+02 -.44553326E+04 0.27384452E+02 -.44827171E+04 0.36652994E+03 -.25713224E+09
660000 0.66000000E+02 -.44541082E+04 0.26907856E+02 -.44810161E+04 0.36015090E+03 -.16911029E+09
665000 0.66500000E+02 -.44527325E+04 0.26313369E+02 -.44790459E+04 0.35219393E+03 -.19319599E+09
670000 0.67000000E+02 -.44512943E+04 0.23953025E+02 -.44752473E+04 0.32060167E+03 -.35255751E+09
675000 0.67500000E+02 -.44498441E+04 0.24779827E+02 -.44746239E+04 0.33166808E+03 -.50353900E+08
680000 0.68000000E+02 -.44479723E+04 0.24696235E+02 -.44726686E+04 0.33054923E+03 -.16702464E+09
685000 0.68500000E+02 -.44463136E+04 0.24253032E+02 -.44705667E+04 0.32461714E+03 -.32662982E+09
690000 0.69000000E+02 -.44443613E+04 0.23415454E+02 -.44677767E+04 0.31340649E+03 -.16563347E+09
695000 0.69500000E+02 -.44424578E+04 0.23996798E+02 -.44664546E+04 0.32118755E+03 -.24456202E+09
700000 0.70000000E+02 -.44414734E+04 0.23052631E+02 -.44645261E+04 0.30855025E+03 -.82126316E+08
705000 0.70500000E+02 -.44410104E+04 0.23075320E+02 -.44640857E+04 0.30885393E+03 0.19414968E+08
710000 0.71000000E+02 -.44405707E+04 0.23763074E+02 -.44643338E+04 0.31805925E+03 -.36966505E+08
715000 0.71500000E+02 -.44401622E+04 0.22781224E+02 -.44629434E+04 0.30491757E+03 -.87378732E+08
720000 0.72000000E+02 -.44395664E+04 0.22156387E+02 -.44617228E+04 0.29655438E+03 -.69025404E+08
725000 0.72500000E+02 -.44391337E+04 0.23055951E+02 -.44621897E+04 0.30859468E+03 0.39616181E+07
730000 0.73000000E+02 -.44386186E+04 0.22545075E+02 -.44611637E+04 0.30175681E+03 -.24945158E+08
735000 0.73500000E+02 -.44381085E+04 0.23440691E+02 -.44615492E+04 0.31374428E+03 -.85952975E+07
740000 0.74000000E+02 -.44376028E+04 0.23012564E+02 -.44606154E+04 0.30801396E+03 0.67127064E+08
745000 0.74500000E+02 -.44369230E+04 0.23062443E+02 -.44599855E+04 0.30868159E+03 -.19431798E+08
750000 0.75000000E+02 -.44364479E+04 0.22580155E+02 -.44590281E+04 0.30222635E+03 -.31675396E+08
755000 0.75500000E+02 -.44355710E+04 0.23543590E+02 -.44591146E+04 0.31512154E+03 0.40908018E+08
760000 0.76000000E+02 -.44351379E+04 0.23069401E+02 -.44582073E+04 0.30877471E+03 -.75753823E+08
765000 0.76500000E+02 -.44345458E+04 0.23258830E+02 -.44578046E+04 0.31131014E+03 -.16189273E+08
770000 0.77000000E+02 -.44338760E+04 0.22667505E+02 -.44565435E+04 0.30339550E+03 -.13991129E+08
775000 0.77500000E+02 -.44332077E+04 0.23320172E+02 -.44565278E+04 0.31213119E+03 -.20684147E+08
780000 0.78000000E+02 -.44324582E+04 0.21835400E+02 -.44542936E+04 0.29225810E+03 0.48355042E+08
785000 0.78500000E+02 -.44318343E+04 0.22107056E+02 -.44539414E+04 0.29589411E+03 0.97724685E+07
790000 0.79000000E+02 -.44311828E+04 0.23208288E+02 -.44543911E+04 0.31063366E+03 -.48048762E+08
795000 0.79500000E+02 -.44306647E+04 0.22165812E+02 -.44528305E+04 0.29668053E+03 0.12728242E+08
800000 0.80000000E+02 -.44298612E+04 0.22798304E+02 -.44526595E+04 0.30514618E+03 -.25086441E+08
805000 0.80500000E+02 -.44293215E+04 0.22033699E+02 -.44513552E+04 0.29491225E+03 -.35256688E+07
810000 0.81000000E+02 -.44284966E+04 0.21669562E+02 -.44501661E+04 0.29003842E+03 -.98967150E+07
815000 0.81500000E+02 -.44278764E+04 0.22265854E+02 -.44501423E+04 0.29801956E+03 -.81195452E+08
820000 0.82000000E+02 -.44271319E+04 0.22547176E+02 -.44496791E+04 0.30178494E+03 -.29157288E+08
825000 0.82500000E+02 -.44265037E+04 0.23580403E+02 -.44500841E+04 0.31561427E+03 -.62901672E+08
830000 0.83000000E+02 -.44258904E+04 0.21851376E+02 -.44477417E+04 0.29247194E+03 -.37970560E+08
835000 0.83500000E+02 -.44251077E+04 0.22564497E+02 -.44476722E+04 0.30201678E+03 -.38029643E+08
840000 0.84000000E+02 -.44244067E+04 0.23287078E+02 -.44476938E+04 0.31168823E+03 -.23777882E+08
845000 0.84500000E+02 -.44237402E+04 0.21928059E+02 -.44456682E+04 0.29349830E+03 0.95291660E+08
850000 0.85000000E+02 -.44230335E+04 0.22201307E+02 -.44452348E+04 0.29715562E+03 0.80460349E+08
855000 0.85500000E+02 -.44223120E+04 0.23290076E+02 -.44456021E+04 0.31172836E+03 -.19694825E+08
860000 0.86000000E+02 -.44217817E+04 0.23134906E+02 -.44449166E+04 0.30965147E+03 -.36504561E+08
865000 0.86500000E+02 -.44209905E+04 0.21775827E+02 -.44427663E+04 0.29146073E+03 -.10808611E+09
870000 0.87000000E+02 -.44204525E+04 0.22900516E+02 -.44433530E+04 0.30651425E+03 0.29052778E+08
875000 0.87500000E+02 -.44196019E+04 0.21928870E+02 -.44415308E+04 0.29350916E+03 0.74765948E+08
880000 0.88000000E+02 -.44189300E+04 0.23072816E+02 -.44420028E+04 0.30882041E+03 -.13336415E+09
885000 0.88500000E+02 -.44183265E+04 0.22365583E+02 -.44406920E+04 0.29935439E+03 0.96508608E+07
890000 0.89000000E+02 -.44175023E+04 0.21933533E+02 -.44394359E+04 0.29357158E+03 -.10092691E+09
895000 0.89500000E+02 -.44171095E+04 0.23248484E+02 -.44403579E+04 0.31117167E+03 -.10572192E+08
900000 0.90000000E+02 -.44161725E+04 0.22804226E+02 -.44389767E+04 0.30522545E+03 -.34208076E+08
905000 0.90500000E+02 -.44155893E+04 0.21781912E+02 -.44373712E+04 0.29154218E+03 0.14712672E+08
910000 0.91000000E+02 -.44149380E+04 0.22799845E+02 -.44377379E+04 0.30516681E+03 -.26601610E+08
915000 0.91500000E+02 -.44142611E+04 0.21795789E+02 -.44360569E+04 0.29172792E+03 0.36643471E+08
920000 0.92000000E+02 -.44133825E+04 0.22409660E+02 -.44357922E+04 0.29994434E+03 -.47812424E+06
925000 0.92500000E+02 -.44130819E+04 0.22775445E+02 -.44358574E+04 0.30484022E+03 -.40990815E+08
930000 0.93000000E+02 -.44122129E+04 0.21535943E+02 -.44337488E+04 0.28824999E+03 -.52940205E+08
935000 0.93500000E+02 -.44117474E+04 0.21977801E+02 -.44337252E+04 0.29416408E+03 0.93752893E+07
940000 0.94000000E+02 -.44108896E+04 0.21915095E+02 -.44328047E+04 0.29332479E+03 0.93804582E+08
945000 0.94500000E+02 -.44102778E+04 0.22478002E+02 -.44327558E+04 0.30085908E+03 -.26002872E+08
950000 0.95000000E+02 -.44096192E+04 0.22881120E+02 -.44325004E+04 0.30625465E+03 0.85786673E+08
955000 0.95500000E+02 -.44087970E+04 0.22617054E+02 -.44314140E+04 0.30272023E+03 0.39913247E+08
960000 0.96000000E+02 -.44083492E+04 0.21633838E+02 -.44299830E+04 0.28956027E+03 0.31273119E+07
965000 0.96500000E+02 -.44075980E+04 0.21993665E+02 -.44295916E+04 0.29437641E+03 -.10407673E+09
970000 0.97000000E+02 -.44071658E+04 0.22085640E+02 -.44292514E+04 0.29560746E+03 0.38560248E+08
975000 0.97500000E+02 -.44061521E+04 0.22752188E+02 -.44289043E+04 0.30452894E+03 0.67187844E+08
980000 0.98000000E+02 -.44057804E+04 0.21890229E+02 -.44276706E+04 0.29299196E+03 -.43812461E+08
985000 0.98500000E+02 -.44048890E+04 0.22358460E+02 -.44272475E+04 0.29925906E+03 -.61981818E+08
990000 0.99000000E+02 -.44045507E+04 0.21603240E+02 -.44261539E+04 0.28915074E+03 -.33577516E+08
995000 0.99500000E+02 -.44038606E+04 0.22445309E+02 -.44263059E+04 0.30042149E+03 0.12737415E+09
****** 0.10000000E+03 -.44031829E+04 0.21636431E+02 -.44248193E+04 0.28959498E+03 0.18987892E+08
