 Creating tables for Cc-Cc Tersoff potential
    -----> MD RUN:
NSTEP = 1000000 (Number of steps)
dt = 0.00050 (Integration time step in [psec])
KFLAG = 2 (1-Quench, 2-Velocity distribution, 5-Constant Temperature)
LFLAG = 1 (1-Constant Pressure)
KEYBS = 3 (0-pair potential, 1-Stillinger Weber, 2-EAM, 3-Tersoff)
LIDX = 1 (1-periodicity in X direction,0-free boundaries)
LIDY = 1 (1-periodicity in Y direction,0-free boundaries)
LIDZ = 1 (1-periodicity in Z direction,0-free boundaries)
KBOUND =  1 (0-Free,1-rigid)
dim =  3 (3 - 3D simulation,2- 2D simulation)
T0 =  300.0 (Temperature distributed by VEL,[K])
P0 =    0.0 (Desired pressure in con. pressure control,[GPa])
NEWTAB =  50 (Step of neighbors list renewal)
NEPRT = 5000 (Step of printing output information)
NWRITE = 10000 (Step of writing output information)
Ngather =  200 (Step of gathering molecules to the comp. cell)
RSkin =  2.000 (Skin depth in neighbor list calculation [A])
 
    -----> MATERIAL:
XL = 0.25608D+02 (X size of the computational cell [A])
YL = 0.26180D+02 (Y size of the computational cell [A])
ZL = 0.21188D+02 (Z size of the computational cell [A])
DENSM = 0.23026D+00 (Density of the material [gm/cm3])
DENSN = 0.11545D+23 (Density of the material [molec./cm3])
Natoms =    164 (Number of particles in the computational cell)
NTYPE =  2 (Number of particle types)
 
    -----> TYPES OF PARTICLES:
Type  1:   164 particles.  mass = 0.12011D+02 [amu].
Type  2:     0 particles.  mass = 0.00000D+00 [amu].
 
  Step     time     Energy      Kinetic    Potential  Temperature    Pressure
     0 0.00000000E+00 -.11429547E+04 0.12719260E+02 -.11556740E+04 0.60000000E+03 0.12408943E+10
  5000 0.25000000E+01 -.11442022E+04 0.93362214E+01 -.11535385E+04 0.44041341E+03 0.16760808E+09
 10000 0.50000000E+01 -.11447860E+04 0.10299772E+02 -.11550857E+04 0.48586657E+03 0.28001784E+09
 15000 0.75000000E+01 -.11451262E+04 0.97938607E+01 -.11549200E+04 0.46200143E+03 0.24263701E+09
 20000 0.10000000E+02 -.11453419E+04 0.95516624E+01 -.11548935E+04 0.45057632E+03 -.80213828E+08
 25000 0.12500000E+02 -.11455010E+04 0.96795797E+01 -.11551806E+04 0.45661050E+03 0.35604961E+09
 30000 0.15000000E+02 -.11455632E+04 0.98816466E+01 -.11554449E+04 0.46614251E+03 -.35777760E+08
 35000 0.17500000E+02 -.11455990E+04 0.10323859E+02 -.11559229E+04 0.48700280E+03 0.56725591E+08
 40000 0.20000000E+02 -.11456287E+04 0.10425713E+02 -.11560544E+04 0.49180750E+03 -.84778770E+08
 45000 0.22500000E+02 -.11456509E+04 0.92838812E+01 -.11549348E+04 0.43794439E+03 0.77858457E+08
 50000 0.25000000E+02 -.11456671E+04 0.10089374E+02 -.11557564E+04 0.47594155E+03 0.12649307E+09
 55000 0.27500000E+02 -.11456842E+04 0.10013331E+02 -.11556975E+04 0.47235442E+03 0.17377289E+09
 60000 0.30000000E+02 -.11457126E+04 0.93446907E+01 -.11550573E+04 0.44081294E+03 0.84343345E+07
 65000 0.32500000E+02 -.11457343E+04 0.10535248E+02 -.11562695E+04 0.49697455E+03 0.50323106E+08
 70000 0.35000000E+02 -.11457610E+04 0.96877897E+01 -.11554488E+04 0.45699779E+03 0.37110273E+08
 75000 0.37500000E+02 -.11457921E+04 0.10063996E+02 -.11558561E+04 0.47474440E+03 0.34920816E+08
 80000 0.40000000E+02 -.11458035E+04 0.91240622E+01 -.11549275E+04 0.43040532E+03 -.30431568E+07
 85000 0.42500000E+02 -.11458116E+04 0.97781505E+01 -.11555897E+04 0.46126034E+03 0.34018251E+08
 90000 0.45000000E+02 -.11458307E+04 0.10118182E+02 -.11559488E+04 0.47730049E+03 -.35508548E+08
 95000 0.47500000E+02 -.11458692E+04 0.10249602E+02 -.11561188E+04 0.48349993E+03 0.74230863E+08
100000 0.50000000E+02 -.11459053E+04 0.93850116E+01 -.11552903E+04 0.44271497E+03 -.91787401E+08
105000 0.52500000E+02 -.11459357E+04 0.10118878E+02 -.11560546E+04 0.47733332E+03 -.46296489E+08
110000 0.55000000E+02 -.11459993E+04 0.10030853E+02 -.11560301E+04 0.47318097E+03 -.62352559E+08
115000 0.57500000E+02 -.11460625E+04 0.95472636E+01 -.11556097E+04 0.45036881E+03 -.37350064E+08
120000 0.60000000E+02 -.11460927E+04 0.98351766E+01 -.11559279E+04 0.46395040E+03 0.77933435E+08
125000 0.62500000E+02 -.11461093E+04 0.97922490E+01 -.11559016E+04 0.46192540E+03 0.81754898E+08
130000 0.65000000E+02 -.11461335E+04 0.10190406E+02 -.11563239E+04 0.48070746E+03 0.28723744E+08
135000 0.67500000E+02 -.11461598E+04 0.97329126E+01 -.11558927E+04 0.45912635E+03 -.92126289E+07
140000 0.70000000E+02 -.11461878E+04 0.10056673E+02 -.11562445E+04 0.47439897E+03 -.11870897E+09
145000 0.72500000E+02 -.11462290E+04 0.10076104E+02 -.11563051E+04 0.47531555E+03 0.52774787E+08
150000 0.75000000E+02 -.11462613E+04 0.10597055E+02 -.11568584E+04 0.49989016E+03 0.64283325E+08
155000 0.77500000E+02 -.11463031E+04 0.10124282E+02 -.11564274E+04 0.47758827E+03 0.19688952E+08
160000 0.80000000E+02 -.11463482E+04 0.97012679E+01 -.11560494E+04 0.45763359E+03 0.82923454E+08
165000 0.82500000E+02 -.11463756E+04 0.97578829E+01 -.11561335E+04 0.46030427E+03 -.65762441E+08
170000 0.85000000E+02 -.11464340E+04 0.91203104E+01 -.11555543E+04 0.43022834E+03 -.11380394E+09
175000 0.87500000E+02 -.11464692E+04 0.10268991E+02 -.11567381E+04 0.48441454E+03 -.56429867E+08
180000 0.90000000E+02 -.11465014E+04 0.89092310E+01 -.11554106E+04 0.42027119E+03 -.76811264E+08
185000 0.92500000E+02 -.11465204E+04 0.99251826E+01 -.11564456E+04 0.46819622E+03 -.24023661E+08
190000 0.95000000E+02 -.11465318E+04 0.95935085E+01 -.11561253E+04 0.45255031E+03 -.35635046E+08
195000 0.97500000E+02 -.11465435E+04 0.10595931E+02 -.11571394E+04 0.49983715E+03 0.95100399E+08
200000 0.10000000E+03 -.11465832E+04 0.97479788E+01 -.11563312E+04 0.45983706E+03 0.25688526E+08
205000 0.10250000E+03 -.11466061E+04 0.96316509E+01 -.11562377E+04 0.45434958E+03 -.58351768E+08
210000 0.10500000E+03 -.11466308E+04 0.96505982E+01 -.11562814E+04 0.45524337E+03 -.10996529E+09
215000 0.10750000E+03 -.11466519E+04 0.97681838E+01 -.11564201E+04 0.46079018E+03 -.36465469E+08
220000 0.11000000E+03 -.11466844E+04 0.10433313E+02 -.11571177E+04 0.49216601E+03 0.92733325E+07
225000 0.11250000E+03 -.11467128E+04 0.86399048E+01 -.11553527E+04 0.40756638E+03 -.20178458E+08
230000 0.11500000E+03 -.11467270E+04 0.98044536E+01 -.11565315E+04 0.46250113E+03 -.98059925E+08
235000 0.11750000E+03 -.11467372E+04 0.10175238E+02 -.11569124E+04 0.47999198E+03 0.39453533E+08
240000 0.12000000E+03 -.11467614E+04 0.97356569E+01 -.11564970E+04 0.45925581E+03 0.10364522E+09
245000 0.12250000E+03 -.11467766E+04 0.10415282E+02 -.11571919E+04 0.49131548E+03 0.43729481E+08
250000 0.12500000E+03 -.11467973E+04 0.93700080E+01 -.11561673E+04 0.44200722E+03 0.28378178E+08
255000 0.12750000E+03 -.11468340E+04 0.95200987E+01 -.11563541E+04 0.44908738E+03 0.76143737E+08
260000 0.13000000E+03 -.11468673E+04 0.94238368E+01 -.11562911E+04 0.44454646E+03 -.96106796E+08
265000 0.13250000E+03 -.11468917E+04 0.82538367E+01 -.11551455E+04 0.38935456E+03 0.25087344E+08
270000 0.13500000E+03 -.11469109E+04 0.90187757E+01 -.11559297E+04 0.42543869E+03 -.91160962E+08
275000 0.13750000E+03 -.11469280E+04 0.87883001E+01 -.11557163E+04 0.41456656E+03 -.70823018E+08
280000 0.14000000E+03 -.11469406E+04 0.10035590E+02 -.11569762E+04 0.47340443E+03 -.76743604E+08
285000 0.14250000E+03 -.11469673E+04 0.90721747E+01 -.11560395E+04 0.42795766E+03 0.10397578E+09
290000 0.14500000E+03 -.11470007E+04 0.91356686E+01 -.11561363E+04 0.43095283E+03 0.65144934E+08
295000 0.14750000E+03 -.11470467E+04 0.96801798E+01 -.11567269E+04 0.45663881E+03 -.10887251E+09
300000 0.15000000E+03 -.11470859E+04 0.93610368E+01 -.11564469E+04 0.44158402E+03 0.68020705E+08
305000 0.15250000E+03 -.11471362E+04 0.91795283E+01 -.11563157E+04 0.43302180E+03 -.36088616E+08
310000 0.15500000E+03 -.11471744E+04 0.96593790E+01 -.11568338E+04 0.45565758E+03 0.58302572E+08
315000 0.15750000E+03 -.11472122E+04 0.98557365E+01 -.11570679E+04 0.46492027E+03 -.51974669E+07
320000 0.16000000E+03 -.11472266E+04 0.91191345E+01 -.11563457E+04 0.43017287E+03 0.85862632E+08
325000 0.16250000E+03 -.11472494E+04 0.85161792E+01 -.11557656E+04 0.40172993E+03 0.58523670E+08
330000 0.16500000E+03 -.11472736E+04 0.85499841E+01 -.11558236E+04 0.40332459E+03 0.24961315E+08
335000 0.16750000E+03 -.11472874E+04 0.95640066E+01 -.11568514E+04 0.45115862E+03 -.63155702E+08
340000 0.17000000E+03 -.11472988E+04 0.94967402E+01 -.11567956E+04 0.44798549E+03 0.83480148E+07
345000 0.17250000E+03 -.11473176E+04 0.92990222E+01 -.11566166E+04 0.43865863E+03 -.85570140E+08
350000 0.17500000E+03 -.11473239E+04 0.91140963E+01 -.11564380E+04 0.42993521E+03 -.27468522E+08
355000 0.17750000E+03 -.11473343E+04 0.86490031E+01 -.11559833E+04 0.40799557E+03 -.45328673E+07
360000 0.18000000E+03 -.11473432E+04 0.87895638E+01 -.11561328E+04 0.41462618E+03 -.28517268E+08
365000 0.18250000E+03 -.11473721E+04 0.92314274E+01 -.11566035E+04 0.43547002E+03 0.87818582E+08
370000 0.18500000E+03 -.11473919E+04 0.90572366E+01 -.11564491E+04 0.42725299E+03 -.27165790E+08
375000 0.18750000E+03 -.11473980E+04 0.95843765E+01 -.11569824E+04 0.45211953E+03 -.32351127E+08
380000 0.19000000E+03 -.11474169E+04 0.86969786E+01 -.11561138E+04 0.41025870E+03 0.47014202E+08
385000 0.19250000E+03 -.11474448E+04 0.87899022E+01 -.11562347E+04 0.41464214E+03 -.19691346E+08
390000 0.19500000E+03 -.11474869E+04 0.92377561E+01 -.11567247E+04 0.43576856E+03 0.60964557E+08
395000 0.19750000E+03 -.11475306E+04 0.94402319E+01 -.11569708E+04 0.44531985E+03 0.56791535E+08
400000 0.20000000E+03 -.11475559E+04 0.91734012E+01 -.11567293E+04 0.43273277E+03 -.37296431E+08
405000 0.20250000E+03 -.11475851E+04 0.90994109E+01 -.11566845E+04 0.42924246E+03 0.78661270E+08
410000 0.20500000E+03 -.11476084E+04 0.86436217E+01 -.11562520E+04 0.40774172E+03 -.16139261E+08
415000 0.20750000E+03 -.11476306E+04 0.88054968E+01 -.11564361E+04 0.41537778E+03 -.12585576E+08
420000 0.21000000E+03 -.11476537E+04 0.90046119E+01 -.11566583E+04 0.42477055E+03 0.70956065E+08
425000 0.21250000E+03 -.11476754E+04 0.94335220E+01 -.11571090E+04 0.44500333E+03 -.80424307E+08
430000 0.21500000E+03 -.11477019E+04 0.93800341E+01 -.11570819E+04 0.44248017E+03 -.36000531E+06
435000 0.21750000E+03 -.11477127E+04 0.94089600E+01 -.11571217E+04 0.44384468E+03 -.14783033E+08
440000 0.22000000E+03 -.11477282E+04 0.93389080E+01 -.11570671E+04 0.44054015E+03 0.71755964E+08
445000 0.22250000E+03 -.11477569E+04 0.86836435E+01 -.11564406E+04 0.40962965E+03 0.37669128E+08
450000 0.22500000E+03 -.11477777E+04 0.84608028E+01 -.11562385E+04 0.39911768E+03 0.16517484E+08
455000 0.22750000E+03 -.11477932E+04 0.80165953E+01 -.11558098E+04 0.37816328E+03 -.23558431E+08
460000 0.23000000E+03 -.11478056E+04 0.83410416E+01 -.11561466E+04 0.39346824E+03 -.24948939E+08
465000 0.23250000E+03 -.11478274E+04 0.80532829E+01 -.11558807E+04 0.37989393E+03 0.40587533E+08
470000 0.23500000E+03 -.11478485E+04 0.87106118E+01 -.11565591E+04 0.41090181E+03 0.11242592E+09
475000 0.23750000E+03 -.11478630E+04 0.91207876E+01 -.11569838E+04 0.43025085E+03 0.21774544E+08
480000 0.24000000E+03 -.11478719E+04 0.91321965E+01 -.11570041E+04 0.43078904E+03 -.23309507E+08
485000 0.24250000E+03 -.11479114E+04 0.95524189E+01 -.11574638E+04 0.45061200E+03 -.86824060E+08
490000 0.24500000E+03 -.11479343E+04 0.94626515E+01 -.11573970E+04 0.44637744E+03 -.24789650E+08
495000 0.24750000E+03 -.11479578E+04 0.88153574E+01 -.11567732E+04 0.41584293E+03 0.11612858E+09
500000 0.25000000E+03 -.11479813E+04 0.90189195E+01 -.11570002E+04 0.42544547E+03 0.34645733E+08
505000 0.25250000E+03 -.11479889E+04 0.91550664E+01 -.11571439E+04 0.43186787E+03 0.43495318E+08
510000 0.25500000E+03 -.11480086E+04 0.85472442E+01 -.11565558E+04 0.40319534E+03 -.56225211E+08
515000 0.25750000E+03 -.11480404E+04 0.84116595E+01 -.11564521E+04 0.39679947E+03 -.89544763E+08
520000 0.26000000E+03 -.11480574E+04 0.91949798E+01 -.11572524E+04 0.43375069E+03 -.62301610E+08
525000 0.26250000E+03 -.11480713E+04 0.86642412E+01 -.11567356E+04 0.40871439E+03 0.55517317E+08
530000 0.26500000E+03 -.11480938E+04 0.88529825E+01 -.11569468E+04 0.41761780E+03 -.30420859E+08
535000 0.26750000E+03 -.11481132E+04 0.84010655E+01 -.11565143E+04 0.39629972E+03 0.11287277E+09
540000 0.27000000E+03 -.11481366E+04 0.90232399E+01 -.11571598E+04 0.42564928E+03 -.10780337E+09
545000 0.27250000E+03 -.11481640E+04 0.92463862E+01 -.11574104E+04 0.43617566E+03 -.62834070E+08
550000 0.27500000E+03 -.11481870E+04 0.83548508E+01 -.11565418E+04 0.39411966E+03 -.17666442E+09
555000 0.27750000E+03 -.11482062E+04 0.83607578E+01 -.11565669E+04 0.39439831E+03 0.60974000E+08
560000 0.28000000E+03 -.11482401E+04 0.94712659E+01 -.11577114E+04 0.44678381E+03 0.14039309E+08
565000 0.28250000E+03 -.11482603E+04 0.80887178E+01 -.11563490E+04 0.38156548E+03 0.94417327E+08
570000 0.28500000E+03 -.11482808E+04 0.88622287E+01 -.11571431E+04 0.41805397E+03 -.34380435E+08
575000 0.28750000E+03 -.11483048E+04 0.82790820E+01 -.11565839E+04 0.39054545E+03 0.11510916E+08
580000 0.29000000E+03 -.11483282E+04 0.91155388E+01 -.11574437E+04 0.43000325E+03 -.68345812E+08
585000 0.29250000E+03 -.11483410E+04 0.89681218E+01 -.11573091E+04 0.42304922E+03 -.36637353E+08
590000 0.29500000E+03 -.11483671E+04 0.80799928E+01 -.11564471E+04 0.38115390E+03 0.12714160E+08
595000 0.29750000E+03 -.11483814E+04 0.91254260E+01 -.11575069E+04 0.43046966E+03 0.42454508E+08
600000 0.30000000E+03 -.11483932E+04 0.90336448E+01 -.11574269E+04 0.42614010E+03 0.44790938E+08
605000 0.30250000E+03 -.11484132E+04 0.75835372E+01 -.11559968E+04 0.35773483E+03 0.12242313E+08
610000 0.30500000E+03 -.11484327E+04 0.88872015E+01 -.11573199E+04 0.41923200E+03 0.21664432E+08
615000 0.30750000E+03 -.11484433E+04 0.88045011E+01 -.11572478E+04 0.41533081E+03 -.50008790E+08
620000 0.31000000E+03 -.11484556E+04 0.94761965E+01 -.11579318E+04 0.44701640E+03 -.30925953E+08
625000 0.31250000E+03 -.11484734E+04 0.89034335E+01 -.11573768E+04 0.41999770E+03 -.47564973E+08
630000 0.31500000E+03 -.11484849E+04 0.91008184E+01 -.11575858E+04 0.42930885E+03 -.58908825E+08
635000 0.31750000E+03 -.11484955E+04 0.79480430E+01 -.11564435E+04 0.37492949E+03 -.33901227E+08
640000 0.32000000E+03 -.11485304E+04 0.85686353E+01 -.11570990E+04 0.40420442E+03 -.15161697E+09
645000 0.32250000E+03 -.11485529E+04 0.82404874E+01 -.11567934E+04 0.38872484E+03 -.15950637E+08
650000 0.32500000E+03 -.11485707E+04 0.85644571E+01 -.11571352E+04 0.40400732E+03 -.10024214E+09
655000 0.32750000E+03 -.11485898E+04 0.82911605E+01 -.11568810E+04 0.39111522E+03 0.33400557E+08
660000 0.33000000E+03 -.11486169E+04 0.85068157E+01 -.11571237E+04 0.40128823E+03 -.30101339E+08
665000 0.33250000E+03 -.11486515E+04 0.87741992E+01 -.11574257E+04 0.41390139E+03 0.25350972E+08
670000 0.33500000E+03 -.11486838E+04 0.79935818E+01 -.11566774E+04 0.37707768E+03 0.43863415E+08
675000 0.33750000E+03 -.11487166E+04 0.84818596E+01 -.11571984E+04 0.40011099E+03 0.43943040E+08
680000 0.34000000E+03 -.11487294E+04 0.82180978E+01 -.11569475E+04 0.38766867E+03 -.91755823E+08
685000 0.34250000E+03 -.11487429E+04 0.86522337E+01 -.11573951E+04 0.40814797E+03 -.26279107E+08
690000 0.34500000E+03 -.11487643E+04 0.87971171E+01 -.11575614E+04 0.41498249E+03 0.94243152E+08
695000 0.34750000E+03 -.11487731E+04 0.80786673E+01 -.11568518E+04 0.38109138E+03 0.18242884E+07
700000 0.35000000E+03 -.11487880E+04 0.88417326E+01 -.11576297E+04 0.41708711E+03 -.46853310E+08
705000 0.35250000E+03 -.11488091E+04 0.87050028E+01 -.11575141E+04 0.41063722E+03 0.37948897E+06
710000 0.35500000E+03 -.11488235E+04 0.82292419E+01 -.11570527E+04 0.38819437E+03 0.64459107E+06
715000 0.35750000E+03 -.11488463E+04 0.81189308E+01 -.11569653E+04 0.38299071E+03 0.17211459E+08
720000 0.36000000E+03 -.11488708E+04 0.85367672E+01 -.11574075E+04 0.40270112E+03 0.75194910E+08
725000 0.36250000E+03 -.11488847E+04 0.85411474E+01 -.11574258E+04 0.40290774E+03 0.27250536E+08
730000 0.36500000E+03 -.11489052E+04 0.89670792E+01 -.11578723E+04 0.42300003E+03 0.20742258E+08
735000 0.36750000E+03 -.11489267E+04 0.78858238E+01 -.11568125E+04 0.37199445E+03 0.45252983E+08
740000 0.37000000E+03 -.11489413E+04 0.82801010E+01 -.11572214E+04 0.39059352E+03 -.66241472E+08
745000 0.37250000E+03 -.11489522E+04 0.78102633E+01 -.11567624E+04 0.36843007E+03 0.54555468E+08
750000 0.37500000E+03 -.11489688E+04 0.87573813E+01 -.11577262E+04 0.41310805E+03 -.42571277E+08
755000 0.37750000E+03 -.11489904E+04 0.80839302E+01 -.11570743E+04 0.38133964E+03 -.71230088E+08
760000 0.38000000E+03 -.11489999E+04 0.82530464E+01 -.11572530E+04 0.38931728E+03 -.11269489E+09
765000 0.38250000E+03 -.11490177E+04 0.89346363E+01 -.11579523E+04 0.42146962E+03 0.62443590E+08
770000 0.38500000E+03 -.11490409E+04 0.75778276E+01 -.11566188E+04 0.35746549E+03 0.71117965E+08
775000 0.38750000E+03 -.11490552E+04 0.86470343E+01 -.11577022E+04 0.40790270E+03 0.33605486E+08
780000 0.39000000E+03 -.11490773E+04 0.77656555E+01 -.11568430E+04 0.36632581E+03 0.17648957E+08
785000 0.39250000E+03 -.11491079E+04 0.80347178E+01 -.11571426E+04 0.37901817E+03 0.89188801E+08
790000 0.39500000E+03 -.11491254E+04 0.82495993E+01 -.11573750E+04 0.38915467E+03 -.22553774E+08
795000 0.39750000E+03 -.11491483E+04 0.79887982E+01 -.11571371E+04 0.37685202E+03 -.68210315E+08
800000 0.40000000E+03 -.11491929E+04 0.86558274E+01 -.11578487E+04 0.40831749E+03 -.18370037E+09
805000 0.40250000E+03 -.11492279E+04 0.81276998E+01 -.11573556E+04 0.38340436E+03 -.64981933E+08
810000 0.40500000E+03 -.11492595E+04 0.83940576E+01 -.11576535E+04 0.39596914E+03 0.34013276E+08
815000 0.40750000E+03 -.11492870E+04 0.86272938E+01 -.11579143E+04 0.40697149E+03 0.80845466E+08
820000 0.41000000E+03 -.11493071E+04 0.82746400E+01 -.11575818E+04 0.39033591E+03 0.28400451E+08
825000 0.41250000E+03 -.11493277E+04 0.90883412E+01 -.11584161E+04 0.42872027E+03 0.45214373E+08
830000 0.41500000E+03 -.11493567E+04 0.91035163E+01 -.11584602E+04 0.42943612E+03 0.46004139E+08
835000 0.41750000E+03 -.11493831E+04 0.79571358E+01 -.11573402E+04 0.37535842E+03 0.89632233E+08
840000 0.42000000E+03 -.11494049E+04 0.81595908E+01 -.11575645E+04 0.38490874E+03 -.20096951E+07
845000 0.42250000E+03 -.11494241E+04 0.84709612E+01 -.11578950E+04 0.39959688E+03 -.37661963E+08
850000 0.42500000E+03 -.11494446E+04 0.80554737E+01 -.11575001E+04 0.37999727E+03 0.18680344E+08
855000 0.42750000E+03 -.11494697E+04 0.77458397E+01 -.11572155E+04 0.36539105E+03 -.13591929E+08
860000 0.43000000E+03 -.11495049E+04 0.82199428E+01 -.11577249E+04 0.38775570E+03 -.12177581E+09
865000 0.43250000E+03 -.11495224E+04 0.77330874E+01 -.11572555E+04 0.36478949E+03 0.63847329E+08
870000 0.43500000E+03 -.11495349E+04 0.84055604E+01 -.11579405E+04 0.39651176E+03 -.15959415E+08
875000 0.43750000E+03 -.11495567E+04 0.80455441E+01 -.11576022E+04 0.37952887E+03 0.79258033E+08
880000 0.44000000E+03 -.11495789E+04 0.83717654E+01 -.11579507E+04 0.39491756E+03 0.46057127E+08
885000 0.44250000E+03 -.11495999E+04 0.73686537E+01 -.11569685E+04 0.34759822E+03 0.26926836E+08
890000 0.44500000E+03 -.11496297E+04 0.80779861E+01 -.11577077E+04 0.38105924E+03 0.10667582E+09
895000 0.44750000E+03 -.11496426E+04 0.77391888E+01 -.11573818E+04 0.36507731E+03 0.29772538E+08
900000 0.45000000E+03 -.11496710E+04 0.77364017E+01 -.11574074E+04 0.36494583E+03 -.49278471E+08
905000 0.45250000E+03 -.11497006E+04 0.81994238E+01 -.11579000E+04 0.38678777E+03 -.57198950E+08
910000 0.45500000E+03 -.11497169E+04 0.81449313E+01 -.11578618E+04 0.38421722E+03 -.20484095E+08
915000 0.45750000E+03 -.11497386E+04 0.78429288E+01 -.11575815E+04 0.36997099E+03 -.39283035E+08
920000 0.46000000E+03 -.11497664E+04 0.76409511E+01 -.11574074E+04 0.36044319E+03 0.44799179E+08
925000 0.46250000E+03 -.11498038E+04 0.79061578E+01 -.11577099E+04 0.37295366E+03 -.73089573E+07
930000 0.46500000E+03 -.11498286E+04 0.81775021E+01 -.11580061E+04 0.38575367E+03 -.31309301E+08
935000 0.46750000E+03 -.11498657E+04 0.79959428E+01 -.11578616E+04 0.37718905E+03 -.78045668E+08
940000 0.47000000E+03 -.11499105E+04 0.84488766E+01 -.11583594E+04 0.39855509E+03 0.54698897E+08
945000 0.47250000E+03 -.11499484E+04 0.74345034E+01 -.11573829E+04 0.35070452E+03 -.45689927E+08
950000 0.47500000E+03 -.11499723E+04 0.85157437E+01 -.11584881E+04 0.40170939E+03 0.33957898E+08
955000 0.47750000E+03 -.11499934E+04 0.74595462E+01 -.11574530E+04 0.35188585E+03 -.91688701E+08
960000 0.48000000E+03 -.11500299E+04 0.84212952E+01 -.11584512E+04 0.39725401E+03 -.61666301E+08
965000 0.48250000E+03 -.11500535E+04 0.79211324E+01 -.11579746E+04 0.37366005E+03 -.15014140E+08
970000 0.48500000E+03 -.11500632E+04 0.76454643E+01 -.11577087E+04 0.36065608E+03 0.50925487E+08
975000 0.48750000E+03 -.11500783E+04 0.75124270E+01 -.11575908E+04 0.35438037E+03 -.61234734E+07
980000 0.49000000E+03 -.11501008E+04 0.77822769E+01 -.11578831E+04 0.36710988E+03 -.18409516E+08
985000 0.49250000E+03 -.11501102E+04 0.76964425E+01 -.11578066E+04 0.36306086E+03 0.22368939E+08
990000 0.49500000E+03 -.11501272E+04 0.82774104E+01 -.11584046E+04 0.39046660E+03 0.24394288E+08
995000 0.49750000E+03 -.11501438E+04 0.82081846E+01 -.11583520E+04 0.38720104E+03 0.51206930E+08
****** 0.50000000E+03 -.11501689E+04 0.78161604E+01 -.11579850E+04 0.36870825E+03 -.28087749E+08
