 Creating tables for Cc-Cc Tersoff potential
    -----> MD RUN:
NSTEP = 1000000 (Number of steps)
dt = 0.00050 (Integration time step in [psec])
KFLAG = 5 (1-Quench, 2-Velocity distribution, 5-Constant Temperature)
LFLAG = 1 (1-Constant Pressure)
KEYBS = 3 (0-pair potential, 1-Stillinger Weber, 2-EAM, 3-Tersoff)
LIDX = 1 (1-periodicity in X direction,0-free boundaries)
LIDY = 1 (1-periodicity in Y direction,0-free boundaries)
LIDZ = 1 (1-periodicity in Z direction,0-free boundaries)
KBOUND =  1 (0-Free,1-rigid)
dim =  3 (3 - 3D simulation,2- 2D simulation)
T0 =  300.0 (Temperature distributed by VEL,[K])
P0 =    0.0 (Desired pressure in con. pressure control,[GPa])
NEWTAB =  50 (Step of neighbors list renewal)
NEPRT = 5000 (Step of printing output information)
NWRITE = 10000 (Step of writing output information)
Ngather =  200 (Step of gathering molecules to the comp. cell)
RSkin =  2.000 (Skin depth in neighbor list calculation [A])
 
    -----> MATERIAL:
XL = 0.26599D+02 (X size of the computational cell [A])
YL = 0.26564D+02 (Y size of the computational cell [A])
ZL = 0.22103D+02 (Z size of the computational cell [A])
DENSM = 0.20816D+00 (Density of the material [gm/cm3])
DENSN = 0.10437D+23 (Density of the material [molec./cm3])
Natoms =    163 (Number of particles in the computational cell)
NTYPE =  2 (Number of particle types)
 
    -----> TYPES OF PARTICLES:
Type  1:   163 particles.  mass = 0.12011D+02 [amu].
Type  2:     0 particles.  mass = 0.00000D+00 [amu].
 
  Step     time     Energy      Kinetic    Potential  Temperature    Pressure
     0 0.00000000E+00 -.11372561E+04 0.73039804E+01 -.11445601E+04 0.34666120E+03 0.48929974E+08
  5000 0.25000000E+01 -.11383931E+04 0.73524789E+01 -.11457456E+04 0.34896304E+03 -.37205506E+08
 10000 0.50000000E+01 -.11389823E+04 0.64819395E+01 -.11454643E+04 0.30764553E+03 -.62486847E+07
 15000 0.75000000E+01 -.11392923E+04 0.65450667E+01 -.11458374E+04 0.31064167E+03 0.43490891E+08
 20000 0.10000000E+02 -.11394740E+04 0.63189292E+01 -.11457929E+04 0.29990874E+03 -.13768287E+07
 25000 0.12500000E+02 -.11395561E+04 0.68506860E+01 -.11464068E+04 0.32514696E+03 0.45282356E+08
 30000 0.15000000E+02 -.11395985E+04 0.63910117E+01 -.11459895E+04 0.30332992E+03 0.39269762E+08
 35000 0.17500000E+02 -.11396270E+04 0.70286487E+01 -.11466557E+04 0.33359342E+03 0.21259702E+08
 40000 0.20000000E+02 -.11396356E+04 0.62688204E+01 -.11459044E+04 0.29753048E+03 -.15932992E+09
 45000 0.22500000E+02 -.11396409E+04 0.58083303E+01 -.11454492E+04 0.27567472E+03 -.67417974E+08
 50000 0.25000000E+02 -.11396469E+04 0.64084435E+01 -.11460554E+04 0.30415727E+03 0.61283423E+08
 55000 0.27500000E+02 -.11396656E+04 0.61938076E+01 -.11458594E+04 0.29397023E+03 -.96050163E+08
 60000 0.30000000E+02 -.11396509E+04 0.60113890E+01 -.11456623E+04 0.28531228E+03 0.90244054E+08
 65000 0.32500000E+02 -.11396440E+04 0.66968001E+01 -.11463408E+04 0.31784324E+03 -.37591834E+06
 70000 0.35000000E+02 -.11396363E+04 0.72851900E+01 -.11469215E+04 0.34576937E+03 0.23129724E+08
 75000 0.37500000E+02 -.11396416E+04 0.57879651E+01 -.11454296E+04 0.27470815E+03 0.62675654E+08
 80000 0.40000000E+02 -.11396452E+04 0.63404846E+01 -.11459857E+04 0.30093181E+03 -.17964376E+08
 85000 0.42500000E+02 -.11396658E+04 0.60979979E+01 -.11457638E+04 0.28942291E+03 -.78825799E+08
 90000 0.45000000E+02 -.11396669E+04 0.64682469E+01 -.11461351E+04 0.30699566E+03 -.51748942E+08
 95000 0.47500000E+02 -.11396566E+04 0.60932036E+01 -.11457498E+04 0.28919537E+03 0.63647976E+08
100000 0.50000000E+02 -.11396532E+04 0.66755487E+01 -.11463288E+04 0.31683461E+03 -.71705249E+08
105000 0.52500000E+02 -.11396465E+04 0.59794840E+01 -.11456259E+04 0.28379801E+03 -.54334222E+08
110000 0.55000000E+02 -.11396525E+04 0.64838017E+01 -.11461363E+04 0.30773392E+03 -.63564032E+08
115000 0.57500000E+02 -.11396733E+04 0.62258905E+01 -.11458992E+04 0.29549295E+03 -.10204787E+09
120000 0.60000000E+02 -.11396624E+04 0.61599003E+01 -.11458223E+04 0.29236092E+03 -.20611262E+08
125000 0.62500000E+02 -.11396632E+04 0.61831257E+01 -.11458463E+04 0.29346324E+03 -.10778479E+08
130000 0.65000000E+02 -.11396673E+04 0.56522068E+01 -.11453195E+04 0.26826479E+03 -.21213613E+08
135000 0.67500000E+02 -.11396644E+04 0.62198967E+01 -.11458843E+04 0.29520847E+03 -.55890775E+08
140000 0.70000000E+02 -.11396641E+04 0.66948188E+01 -.11463590E+04 0.31774920E+03 0.97773027E+08
145000 0.72500000E+02 -.11396623E+04 0.58017835E+01 -.11454640E+04 0.27536400E+03 -.88042884E+08
150000 0.75000000E+02 -.11396583E+04 0.69373553E+01 -.11465957E+04 0.32926046E+03 -.60480726E+08
155000 0.77500000E+02 -.11396446E+04 0.61150513E+01 -.11457597E+04 0.29023230E+03 0.14926282E+08
160000 0.80000000E+02 -.11396382E+04 0.60394019E+01 -.11456776E+04 0.28664183E+03 0.18481164E+08
165000 0.82500000E+02 -.11396416E+04 0.64960913E+01 -.11461377E+04 0.30831720E+03 -.13730071E+08
170000 0.85000000E+02 -.11396470E+04 0.60507421E+01 -.11456978E+04 0.28718006E+03 -.12058526E+09
175000 0.87500000E+02 -.11396540E+04 0.63055524E+01 -.11459595E+04 0.29927385E+03 -.25091315E+08
180000 0.90000000E+02 -.11396516E+04 0.63825465E+01 -.11460342E+04 0.30292815E+03 0.10130117E+09
185000 0.92500000E+02 -.11396427E+04 0.63396215E+01 -.11459824E+04 0.30089084E+03 -.12141037E+08
190000 0.95000000E+02 -.11396466E+04 0.60417544E+01 -.11456883E+04 0.28675349E+03 -.45043298E+08
195000 0.97500000E+02 -.11396295E+04 0.59627773E+01 -.11455922E+04 0.28300508E+03 -.47227861E+08
200000 0.10000000E+03 -.11396338E+04 0.60272586E+01 -.11456610E+04 0.28606549E+03 -.70998264E+08
205000 0.10250000E+03 -.11396591E+04 0.69492606E+01 -.11466084E+04 0.32982551E+03 0.18137895E+08
210000 0.10500000E+03 -.11396635E+04 0.60461667E+01 -.11457097E+04 0.28696290E+03 0.71569218E+08
215000 0.10750000E+03 -.11396571E+04 0.62400314E+01 -.11458971E+04 0.29616410E+03 -.20959654E+08
220000 0.11000000E+03 -.11396452E+04 0.62817400E+01 -.11459270E+04 0.29814367E+03 0.99814679E+07
225000 0.11250000E+03 -.11396553E+04 0.62010172E+01 -.11458563E+04 0.29431241E+03 -.34532541E+08
230000 0.11500000E+03 -.11396586E+04 0.59974568E+01 -.11456561E+04 0.28465104E+03 0.11816327E+08
235000 0.11750000E+03 -.11396577E+04 0.58731159E+01 -.11455309E+04 0.27874957E+03 -.45447012E+08
240000 0.12000000E+03 -.11396550E+04 0.59567307E+01 -.11456117E+04 0.28271810E+03 0.36231826E+08
245000 0.12250000E+03 -.11396601E+04 0.63279668E+01 -.11459880E+04 0.30033769E+03 -.18636625E+08
250000 0.12500000E+03 -.11396611E+04 0.62114259E+01 -.11458725E+04 0.29480643E+03 -.45874743E+08
255000 0.12750000E+03 -.11396594E+04 0.62079967E+01 -.11458674E+04 0.29464367E+03 -.10916605E+08
260000 0.13000000E+03 -.11396515E+04 0.64357378E+01 -.11460872E+04 0.30545271E+03 -.19662210E+08
265000 0.13250000E+03 -.11396422E+04 0.63012059E+01 -.11459434E+04 0.29906756E+03 0.10167402E+09
270000 0.13500000E+03 -.11396583E+04 0.64016803E+01 -.11460600E+04 0.30383627E+03 -.11378889E+08
275000 0.13750000E+03 -.11396631E+04 0.67455337E+01 -.11464086E+04 0.32015623E+03 0.87009368E+08
280000 0.14000000E+03 -.11396555E+04 0.60732220E+01 -.11457287E+04 0.28824700E+03 0.15927320E+09
285000 0.14250000E+03 -.11396584E+04 0.59655244E+01 -.11456239E+04 0.28313546E+03 -.50256666E+08
290000 0.14500000E+03 -.11396572E+04 0.60303470E+01 -.11456876E+04 0.28621207E+03 0.81223805E+08
295000 0.14750000E+03 -.11396548E+04 0.62813689E+01 -.11459361E+04 0.29812606E+03 0.26696386E+08
300000 0.15000000E+03 -.11396462E+04 0.61408749E+01 -.11457871E+04 0.29145794E+03 -.61688012E+08
305000 0.15250000E+03 -.11396562E+04 0.62082027E+01 -.11458644E+04 0.29465345E+03 -.94810393E+08
310000 0.15500000E+03 -.11396547E+04 0.64449748E+01 -.11460997E+04 0.30589111E+03 0.18334662E+09
315000 0.15750000E+03 -.11396693E+04 0.61231577E+01 -.11457925E+04 0.29061705E+03 -.36742022E+08
320000 0.16000000E+03 -.11396663E+04 0.62295785E+01 -.11458959E+04 0.29566799E+03 -.35247580E+08
325000 0.16250000E+03 -.11396495E+04 0.63621250E+01 -.11460117E+04 0.30195890E+03 -.60728729E+08
330000 0.16500000E+03 -.11396651E+04 0.66582267E+01 -.11463234E+04 0.31601247E+03 0.99326875E+08
335000 0.16750000E+03 -.11396676E+04 0.65094944E+01 -.11461771E+04 0.30895334E+03 -.96910323E+08
340000 0.17000000E+03 -.11396594E+04 0.61402415E+01 -.11457996E+04 0.29142788E+03 -.27640475E+08
345000 0.17250000E+03 -.11396574E+04 0.69469391E+01 -.11466043E+04 0.32971533E+03 0.22413635E+08
350000 0.17500000E+03 -.11396472E+04 0.63870734E+01 -.11460343E+04 0.30314300E+03 0.31387161E+08
355000 0.17750000E+03 -.11396567E+04 0.59487785E+01 -.11456055E+04 0.28234067E+03 -.10709467E+09
360000 0.18000000E+03 -.11396584E+04 0.59648707E+01 -.11456233E+04 0.28310444E+03 0.28216640E+08
365000 0.18250000E+03 -.11396519E+04 0.63080575E+01 -.11459599E+04 0.29939275E+03 -.55683282E+08
370000 0.18500000E+03 -.11396550E+04 0.66206915E+01 -.11462757E+04 0.31423097E+03 0.73153968E+07
375000 0.18750000E+03 -.11396494E+04 0.67165252E+01 -.11463659E+04 0.31877943E+03 -.43565507E+08
380000 0.19000000E+03 -.11396483E+04 0.62199689E+01 -.11458682E+04 0.29521190E+03 -.10045561E+09
385000 0.19250000E+03 -.11396476E+04 0.67383235E+01 -.11463859E+04 0.31981402E+03 -.21743103E+08
390000 0.19500000E+03 -.11396456E+04 0.59828531E+01 -.11456284E+04 0.28395791E+03 0.15652029E+08
395000 0.19750000E+03 -.11396409E+04 0.65321739E+01 -.11461731E+04 0.31002976E+03 -.39983187E+08
400000 0.20000000E+03 -.11396561E+04 0.60900890E+01 -.11457462E+04 0.28904754E+03 -.11603360E+09
405000 0.20250000E+03 -.11396605E+04 0.60246890E+01 -.11456852E+04 0.28594353E+03 -.86306459E+07
410000 0.20500000E+03 -.11396415E+04 0.60349226E+01 -.11456764E+04 0.28642924E+03 0.83867288E+07
415000 0.20750000E+03 -.11396505E+04 0.64811622E+01 -.11461316E+04 0.30760864E+03 0.13956604E+08
420000 0.21000000E+03 -.11396408E+04 0.64977764E+01 -.11461386E+04 0.30839718E+03 -.31256193E+08
425000 0.21250000E+03 -.11396541E+04 0.62240259E+01 -.11458781E+04 0.29540445E+03 -.78388493E+08
430000 0.21500000E+03 -.11396663E+04 0.66787027E+01 -.11463450E+04 0.31698430E+03 0.14454612E+09
435000 0.21750000E+03 -.11396538E+04 0.64303716E+01 -.11460842E+04 0.30519802E+03 -.50641361E+08
440000 0.22000000E+03 -.11396614E+04 0.66797722E+01 -.11463412E+04 0.31703506E+03 0.72503514E+07
445000 0.22250000E+03 -.11396622E+04 0.67110666E+01 -.11463732E+04 0.31852035E+03 0.98692679E+07
450000 0.22500000E+03 -.11396538E+04 0.63669511E+01 -.11460208E+04 0.30218796E+03 -.72928989E+07
455000 0.22750000E+03 -.11396462E+04 0.65446780E+01 -.11461909E+04 0.31062322E+03 0.83396618E+07
460000 0.23000000E+03 -.11396407E+04 0.61653528E+01 -.11458061E+04 0.29261971E+03 0.66394400E+08
465000 0.23250000E+03 -.11396372E+04 0.65455511E+01 -.11461828E+04 0.31066466E+03 -.83623241E+08
470000 0.23500000E+03 -.11396413E+04 0.59326252E+01 -.11455740E+04 0.28157400E+03 -.82822428E+08
475000 0.23750000E+03 -.11396435E+04 0.56154586E+01 -.11452590E+04 0.26652066E+03 -.59755324E+08
480000 0.24000000E+03 -.11396572E+04 0.63480196E+01 -.11460052E+04 0.30128943E+03 0.45505738E+08
485000 0.24250000E+03 -.11396724E+04 0.63644680E+01 -.11460368E+04 0.30207011E+03 -.75863702E+08
490000 0.24500000E+03 -.11396661E+04 0.64593336E+01 -.11461254E+04 0.30657261E+03 0.18786606E+08
495000 0.24750000E+03 -.11396756E+04 0.63091475E+01 -.11459847E+04 0.29944448E+03 -.53715160E+08
500000 0.25000000E+03 -.11396743E+04 0.64742745E+01 -.11461486E+04 0.30728174E+03 0.29877357E+08
505000 0.25250000E+03 -.11396609E+04 0.59761443E+01 -.11456371E+04 0.28363950E+03 -.20143463E+08
510000 0.25500000E+03 -.11396470E+04 0.59598890E+01 -.11456069E+04 0.28286800E+03 0.22699569E+08
515000 0.25750000E+03 -.11396632E+04 0.66302654E+01 -.11462934E+04 0.31468537E+03 -.56040141E+08
520000 0.26000000E+03 -.11396543E+04 0.63267498E+01 -.11459811E+04 0.30027992E+03 -.16211451E+08
525000 0.26250000E+03 -.11396524E+04 0.61560239E+01 -.11458084E+04 0.29217694E+03 -.19688831E+08
530000 0.26500000E+03 -.11396588E+04 0.63663429E+01 -.11460251E+04 0.30215909E+03 -.70101409E+08
535000 0.26750000E+03 -.11396639E+04 0.63457746E+01 -.11460097E+04 0.30118288E+03 -.67350235E+08
540000 0.27000000E+03 -.11396734E+04 0.59064206E+01 -.11455798E+04 0.28033028E+03 -.14381286E+09
545000 0.27250000E+03 -.11396634E+04 0.64697471E+01 -.11461331E+04 0.30706686E+03 0.31081121E+08
550000 0.27500000E+03 -.11396606E+04 0.64944459E+01 -.11461550E+04 0.30823911E+03 -.60955965E+08
555000 0.27750000E+03 -.11396615E+04 0.68669342E+01 -.11465284E+04 0.32591813E+03 0.46527131E+08
560000 0.28000000E+03 -.11396549E+04 0.62596748E+01 -.11459146E+04 0.29709641E+03 -.52611573E+08
565000 0.28250000E+03 -.11396573E+04 0.67913573E+01 -.11464486E+04 0.32233111E+03 0.18162047E+09
570000 0.28500000E+03 -.11396721E+04 0.63335121E+01 -.11460057E+04 0.30060088E+03 0.66919663E+08
575000 0.28750000E+03 -.11396625E+04 0.67830801E+01 -.11464456E+04 0.32193825E+03 0.79291908E+07
580000 0.29000000E+03 -.11396588E+04 0.65999977E+01 -.11462588E+04 0.31324881E+03 0.24454253E+08
585000 0.29250000E+03 -.11396595E+04 0.62463817E+01 -.11459059E+04 0.29646550E+03 0.24157687E+08
590000 0.29500000E+03 -.11396590E+04 0.63118873E+01 -.11459709E+04 0.29957452E+03 -.50069457E+08
595000 0.29750000E+03 -.11396629E+04 0.61426306E+01 -.11458055E+04 0.29154127E+03 -.18181659E+08
600000 0.30000000E+03 -.11396719E+04 0.62082923E+01 -.11458802E+04 0.29465770E+03 -.67925937E+08
605000 0.30250000E+03 -.11396714E+04 0.66209697E+01 -.11462923E+04 0.31424418E+03 -.21255162E+08
610000 0.30500000E+03 -.11396627E+04 0.57398628E+01 -.11454025E+04 0.27242512E+03 -.87658027E+08
615000 0.30750000E+03 -.11396651E+04 0.64074759E+01 -.11460726E+04 0.30411135E+03 -.46146498E+08
620000 0.31000000E+03 -.11396685E+04 0.57548129E+01 -.11454233E+04 0.27313468E+03 0.14950477E+08
625000 0.31250000E+03 -.11396791E+04 0.62726795E+01 -.11459518E+04 0.29771364E+03 0.47909456E+08
630000 0.31500000E+03 -.11396736E+04 0.63003414E+01 -.11459739E+04 0.29902653E+03 0.68725481E+08
635000 0.31750000E+03 -.11396769E+04 0.67492872E+01 -.11464262E+04 0.32033438E+03 -.67618709E+08
640000 0.32000000E+03 -.11396804E+04 0.63850533E+01 -.11460655E+04 0.30304712E+03 0.43358651E+08
645000 0.32250000E+03 -.11396684E+04 0.58589850E+01 -.11455274E+04 0.27807890E+03 0.24166644E+08
650000 0.32500000E+03 -.11396548E+04 0.57209531E+01 -.11453758E+04 0.27152763E+03 -.37856726E+08
655000 0.32750000E+03 -.11396595E+04 0.60267953E+01 -.11456863E+04 0.28604350E+03 0.10400223E+09
660000 0.33000000E+03 -.11396691E+04 0.57324641E+01 -.11454016E+04 0.27207396E+03 0.49090082E+08
665000 0.33250000E+03 -.11396655E+04 0.60641105E+01 -.11457296E+04 0.28781455E+03 -.11567300E+08
670000 0.33500000E+03 -.11396590E+04 0.64442779E+01 -.11461033E+04 0.30585804E+03 0.32555310E+08
675000 0.33750000E+03 -.11396619E+04 0.62844104E+01 -.11459463E+04 0.29827041E+03 0.64445275E+08
680000 0.34000000E+03 -.11396509E+04 0.64592486E+01 -.11461101E+04 0.30656858E+03 -.62681671E+08
685000 0.34250000E+03 -.11396715E+04 0.65587960E+01 -.11462303E+04 0.31129329E+03 -.47299467E+08
690000 0.34500000E+03 -.11396562E+04 0.70633053E+01 -.11467195E+04 0.33523829E+03 0.13297886E+08
695000 0.34750000E+03 -.11396613E+04 0.60953491E+01 -.11457566E+04 0.28929720E+03 -.51933613E+08
700000 0.35000000E+03 -.11396580E+04 0.63691131E+01 -.11460272E+04 0.30229057E+03 -.50706772E+07
705000 0.35250000E+03 -.11396534E+04 0.63179838E+01 -.11459714E+04 0.29986388E+03 -.23965550E+08
710000 0.35500000E+03 -.11396427E+04 0.66475425E+01 -.11462902E+04 0.31550538E+03 0.11304494E+08
715000 0.35750000E+03 -.11396444E+04 0.65317926E+01 -.11461762E+04 0.31001166E+03 0.82045222E+07
720000 0.36000000E+03 -.11396497E+04 0.63436038E+01 -.11459933E+04 0.30107985E+03 -.12417872E+08
725000 0.36250000E+03 -.11396471E+04 0.64374250E+01 -.11460845E+04 0.30553279E+03 -.48356769E+07
730000 0.36500000E+03 -.11396581E+04 0.62179740E+01 -.11458761E+04 0.29511721E+03 0.43462765E+08
735000 0.36750000E+03 -.11396535E+04 0.60819142E+01 -.11457354E+04 0.28865955E+03 -.10933453E+09
740000 0.37000000E+03 -.11396572E+04 0.65397465E+01 -.11461969E+04 0.31038917E+03 0.89999158E+07
745000 0.37250000E+03 -.11396675E+04 0.58565613E+01 -.11455241E+04 0.27796386E+03 -.51884934E+08
750000 0.37500000E+03 -.11396696E+04 0.60546750E+01 -.11457242E+04 0.28736672E+03 -.36497601E+08
755000 0.37750000E+03 -.11396744E+04 0.61164756E+01 -.11457909E+04 0.29029990E+03 0.92344120E+08
760000 0.38000000E+03 -.11396816E+04 0.67021496E+01 -.11463837E+04 0.31809713E+03 0.30455140E+08
765000 0.38250000E+03 -.11396900E+04 0.62486542E+01 -.11459387E+04 0.29657336E+03 0.89624930E+08
770000 0.38500000E+03 -.11396824E+04 0.65080102E+01 -.11461904E+04 0.30888290E+03 -.25976950E+08
775000 0.38750000E+03 -.11396671E+04 0.63635402E+01 -.11460306E+04 0.30202607E+03 -.22706685E+08
780000 0.39000000E+03 -.11396456E+04 0.65776196E+01 -.11462232E+04 0.31218670E+03 -.30473126E+08
785000 0.39250000E+03 -.11396473E+04 0.62671170E+01 -.11459144E+04 0.29744964E+03 0.10137617E+09
790000 0.39500000E+03 -.11396576E+04 0.64893295E+01 -.11461469E+04 0.30799628E+03 0.15923088E+07
795000 0.39750000E+03 -.11396543E+04 0.61271150E+01 -.11457814E+04 0.29080487E+03 -.70484619E+08
800000 0.40000000E+03 -.11396596E+04 0.65555992E+01 -.11462152E+04 0.31114156E+03 0.18076652E+08
805000 0.40250000E+03 -.11396596E+04 0.62300606E+01 -.11458896E+04 0.29569087E+03 0.68067387E+08
810000 0.40500000E+03 -.11396598E+04 0.62373008E+01 -.11458971E+04 0.29603450E+03 -.54029348E+08
815000 0.40750000E+03 -.11396471E+04 0.65651376E+01 -.11462122E+04 0.31159428E+03 0.53321748E+08
820000 0.41000000E+03 -.11396383E+04 0.66595168E+01 -.11462979E+04 0.31607370E+03 -.12584618E+08
825000 0.41250000E+03 -.11396612E+04 0.60886543E+01 -.11457498E+04 0.28897945E+03 -.17833993E+08
830000 0.41500000E+03 -.11396491E+04 0.63919031E+01 -.11460410E+04 0.30337223E+03 0.31636455E+08
835000 0.41750000E+03 -.11396420E+04 0.62772090E+01 -.11459192E+04 0.29792862E+03 0.36272762E+08
840000 0.42000000E+03 -.11396516E+04 0.67515063E+01 -.11464031E+04 0.32043970E+03 0.77848544E+08
845000 0.42250000E+03 -.11396531E+04 0.62254697E+01 -.11458785E+04 0.29547297E+03 0.18200922E+08
850000 0.42500000E+03 -.11396523E+04 0.57637609E+01 -.11454161E+04 0.27355937E+03 -.84537033E+07
855000 0.42750000E+03 -.11396604E+04 0.61399951E+01 -.11458004E+04 0.29141618E+03 0.13076578E+08
860000 0.43000000E+03 -.11396495E+04 0.67697651E+01 -.11464193E+04 0.32130630E+03 0.62628490E+08
865000 0.43250000E+03 -.11396540E+04 0.65053720E+01 -.11461593E+04 0.30875769E+03 -.92209827E+08
870000 0.43500000E+03 -.11396535E+04 0.60985607E+01 -.11457521E+04 0.28944963E+03 -.12851446E+09
875000 0.43750000E+03 -.11396444E+04 0.64903112E+01 -.11461347E+04 0.30804287E+03 -.30182193E+08
880000 0.44000000E+03 -.11396461E+04 0.59765439E+01 -.11456226E+04 0.28365847E+03 0.27626825E+08
885000 0.44250000E+03 -.11396501E+04 0.59655116E+01 -.11456156E+04 0.28313485E+03 0.39517494E+08
890000 0.44500000E+03 -.11396510E+04 0.59940195E+01 -.11456451E+04 0.28448789E+03 -.75622749E+08
895000 0.44750000E+03 -.11396621E+04 0.62384998E+01 -.11459006E+04 0.29609141E+03 -.19026801E+08
900000 0.45000000E+03 -.11396728E+04 0.65321758E+01 -.11462050E+04 0.31002985E+03 0.17809535E+09
905000 0.45250000E+03 -.11396674E+04 0.63238355E+01 -.11459913E+04 0.30014161E+03 0.42517331E+08
910000 0.45500000E+03 -.11396808E+04 0.65144229E+01 -.11461952E+04 0.30918726E+03 0.62885658E+08
915000 0.45750000E+03 -.11396732E+04 0.60918200E+01 -.11457650E+04 0.28912970E+03 0.12679151E+09
920000 0.46000000E+03 -.11396550E+04 0.60176278E+01 -.11456726E+04 0.28560839E+03 -.77963895E+08
925000 0.46250000E+03 -.11396536E+04 0.58448708E+01 -.11454984E+04 0.27740900E+03 0.11711005E+09
930000 0.46500000E+03 -.11396505E+04 0.67706095E+01 -.11464211E+04 0.32134638E+03 0.42351439E+08
935000 0.46750000E+03 -.11396518E+04 0.57494414E+01 -.11454013E+04 0.27287974E+03 0.81415906E+08
940000 0.47000000E+03 -.11396540E+04 0.68000591E+01 -.11464540E+04 0.32274411E+03 0.87786188E+08
945000 0.47250000E+03 -.11396546E+04 0.63879733E+01 -.11460426E+04 0.30318571E+03 -.16563774E+08
950000 0.47500000E+03 -.11396490E+04 0.59434577E+01 -.11455925E+04 0.28208813E+03 0.19788661E+07
955000 0.47750000E+03 -.11396481E+04 0.63783260E+01 -.11460265E+04 0.30272783E+03 -.18316721E+08
960000 0.48000000E+03 -.11396569E+04 0.61952145E+01 -.11458521E+04 0.29403700E+03 -.27776201E+07
965000 0.48250000E+03 -.11396544E+04 0.58825253E+01 -.11455369E+04 0.27919616E+03 0.84175671E+08
970000 0.48500000E+03 -.11396496E+04 0.62733052E+01 -.11459229E+04 0.29774334E+03 0.31511778E+08
975000 0.48750000E+03 -.11396505E+04 0.66534281E+01 -.11463039E+04 0.31578472E+03 -.16105027E+08
980000 0.49000000E+03 -.11396525E+04 0.67826851E+01 -.11464352E+04 0.32191951E+03 0.15258466E+07
985000 0.49250000E+03 -.11396776E+04 0.59617261E+01 -.11456393E+04 0.28295519E+03 -.34305589E+08
990000 0.49500000E+03 -.11396765E+04 0.61620290E+01 -.11458385E+04 0.29246196E+03 0.43801618E+08
995000 0.49750000E+03 -.11396639E+04 0.65640204E+01 -.11462279E+04 0.31154125E+03 -.26597781E+08
****** 0.50000000E+03 -.11396642E+04 0.63439341E+01 -.11460082E+04 0.30109553E+03 -.34726584E+08
