 Creating tables for Cc-Cc Tersoff potential
    -----> MD RUN:
NSTEP = 1000000 (Number of steps)
dt = 0.00050 (Integration time step in [psec])
KFLAG = 2 (1-Quench, 2-Velocity distribution, 5-Constant Temperature)
LFLAG = 1 (1-Constant Pressure)
KEYBS = 3 (0-pair potential, 1-Stillinger Weber, 2-EAM, 3-Tersoff)
LIDX = 1 (1-periodicity in X direction,0-free boundaries)
LIDY = 1 (1-periodicity in Y direction,0-free boundaries)
LIDZ = 0 (1-periodicity in Z direction,0-free boundaries)
KBOUND =  1 (0-Free,1-rigid)
dim =  3 (3 - 3D simulation,2- 2D simulation)
T0 =  300.0 (Temperature distributed by VEL,[K])
P0 =    0.0 (Desired pressure in con. pressure control,[GPa])
NEWTAB =  50 (Step of neighbors list renewal)
NEPRT = 5000 (Step of printing output information)
NWRITE = 10000 (Step of writing output information)
Ngather =  200 (Step of gathering molecules to the comp. cell)
RSkin =  2.000 (Skin depth in neighbor list calculation [A])
 
    -----> MATERIAL:
XL = 0.21676D+02 (X size of the computational cell [A])
YL = 0.21676D+02 (Y size of the computational cell [A])
ZL = 0.43414D+02 (Z size of the computational cell [A])
DENSM = 0.15644D+00 (Density of the material [gm/cm3])
DENSN = 0.78438D+22 (Density of the material [molec./cm3])
Natoms =    160 (Number of particles in the computational cell)
NTYPE =  2 (Number of particle types)
 
    -----> TYPES OF PARTICLES:
Type  1:   160 particles.  mass = 0.12011D+02 [amu].
Type  2:     0 particles.  mass = 0.00000D+00 [amu].
 
  Step     time     Energy      Kinetic    Potential  Temperature    Pressure
     0 0.00000000E+00 -.98896585E+03 0.10589590E+02 -.99955544E+03 0.60238409E+03 0.26340365E+10
  5000 0.25000000E+01 -.99204512E+03 0.24402182E+02 -.10164473E+04 0.13881072E+04 0.44298059E+09
 10000 0.50000000E+01 -.99259592E+03 0.26597563E+02 -.10191935E+04 0.15129904E+04 0.39732615E+09
 15000 0.75000000E+01 -.99302869E+03 0.23835134E+02 -.10168638E+04 0.13558509E+04 0.33063110E+09
 20000 0.10000000E+02 -.99333865E+03 0.24785701E+02 -.10181244E+04 0.14099235E+04 0.28967954E+09
 25000 0.12500000E+02 -.99363604E+03 0.23121937E+02 -.10167580E+04 0.13152810E+04 0.18473932E+09
 30000 0.15000000E+02 -.99380469E+03 0.24733727E+02 -.10185384E+04 0.14069670E+04 0.14033130E+09
 35000 0.17500000E+02 -.99397278E+03 0.25251143E+02 -.10192239E+04 0.14363999E+04 0.21892309E+09
 40000 0.20000000E+02 -.99413803E+03 0.25210304E+02 -.10193483E+04 0.14340768E+04 0.14429521E+09
 45000 0.22500000E+02 -.99423725E+03 0.25688436E+02 -.10199257E+04 0.14612752E+04 0.90756499E+08
 50000 0.25000000E+02 -.99430791E+03 0.23277569E+02 -.10175855E+04 0.13241341E+04 0.51980403E+08
 55000 0.27500000E+02 -.99438609E+03 0.27313615E+02 -.10216997E+04 0.15537227E+04 0.12322184E+09
 60000 0.30000000E+02 -.99440055E+03 0.25369134E+02 -.10197697E+04 0.14431118E+04 0.20382757E+09
 65000 0.32500000E+02 -.99438762E+03 0.26199602E+02 -.10205872E+04 0.14903526E+04 0.16381170E+09
 70000 0.35000000E+02 -.99437669E+03 0.26481350E+02 -.10208580E+04 0.15063797E+04 0.15187392E+09
 75000 0.37500000E+02 -.99436963E+03 0.25726834E+02 -.10200965E+04 0.14634594E+04 0.96055605E+08
 80000 0.40000000E+02 -.99434213E+03 0.25539654E+02 -.10198818E+04 0.14528117E+04 0.49211464E+08
 85000 0.42500000E+02 -.99434252E+03 0.25161749E+02 -.10195043E+04 0.14313148E+04 0.70179178E+07
 90000 0.45000000E+02 -.99433542E+03 0.26771805E+02 -.10211072E+04 0.15229021E+04 0.74115625E+08
 95000 0.47500000E+02 -.99431860E+03 0.25676741E+02 -.10199953E+04 0.14606099E+04 0.24415231E+08
100000 0.50000000E+02 -.99429073E+03 0.24912853E+02 -.10192036E+04 0.14171565E+04 0.14646150E+09
105000 0.52500000E+02 -.99425085E+03 0.26549772E+02 -.10208006E+04 0.15102718E+04 0.19354625E+09
110000 0.55000000E+02 -.99422630E+03 0.23581846E+02 -.10178081E+04 0.13414427E+04 0.11915168E+09
115000 0.57500000E+02 -.99418291E+03 0.24904451E+02 -.10190874E+04 0.14166785E+04 0.95042917E+08
120000 0.60000000E+02 -.99413167E+03 0.25389217E+02 -.10195209E+04 0.14442542E+04 0.93409963E+08
125000 0.62500000E+02 -.99408883E+03 0.26201708E+02 -.10202905E+04 0.14904724E+04 -.48038307E+08
130000 0.65000000E+02 -.99407749E+03 0.25227884E+02 -.10193054E+04 0.14350769E+04 -.56035984E+08
135000 0.67500000E+02 -.99412246E+03 0.28824127E+02 -.10229466E+04 0.16396475E+04 0.13631465E+09
140000 0.70000000E+02 -.99417326E+03 0.24981718E+02 -.10191550E+04 0.14210738E+04 0.94720457E+07
145000 0.72500000E+02 -.99416013E+03 0.26292854E+02 -.10204530E+04 0.14956572E+04 0.32680158E+08
150000 0.75000000E+02 -.99414570E+03 0.27834758E+02 -.10219805E+04 0.15833677E+04 0.14893151E+09
155000 0.77500000E+02 -.99412753E+03 0.25991701E+02 -.10201192E+04 0.14785263E+04 -.20291048E+08
160000 0.80000000E+02 -.99412599E+03 0.23265005E+02 -.10173910E+04 0.13234194E+04 0.30716392E+08
165000 0.82500000E+02 -.99409736E+03 0.23983337E+02 -.10180807E+04 0.13642814E+04 0.99550376E+07
170000 0.85000000E+02 -.99410096E+03 0.23420359E+02 -.10175213E+04 0.13322566E+04 -.13834758E+09
175000 0.87500000E+02 -.99414572E+03 0.25695062E+02 -.10198408E+04 0.14616521E+04 0.16679274E+09
180000 0.90000000E+02 -.99416226E+03 0.26462392E+02 -.10206246E+04 0.15053013E+04 0.20227975E+08
185000 0.92500000E+02 -.99414011E+03 0.24820609E+02 -.10189607E+04 0.14119092E+04 0.13874680E+09
190000 0.95000000E+02 -.99418979E+03 0.26231955E+02 -.10204217E+04 0.14921930E+04 -.83490100E+06
195000 0.97500000E+02 -.99413954E+03 0.26348452E+02 -.10204880E+04 0.14988199E+04 0.26535923E+08
200000 0.10000000E+03 -.99413469E+03 0.25142797E+02 -.10192775E+04 0.14302367E+04 0.41652516E+08
205000 0.10250000E+03 -.99413386E+03 0.25267464E+02 -.10194013E+04 0.14373284E+04 0.86107447E+08
210000 0.10500000E+03 -.99416544E+03 0.25492041E+02 -.10196575E+04 0.14501033E+04 0.37997190E+08
215000 0.10750000E+03 -.99416535E+03 0.23271513E+02 -.10174369E+04 0.13237896E+04 0.42177488E+08
220000 0.11000000E+03 -.99415099E+03 0.25903895E+02 -.10200549E+04 0.14735314E+04 -.27956707E+08
225000 0.11250000E+03 -.99416019E+03 0.25305083E+02 -.10194653E+04 0.14394683E+04 -.66421582E+08
230000 0.11500000E+03 -.99415826E+03 0.23761252E+02 -.10179195E+04 0.13516482E+04 0.28661687E+08
235000 0.11750000E+03 -.99418020E+03 0.26651874E+02 -.10208321E+04 0.15160799E+04 -.32585368E+08
240000 0.12000000E+03 -.99419664E+03 0.24827426E+02 -.10190241E+04 0.14122970E+04 0.41897652E+08
245000 0.12250000E+03 -.99420218E+03 0.24703220E+02 -.10189054E+04 0.14052316E+04 -.24008682E+08
250000 0.12500000E+03 -.99421506E+03 0.26406644E+02 -.10206217E+04 0.15021301E+04 0.35736954E+08
255000 0.12750000E+03 -.99421839E+03 0.24875561E+02 -.10190939E+04 0.14150351E+04 0.68817969E+08
260000 0.13000000E+03 -.99421061E+03 0.27933581E+02 -.10221442E+04 0.15889892E+04 0.28850661E+08
265000 0.13250000E+03 -.99421898E+03 0.25526287E+02 -.10197453E+04 0.14520514E+04 0.14485324E+09
270000 0.13500000E+03 -.99421636E+03 0.24904460E+02 -.10191208E+04 0.14166790E+04 0.13027841E+08
275000 0.13750000E+03 -.99426006E+03 0.24830807E+02 -.10190909E+04 0.14124893E+04 0.21482889E+08
280000 0.14000000E+03 -.99426342E+03 0.25798316E+02 -.10200617E+04 0.14675256E+04 0.92303502E+08
285000 0.14250000E+03 -.99429666E+03 0.26527415E+02 -.10208241E+04 0.15090001E+04 0.69705511E+08
290000 0.14500000E+03 -.99431689E+03 0.29149411E+02 -.10234663E+04 0.16581511E+04 0.79777896E+08
295000 0.14750000E+03 -.99433902E+03 0.26537108E+02 -.10208761E+04 0.15095515E+04 -.64256003E+08
300000 0.15000000E+03 -.99435438E+03 0.25334902E+02 -.10196893E+04 0.14411646E+04 0.81914051E+08
305000 0.15250000E+03 -.99444739E+03 0.24430693E+02 -.10188781E+04 0.13897290E+04 0.91911395E+07
310000 0.15500000E+03 -.99447626E+03 0.24755310E+02 -.10192316E+04 0.14081947E+04 -.12323465E+09
315000 0.15750000E+03 -.99454346E+03 0.25940976E+02 -.10204844E+04 0.14756408E+04 -.18461603E+08
320000 0.16000000E+03 -.99460244E+03 0.25960953E+02 -.10205634E+04 0.14767772E+04 0.20609911E+08
325000 0.16250000E+03 -.99466507E+03 0.24988285E+02 -.10196534E+04 0.14214474E+04 0.68049753E+07
330000 0.16500000E+03 -.99472207E+03 0.25464133E+02 -.10201862E+04 0.14485158E+04 -.76920924E+08
335000 0.16750000E+03 -.99476159E+03 0.25442507E+02 -.10202041E+04 0.14472856E+04 -.61440106E+08
340000 0.17000000E+03 -.99482742E+03 0.25440300E+02 -.10202677E+04 0.14471600E+04 -.43909509E+08
345000 0.17250000E+03 -.99486202E+03 0.25159091E+02 -.10200211E+04 0.14311636E+04 -.43825359E+08
350000 0.17500000E+03 -.99489980E+03 0.24707022E+02 -.10196068E+04 0.14054479E+04 -.19279707E+08
355000 0.17750000E+03 -.99494822E+03 0.26015416E+02 -.10209636E+04 0.14798752E+04 -.72770508E+08
360000 0.18000000E+03 -.99500705E+03 0.26256574E+02 -.10212636E+04 0.14935934E+04 -.56025852E+08
365000 0.18250000E+03 -.99508043E+03 0.25385971E+02 -.10204664E+04 0.14440695E+04 -.11286367E+09
370000 0.18500000E+03 -.99517807E+03 0.24983148E+02 -.10201612E+04 0.14211551E+04 0.63923558E+07
375000 0.18750000E+03 -.99520021E+03 0.26474558E+02 -.10216748E+04 0.15059933E+04 -.42853496E+08
380000 0.19000000E+03 -.99524762E+03 0.26480978E+02 -.10217286E+04 0.15063586E+04 -.15008582E+09
385000 0.19250000E+03 -.99531912E+03 0.26360680E+02 -.10216798E+04 0.14995155E+04 0.48489965E+08
390000 0.19500000E+03 -.99532939E+03 0.25835370E+02 -.10211648E+04 0.14696335E+04 0.44780300E+08
395000 0.19750000E+03 -.99535583E+03 0.25359031E+02 -.10207149E+04 0.14425371E+04 -.20338416E+08
400000 0.20000000E+03 -.99537208E+03 0.25800730E+02 -.10211728E+04 0.14676630E+04 -.48145556E+08
405000 0.20250000E+03 -.99540031E+03 0.23806078E+02 -.10192064E+04 0.13541981E+04 -.91097713E+08
410000 0.20500000E+03 -.99545786E+03 0.25590584E+02 -.10210484E+04 0.14557089E+04 -.41377512E+08
415000 0.20750000E+03 -.99550952E+03 0.25967079E+02 -.10214766E+04 0.14771256E+04 0.87569991E+08
420000 0.21000000E+03 -.99555419E+03 0.24257378E+02 -.10198116E+04 0.13798701E+04 -.41175172E+08
425000 0.21250000E+03 -.99558136E+03 0.24510314E+02 -.10200917E+04 0.13942582E+04 0.24442678E+08
430000 0.21500000E+03 -.99566362E+03 0.26833523E+02 -.10224971E+04 0.15264129E+04 -.60581926E+07
435000 0.21750000E+03 -.99570802E+03 0.25773408E+02 -.10214814E+04 0.14661088E+04 0.18871504E+08
440000 0.22000000E+03 -.99575379E+03 0.24965163E+02 -.10207190E+04 0.14201321E+04 -.46953772E+08
445000 0.22250000E+03 -.99576617E+03 0.22985982E+02 -.10187522E+04 0.13075473E+04 -.70419869E+08
450000 0.22500000E+03 -.99579974E+03 0.24037023E+02 -.10198368E+04 0.13673352E+04 -.37375745E+08
455000 0.22750000E+03 -.99580420E+03 0.25556312E+02 -.10213605E+04 0.14537593E+04 -.11449125E+08
460000 0.23000000E+03 -.99582708E+03 0.24175289E+02 -.10200024E+04 0.13752004E+04 0.78943608E+08
465000 0.23250000E+03 -.99585881E+03 0.26018191E+02 -.10218770E+04 0.14800331E+04 0.47144828E+08
470000 0.23500000E+03 -.99592173E+03 0.27012987E+02 -.10229347E+04 0.15366216E+04 -.57194342E+08
475000 0.23750000E+03 -.99595692E+03 0.26458517E+02 -.10224154E+04 0.15050808E+04 -.34576973E+08
480000 0.24000000E+03 -.99599976E+03 0.25045709E+02 -.10210455E+04 0.14247139E+04 0.56575336E+08
485000 0.24250000E+03 -.99605276E+03 0.23838291E+02 -.10198910E+04 0.13560305E+04 0.34892993E+08
490000 0.24500000E+03 -.99608970E+03 0.25022281E+02 -.10211120E+04 0.14233812E+04 -.35196656E+08
495000 0.24750000E+03 -.99612538E+03 0.24966302E+02 -.10210917E+04 0.14201969E+04 -.41232186E+08
500000 0.25000000E+03 -.99616669E+03 0.25731084E+02 -.10218978E+04 0.14637012E+04 0.91701545E+08
505000 0.25250000E+03 -.99620388E+03 0.24706103E+02 -.10209100E+04 0.14053956E+04 -.85739698E+08
510000 0.25500000E+03 -.99622356E+03 0.25775427E+02 -.10219990E+04 0.14662236E+04 -.19756410E+08
515000 0.25750000E+03 -.99623775E+03 0.23529670E+02 -.10197674E+04 0.13384747E+04 0.26737834E+07
520000 0.26000000E+03 -.99627667E+03 0.26866222E+02 -.10231429E+04 0.15282730E+04 -.34737583E+08
525000 0.26250000E+03 -.99630098E+03 0.24093444E+02 -.10203944E+04 0.13705447E+04 0.14487522E+08
530000 0.26500000E+03 -.99636758E+03 0.25674564E+02 -.10220421E+04 0.14604861E+04 0.16332137E+08
535000 0.26750000E+03 -.99640602E+03 0.25690743E+02 -.10220968E+04 0.14614064E+04 0.31768711E+08
540000 0.27000000E+03 -.99644608E+03 0.22707110E+02 -.10191532E+04 0.12916838E+04 0.64760237E+08
545000 0.27250000E+03 -.99646640E+03 0.22070818E+02 -.10185372E+04 0.12554886E+04 0.81411722E+08
550000 0.27500000E+03 -.99653523E+03 0.24109079E+02 -.10206443E+04 0.13714342E+04 -.49654185E+08
555000 0.27750000E+03 -.99662263E+03 0.22795895E+02 -.10194185E+04 0.12967343E+04 0.63656154E+08
560000 0.28000000E+03 -.99666374E+03 0.23773481E+02 -.10204372E+04 0.13523438E+04 -.70896814E+08
565000 0.28250000E+03 -.99670150E+03 0.24000388E+02 -.10207019E+04 0.13652513E+04 -.10547986E+09
570000 0.28500000E+03 -.99672310E+03 0.26992527E+02 -.10237156E+04 0.15354578E+04 -.41867964E+08
575000 0.28750000E+03 -.99675830E+03 0.24150301E+02 -.10209086E+04 0.13737790E+04 -.30114844E+08
580000 0.29000000E+03 -.99677898E+03 0.24299588E+02 -.10210786E+04 0.13822712E+04 -.13705179E+07
585000 0.29250000E+03 -.99684404E+03 0.27401779E+02 -.10242458E+04 0.15587379E+04 0.18544053E+08
590000 0.29500000E+03 -.99687924E+03 0.25127996E+02 -.10220072E+04 0.14293948E+04 -.60292858E+08
595000 0.29750000E+03 -.99694077E+03 0.24472342E+02 -.10214131E+04 0.13920982E+04 0.10960156E+09
600000 0.30000000E+03 -.99699292E+03 0.24346266E+02 -.10213392E+04 0.13849264E+04 0.58985148E+07
605000 0.30250000E+03 -.99698872E+03 0.23708960E+02 -.10206977E+04 0.13486735E+04 -.43286677E+08
610000 0.30500000E+03 -.99700722E+03 0.24421877E+02 -.10214291E+04 0.13892275E+04 0.53908358E+08
615000 0.30750000E+03 -.99705606E+03 0.24613604E+02 -.10216697E+04 0.14001338E+04 0.42601010E+08
620000 0.31000000E+03 -.99710262E+03 0.22805732E+02 -.10199083E+04 0.12972938E+04 -.70463246E+08
625000 0.31250000E+03 -.99715289E+03 0.24058645E+02 -.10212115E+04 0.13685652E+04 -.76568698E+08
630000 0.31500000E+03 -.99717725E+03 0.26259622E+02 -.10234369E+04 0.14937668E+04 -.53061365E+08
635000 0.31750000E+03 -.99719125E+03 0.23107768E+02 -.10202990E+04 0.13144750E+04 -.51151792E+08
640000 0.32000000E+03 -.99725968E+03 0.22651125E+02 -.10199108E+04 0.12884991E+04 -.38134564E+08
645000 0.32250000E+03 -.99732384E+03 0.24183561E+02 -.10215074E+04 0.13756710E+04 0.11132070E+08
650000 0.32500000E+03 -.99734416E+03 0.24629624E+02 -.10219738E+04 0.14010451E+04 -.21954817E+08
655000 0.32750000E+03 -.99738965E+03 0.22939918E+02 -.10203296E+04 0.13049269E+04 -.60774634E+07
660000 0.33000000E+03 -.99741849E+03 0.22952957E+02 -.10203714E+04 0.13056687E+04 0.27641719E+08
665000 0.33250000E+03 -.99745011E+03 0.23991970E+02 -.10214421E+04 0.13647725E+04 0.85386234E+06
670000 0.33500000E+03 -.99746142E+03 0.23196973E+02 -.10206584E+04 0.13195494E+04 -.35628180E+08
675000 0.33750000E+03 -.99748817E+03 0.26542036E+02 -.10240302E+04 0.15098318E+04 0.85472226E+08
680000 0.34000000E+03 -.99752682E+03 0.25560967E+02 -.10230878E+04 0.14540242E+04 -.15508863E+08
685000 0.34250000E+03 -.99756010E+03 0.24113686E+02 -.10216738E+04 0.13716962E+04 0.85008529E+08
690000 0.34500000E+03 -.99758050E+03 0.23477415E+02 -.10210579E+04 0.13355022E+04 -.17247520E+08
695000 0.34750000E+03 -.99761173E+03 0.23452258E+02 -.10210640E+04 0.13340712E+04 -.66401990E+08
700000 0.35000000E+03 -.99762754E+03 0.24614437E+02 -.10222420E+04 0.14001812E+04 0.10599547E+09
705000 0.35250000E+03 -.99763311E+03 0.22769399E+02 -.10204025E+04 0.12952270E+04 0.20696183E+08
710000 0.35500000E+03 -.99765288E+03 0.24539481E+02 -.10221924E+04 0.13959174E+04 -.81653393E+07
715000 0.35750000E+03 -.99768969E+03 0.24378884E+02 -.10220686E+04 0.13867819E+04 -.11588851E+09
720000 0.36000000E+03 -.99771648E+03 0.22960226E+02 -.10206767E+04 0.13060821E+04 0.70667025E+08
725000 0.36250000E+03 -.99774115E+03 0.24890225E+02 -.10226314E+04 0.14158693E+04 -.27427422E+08
730000 0.36500000E+03 -.99776406E+03 0.24233732E+02 -.10219978E+04 0.13785250E+04 -.19526404E+08
735000 0.36750000E+03 -.99777465E+03 0.24986376E+02 -.10227610E+04 0.14213388E+04 0.12931527E+09
740000 0.37000000E+03 -.99783651E+03 0.23683859E+02 -.10215204E+04 0.13472457E+04 -.15255525E+08
745000 0.37250000E+03 -.99787475E+03 0.23293459E+02 -.10211682E+04 0.13250379E+04 -.13400050E+08
750000 0.37500000E+03 -.99791242E+03 0.24460668E+02 -.10223731E+04 0.13914341E+04 -.18385275E+08
755000 0.37750000E+03 -.99793255E+03 0.26480395E+02 -.10244129E+04 0.15063254E+04 -.53863904E+07
760000 0.38000000E+03 -.99797797E+03 0.22532563E+02 -.10205105E+04 0.12817547E+04 0.80920455E+07
765000 0.38250000E+03 -.99802750E+03 0.22858879E+02 -.10208864E+04 0.13003171E+04 -.21514386E+08
770000 0.38500000E+03 -.99806112E+03 0.23240451E+02 -.10213016E+04 0.13220226E+04 -.28575782E+08
775000 0.38750000E+03 -.99807848E+03 0.22852424E+02 -.10209309E+04 0.12999499E+04 -.22803093E+08
780000 0.39000000E+03 -.99809863E+03 0.23547512E+02 -.10216461E+04 0.13394897E+04 -.43851753E+08
785000 0.39250000E+03 -.99815158E+03 0.21757316E+02 -.10199089E+04 0.12376552E+04 -.55476857E+08
790000 0.39500000E+03 -.99818059E+03 0.22867883E+02 -.10210485E+04 0.13008292E+04 -.82201534E+08
795000 0.39750000E+03 -.99820780E+03 0.23300930E+02 -.10215087E+04 0.13254630E+04 0.42518346E+08
800000 0.40000000E+03 -.99824173E+03 0.24369860E+02 -.10226116E+04 0.13862686E+04 0.76014168E+08
805000 0.40250000E+03 -.99828107E+03 0.22862644E+02 -.10211437E+04 0.13005312E+04 0.41312235E+08
810000 0.40500000E+03 -.99828808E+03 0.24681320E+02 -.10229694E+04 0.14039858E+04 0.38115798E+08
815000 0.40750000E+03 -.99829401E+03 0.21957701E+02 -.10202517E+04 0.12490540E+04 0.10530475E+09
820000 0.41000000E+03 -.99831035E+03 0.23946027E+02 -.10222564E+04 0.13621590E+04 0.43222094E+08
825000 0.41250000E+03 -.99837332E+03 0.23110433E+02 -.10214838E+04 0.13146266E+04 -.46381763E+08
830000 0.41500000E+03 -.99840230E+03 0.23598127E+02 -.10220004E+04 0.13423689E+04 -.28093239E+08
835000 0.41750000E+03 -.99843108E+03 0.24418161E+02 -.10228492E+04 0.13890161E+04 -.52501699E+07
840000 0.42000000E+03 -.99846820E+03 0.24610176E+02 -.10230784E+04 0.13999388E+04 0.16638410E+09
845000 0.42250000E+03 -.99851845E+03 0.25810720E+02 -.10243292E+04 0.14682312E+04 0.13862409E+08
850000 0.42500000E+03 -.99856688E+03 0.24266803E+02 -.10228337E+04 0.13804062E+04 -.61055283E+08
855000 0.42750000E+03 -.99861740E+03 0.24632507E+02 -.10232499E+04 0.14012091E+04 0.34079900E+08
860000 0.43000000E+03 -.99866003E+03 0.23953088E+02 -.10226131E+04 0.13625607E+04 0.88329297E+08
865000 0.43250000E+03 -.99873419E+03 0.22881023E+02 -.10216152E+04 0.13015767E+04 -.14015354E+09
870000 0.43500000E+03 -.99878300E+03 0.22020085E+02 -.10208031E+04 0.12526026E+04 -.34098393E+08
875000 0.43750000E+03 -.99884378E+03 0.22654712E+02 -.10214985E+04 0.12887031E+04 -.57476544E+08
880000 0.44000000E+03 -.99888612E+03 0.21476155E+02 -.10203623E+04 0.12216614E+04 0.65648995E+08
885000 0.44250000E+03 -.99897091E+03 0.25479482E+02 -.10244504E+04 0.14493889E+04 -.17655160E+07
890000 0.44500000E+03 -.99899613E+03 0.22348374E+02 -.10213445E+04 0.12712772E+04 -.76544092E+08
895000 0.44750000E+03 -.99901721E+03 0.25275157E+02 -.10242924E+04 0.14377660E+04 0.14125521E+09
900000 0.45000000E+03 -.99906019E+03 0.24448859E+02 -.10235091E+04 0.13907624E+04 0.19920869E+08
905000 0.45250000E+03 -.99908055E+03 0.23679673E+02 -.10227602E+04 0.13470076E+04 -.40693260E+07
910000 0.45500000E+03 -.99914757E+03 0.24017512E+02 -.10231651E+04 0.13662254E+04 -.35531751E+08
915000 0.45750000E+03 -.99925563E+03 0.23899643E+02 -.10231553E+04 0.13595205E+04 -.70025894E+08
920000 0.46000000E+03 -.99929644E+03 0.22320996E+02 -.10216174E+04 0.12697198E+04 -.88017662E+07
925000 0.46250000E+03 -.99930158E+03 0.23164902E+02 -.10224665E+04 0.13177251E+04 -.44154675E+08
930000 0.46500000E+03 -.99932581E+03 0.22553515E+02 -.10218793E+04 0.12829466E+04 -.74495955E+08
935000 0.46750000E+03 -.99935126E+03 0.25786904E+02 -.10251382E+04 0.14668765E+04 0.86114060E+08
940000 0.47000000E+03 -.99938831E+03 0.22099918E+02 -.10214882E+04 0.12571439E+04 0.32225934E+08
945000 0.47250000E+03 -.99943167E+03 0.23021517E+02 -.10224532E+04 0.13095687E+04 0.15346479E+08
950000 0.47500000E+03 -.99944525E+03 0.24454744E+02 -.10239000E+04 0.13910971E+04 0.14707328E+08
955000 0.47750000E+03 -.99948369E+03 0.23179263E+02 -.10226630E+04 0.13185420E+04 0.24518460E+08
960000 0.48000000E+03 -.99950660E+03 0.25731684E+02 -.10252383E+04 0.14637353E+04 -.19827692E+08
965000 0.48250000E+03 -.99954250E+03 0.20538827E+02 -.10200813E+04 0.11683420E+04 -.75899889E+08
970000 0.48500000E+03 -.99961000E+03 0.23651323E+02 -.10232613E+04 0.13453949E+04 -.22461745E+08
975000 0.48750000E+03 -.99962943E+03 0.22521544E+02 -.10221510E+04 0.12811279E+04 0.11218021E+09
980000 0.49000000E+03 -.99966064E+03 0.22793388E+02 -.10224540E+04 0.12965916E+04 -.57984774E+08
985000 0.49250000E+03 -.99969183E+03 0.25004150E+02 -.10246960E+04 0.14223499E+04 -.57881356E+08
990000 0.49500000E+03 -.99974628E+03 0.23833581E+02 -.10235799E+04 0.13557626E+04 0.43505402E+08
995000 0.49750000E+03 -.99978140E+03 0.21630712E+02 -.10214121E+04 0.12304534E+04 0.56474548E+08
****** 0.50000000E+03 -.99978145E+03 0.23447924E+02 -.10232294E+04 0.13338246E+04 0.33457377E+08
