 Creating tables for Cc-Cc Tersoff potential
    -----> MD RUN:
NSTEP = 1000000 (Number of steps)
dt = 0.00010 (Integration time step in [psec])
KFLAG = 6 (1-Quench, 2-Velocity distribution, 5-Constant Temperature)
LFLAG = 1 (1-Constant Pressure)
KEYBS = 3 (0-pair potential, 1-Stillinger Weber, 2-EAM, 3-Tersoff)
LIDX = 1 (1-periodicity in X direction,0-free boundaries)
LIDY = 1 (1-periodicity in Y direction,0-free boundaries)
LIDZ = 0 (1-periodicity in Z direction,0-free boundaries)
KBOUND =  1 (0-Free,1-rigid)
dim =  3 (3 - 3D simulation,2- 2D simulation)
T0 =  300.0 (Temperature distributed by VEL,[K])
P0 =    0.0 (Desired pressure in con. pressure control,[GPa])
NEWTAB =  50 (Step of neighbors list renewal)
NEPRT = 5000 (Step of printing output information)
NWRITE = 10000 (Step of writing output information)
Ngather =  200 (Step of gathering molecules to the comp. cell)
RSkin =  2.000 (Skin depth in neighbor list calculation [A])
 
    -----> MATERIAL:
XL = 0.24438D+02 (X size of the computational cell [A])
YL = 0.24438D+02 (Y size of the computational cell [A])
ZL = 0.43414D+02 (Z size of the computational cell [A])
DENSM = 0.12308D+00 (Density of the material [gm/cm3])
DENSN = 0.61711D+22 (Density of the material [molec./cm3])
Natoms =    160 (Number of particles in the computational cell)
NTYPE =  2 (Number of particle types)
 
    -----> TYPES OF PARTICLES:
Type  1:   160 particles.  mass = 0.12011D+02 [amu].
Type  2:     0 particles.  mass = 0.00000D+00 [amu].
 
  Step     time     Energy      Kinetic    Potential  Temperature    Pressure
     0 0.00000000E+00 -.99972851E+03 0.23447943E+02 -.10231764E+04 0.13338257E+04 0.34362767E+08
  5000 0.50000000E+00 -.10038708E+04 0.22963476E+02 -.10268342E+04 0.13062670E+04 -.41587381E+08
 10000 0.10000000E+01 -.10074944E+04 0.18589831E+02 -.10260842E+04 0.10574742E+04 -.14560784E+09
 15000 0.15000000E+01 -.10106710E+04 0.17542337E+02 -.10282133E+04 0.99788798E+03 -.23552732E+09
 20000 0.20000000E+01 -.10134182E+04 0.17003379E+02 -.10304216E+04 0.96722957E+03 -.21548942E+09
 25000 0.25000000E+01 -.10157961E+04 0.15309572E+02 -.10311057E+04 0.87087814E+03 -.33591948E+09
 30000 0.30000000E+01 -.10178379E+04 0.14094257E+02 -.10319322E+04 0.80174550E+03 -.30364486E+09
 35000 0.35000000E+01 -.10195421E+04 0.12383923E+02 -.10319261E+04 0.70445390E+03 -.32157401E+09
 40000 0.40000000E+01 -.10209820E+04 0.11094540E+02 -.10320765E+04 0.63110793E+03 -.34750646E+09
 45000 0.45000000E+01 -.10221446E+04 0.10802143E+02 -.10329467E+04 0.61447505E+03 -.47995403E+09
 50000 0.50000000E+01 -.10230700E+04 0.10432614E+02 -.10335026E+04 0.59345455E+03 -.46273169E+09
 55000 0.55000000E+01 -.10237719E+04 0.91290653E+01 -.10329009E+04 0.51930278E+03 -.54994344E+09
 60000 0.60000000E+01 -.10242611E+04 0.95565000E+01 -.10338176E+04 0.54361722E+03 -.55174708E+09
 65000 0.65000000E+01 -.10245440E+04 0.92390883E+01 -.10337830E+04 0.52556139E+03 -.50564666E+09
 70000 0.70000000E+01 -.10246349E+04 0.84241947E+01 -.10330591E+04 0.47920654E+03 -.61733309E+09
 75000 0.75000000E+01 -.10245370E+04 0.75040430E+01 -.10320411E+04 0.42686412E+03 -.68333037E+09
 80000 0.80000000E+01 -.10242563E+04 0.68402560E+01 -.10310965E+04 0.38910489E+03 -.71723937E+09
 85000 0.85000000E+01 -.10237970E+04 0.69530208E+01 -.10307500E+04 0.39551947E+03 -.72627676E+09
 90000 0.90000000E+01 -.10231642E+04 0.71433428E+01 -.10303076E+04 0.40634585E+03 -.74778276E+09
 95000 0.95000000E+01 -.10223574E+04 0.64654504E+01 -.10288229E+04 0.36778424E+03 -.72951723E+09
100000 0.10000000E+02 -.10213724E+04 0.65128335E+01 -.10278852E+04 0.37047961E+03 -.81994633E+09
105000 0.10500000E+02 -.10202136E+04 0.58369338E+01 -.10260506E+04 0.33203136E+03 -.88589724E+09
110000 0.11000000E+02 -.10188739E+04 0.63704314E+01 -.10252443E+04 0.36237913E+03 -.89070017E+09
115000 0.11500000E+02 -.10173528E+04 0.57978613E+01 -.10231506E+04 0.32980874E+03 -.86647666E+09
120000 0.12000000E+02 -.10156461E+04 0.58713217E+01 -.10215174E+04 0.33398750E+03 -.94569382E+09
125000 0.12500000E+02 -.10137509E+04 0.59613727E+01 -.10197122E+04 0.33911001E+03 -.88448545E+09
130000 0.13000000E+02 -.10116666E+04 0.56021386E+01 -.10172688E+04 0.31867514E+03 -.89857033E+09
135000 0.13500000E+02 -.10093649E+04 0.55368701E+01 -.10149017E+04 0.31496237E+03 -.10126983E+10
140000 0.14000000E+02 -.10068488E+04 0.57043867E+01 -.10125532E+04 0.32449148E+03 -.10492038E+10
145000 0.14500000E+02 -.10041277E+04 0.58727850E+01 -.10100005E+04 0.33407074E+03 -.10534892E+10
150000 0.15000000E+02 -.10012028E+04 0.51683800E+01 -.10063712E+04 0.29400098E+03 -.97355102E+09
155000 0.15500000E+02 -.99805994E+03 0.51893468E+01 -.10032493E+04 0.29519367E+03 -.10968060E+10
160000 0.16000000E+02 -.99479168E+03 0.54417067E+01 -.10002334E+04 0.30954904E+03 -.42269971E+09
165000 0.16500000E+02 -.99264878E+03 0.52563142E+01 -.99790510E+03 0.29900307E+03 -.54755453E+08
170000 0.17000000E+02 -.99097979E+03 0.50810022E+01 -.99606079E+03 0.28903053E+03 -.35390577E+08
175000 0.17500000E+02 -.98937645E+03 0.49411968E+01 -.99431765E+03 0.28107776E+03 -.27335604E+08
180000 0.18000000E+02 -.98775069E+03 0.50381940E+01 -.99278889E+03 0.28659541E+03 0.14432931E+08
185000 0.18500000E+02 -.98610430E+03 0.51577020E+01 -.99126201E+03 0.29339357E+03 -.61374467E+08
190000 0.19000000E+02 -.98443595E+03 0.49698349E+01 -.98940578E+03 0.28270683E+03 -.29473115E+08
195000 0.19500000E+02 -.98271519E+03 0.47838219E+01 -.98749901E+03 0.27212556E+03 0.28918776E+08
200000 0.20000000E+02 -.98096253E+03 0.53285397E+01 -.98629107E+03 0.30311159E+03 -.62682058E+08
205000 0.20500000E+02 -.97919922E+03 0.50829416E+01 -.98428216E+03 0.28914085E+03 -.54471542E+08
210000 0.21000000E+02 -.97739852E+03 0.51597635E+01 -.98255828E+03 0.29351083E+03 -.76045732E+08
215000 0.21500000E+02 -.97554793E+03 0.52632571E+01 -.98081118E+03 0.29939802E+03 -.32249473E+08
220000 0.22000000E+02 -.97366415E+03 0.44816267E+01 -.97814577E+03 0.25493532E+03 -.69325627E+08
225000 0.22500000E+02 -.97177041E+03 0.51302877E+01 -.97690070E+03 0.29183412E+03 -.46914176E+06
230000 0.23000000E+02 -.96981950E+03 0.51224321E+01 -.97494193E+03 0.29138725E+03 -.70205203E+08
235000 0.23500000E+02 -.96789812E+03 0.47478695E+01 -.97264599E+03 0.27008042E+03 -.90353090E+08
240000 0.24000000E+02 -.96589424E+03 0.49701794E+01 -.97086442E+03 0.28272642E+03 -.49857081E+07
245000 0.24500000E+02 -.96388511E+03 0.54620100E+01 -.96934712E+03 0.31070399E+03 -.11469868E+09
250000 0.25000000E+02 -.96184181E+03 0.49115738E+01 -.96675338E+03 0.27939267E+03 0.38953089E+08
255000 0.25500000E+02 -.95976756E+03 0.54291478E+01 -.96519671E+03 0.30883464E+03 -.93483463E+08
260000 0.26000000E+02 -.95765556E+03 0.54634903E+01 -.96311905E+03 0.31078819E+03 -.56865855E+08
265000 0.26500000E+02 -.95552434E+03 0.51930974E+01 -.96071744E+03 0.29540702E+03 -.83429907E+08
270000 0.27000000E+02 -.95337453E+03 0.52166528E+01 -.95859118E+03 0.29674696E+03 -.72099495E+08
275000 0.27500000E+02 -.95118434E+03 0.53925640E+01 -.95657691E+03 0.30675358E+03 -.32935445E+08
280000 0.28000000E+02 -.94898747E+03 0.51111545E+01 -.95409862E+03 0.29074573E+03 -.94910626E+08
285000 0.28500000E+02 -.94672175E+03 0.55256341E+01 -.95224738E+03 0.31432322E+03 -.42158356E+08
290000 0.29000000E+02 -.94445526E+03 0.50314838E+01 -.94948675E+03 0.28621370E+03 -.52839433E+07
295000 0.29500000E+02 -.94215551E+03 0.53597390E+01 -.94751525E+03 0.30488635E+03 -.62000240E+08
300000 0.30000000E+02 -.93982784E+03 0.49278841E+01 -.94475573E+03 0.28032047E+03 -.98110820E+08
305000 0.30500000E+02 -.93745749E+03 0.51119734E+01 -.94256946E+03 0.29079231E+03 0.77523297E+06
310000 0.31000000E+02 -.93508402E+03 0.49644762E+01 -.94004849E+03 0.28240200E+03 -.82148558E+08
315000 0.31500000E+02 -.93262128E+03 0.53435832E+01 -.93796486E+03 0.30396733E+03 -.67997561E+08
320000 0.32000000E+02 -.93011620E+03 0.51025100E+01 -.93521871E+03 0.29025399E+03 -.50159807E+08
325000 0.32500000E+02 -.92759767E+03 0.54515413E+01 -.93304921E+03 0.31010848E+03 -.11143425E+09
330000 0.33000000E+02 -.92502347E+03 0.51997380E+01 -.93022321E+03 0.29578476E+03 -.70659207E+08
335000 0.33500000E+02 -.92235932E+03 0.48503889E+01 -.92720971E+03 0.27591219E+03 -.10890598E+09
340000 0.34000000E+02 -.91966161E+03 0.51931301E+01 -.92485474E+03 0.29540888E+03 -.11256648E+09
345000 0.34500000E+02 -.91691080E+03 0.56765113E+01 -.92258731E+03 0.32290580E+03 -.16281778E+08
350000 0.35000000E+02 -.91403667E+03 0.50225242E+01 -.91905919E+03 0.28570403E+03 -.17413204E+09
355000 0.35500000E+02 -.91108806E+03 0.54565194E+01 -.91654458E+03 0.31039166E+03 -.15742766E+09
360000 0.36000000E+02 -.90797877E+03 0.47575283E+01 -.91273630E+03 0.27062986E+03 -.18615368E+09
365000 0.36500000E+02 -.90470923E+03 0.50493477E+01 -.90975857E+03 0.28722988E+03 -.14613427E+09
370000 0.37000000E+02 -.90132995E+03 0.54334327E+01 -.90676338E+03 0.30907838E+03 -.15080409E+09
375000 0.37500000E+02 -.89768910E+03 0.57204292E+01 -.90340953E+03 0.32540405E+03 -.23307188E+09
380000 0.38000000E+02 -.89380672E+03 0.55718405E+01 -.89937856E+03 0.31695165E+03 -.19851126E+09
385000 0.38500000E+02 -.88960611E+03 0.54176008E+01 -.89502371E+03 0.30817779E+03 -.27523566E+09
390000 0.39000000E+02 -.88516270E+03 0.52477114E+01 -.89041041E+03 0.29851371E+03 -.34174854E+09
395000 0.39500000E+02 -.88030115E+03 0.51956243E+01 -.88549678E+03 0.29555076E+03 -.36280210E+09
400000 0.40000000E+02 -.87482967E+03 0.57138013E+01 -.88054347E+03 0.32502702E+03 -.41626164E+09
405000 0.40500000E+02 -.86846926E+03 0.54502649E+01 -.87391952E+03 0.31003587E+03 -.60103248E+09
410000 0.41000000E+02 -.86121077E+03 0.53207565E+01 -.86653152E+03 0.30266885E+03 -.78212611E+09
415000 0.41500000E+02 -.85301719E+03 0.54546180E+01 -.85847180E+03 0.31028350E+03 -.10745436E+10
420000 0.42000000E+02 -.84406853E+03 0.47986671E+01 -.84886719E+03 0.27297003E+03 -.13660554E+10
425000 0.42500000E+02 -.83462613E+03 0.53559132E+01 -.83998204E+03 0.30466872E+03 -.15131788E+10
430000 0.43000000E+02 -.82526634E+03 0.55170155E+01 -.83078335E+03 0.31383295E+03 -.18942291E+10
435000 0.43500000E+02 -.81612404E+03 0.47770732E+01 -.82090111E+03 0.27174166E+03 -.20889857E+10
440000 0.44000000E+02 -.80724874E+03 0.51126826E+01 -.81236142E+03 0.29083265E+03 -.22788062E+10
445000 0.44500000E+02 -.79805312E+03 0.51156710E+01 -.80316880E+03 0.29100265E+03 -.22566200E+10
450000 0.45000000E+02 -.78834912E+03 0.51308099E+01 -.79347993E+03 0.29186382E+03 -.21798058E+10
455000 0.45500000E+02 -.77823730E+03 0.49542464E+01 -.78319155E+03 0.28182008E+03 -.21748467E+10
460000 0.46000000E+02 -.76798540E+03 0.51269739E+01 -.77311237E+03 0.29164561E+03 -.22573362E+10
465000 0.46500000E+02 -.75742662E+03 0.49160892E+01 -.76234271E+03 0.27964953E+03 -.18447305E+10
470000 0.47000000E+02 -.74639370E+03 0.51138766E+01 -.75150757E+03 0.29090058E+03 -.19269112E+10
475000 0.47500000E+02 -.73492163E+03 0.46327964E+01 -.73955442E+03 0.26353455E+03 -.19278782E+10
480000 0.48000000E+02 -.72318215E+03 0.48486789E+01 -.72803083E+03 0.27581492E+03 -.20033314E+10
485000 0.48500000E+02 -.71119906E+03 0.50498778E+01 -.71624894E+03 0.28726003E+03 -.16720874E+10
490000 0.49000000E+02 -.69979827E+03 0.45833580E+01 -.70438162E+03 0.26072226E+03 -.87918939E+09
495000 0.49500000E+02 -.69299754E+03 0.50545080E+01 -.69805205E+03 0.28752342E+03 -.30443094E+09
500000 0.50000000E+02 -.68915831E+03 0.43946888E+01 -.69355300E+03 0.24998990E+03 -.23031216E+08
505000 0.50500000E+02 -.68624852E+03 0.48316329E+01 -.69108015E+03 0.27484527E+03 0.20799702E+07
510000 0.51000000E+02 -.68372986E+03 0.49064492E+01 -.68863631E+03 0.27910116E+03 0.27997939E+09
515000 0.51500000E+02 -.68136557E+03 0.44779549E+01 -.68584353E+03 0.25472645E+03 -.10515605E+09
520000 0.52000000E+02 -.67910146E+03 0.49122563E+01 -.68401372E+03 0.27943150E+03 0.25210237E+09
525000 0.52500000E+02 -.67665040E+03 0.48255448E+01 -.68147594E+03 0.27449895E+03 -.32109486E+08
530000 0.53000000E+02 -.67434552E+03 0.53037278E+01 -.67964924E+03 0.30170018E+03 0.18543779E+09
535000 0.53500000E+02 -.67186903E+03 0.55472422E+01 -.67741627E+03 0.31555238E+03 -.15264579E+09
540000 0.54000000E+02 -.66937416E+03 0.50531295E+01 -.67442729E+03 0.28744500E+03 0.95887209E+08
545000 0.54500000E+02 -.66681573E+03 0.50049436E+01 -.67182067E+03 0.28470397E+03 -.27881403E+09
550000 0.55000000E+02 -.66408985E+03 0.51680858E+01 -.66925794E+03 0.29398424E+03 0.15621609E+07
555000 0.55500000E+02 -.66132411E+03 0.48116775E+01 -.66613579E+03 0.27371012E+03 -.12511707E+09
560000 0.56000000E+02 -.65853204E+03 0.50273607E+01 -.66355940E+03 0.28597915E+03 -.25459517E+09
565000 0.56500000E+02 -.65565767E+03 0.48226464E+01 -.66048031E+03 0.27433408E+03 0.22787214E+09
570000 0.57000000E+02 -.65293490E+03 0.50001498E+01 -.65793505E+03 0.28443128E+03 -.26019676E+09
575000 0.57500000E+02 -.65001602E+03 0.53316569E+01 -.65534767E+03 0.30328891E+03 0.17363332E+08
580000 0.58000000E+02 -.64700334E+03 0.49829529E+01 -.65198630E+03 0.28345304E+03 0.76515669E+08
585000 0.58500000E+02 -.64404496E+03 0.56785254E+01 -.64972349E+03 0.32302037E+03 -.29539547E+08
590000 0.59000000E+02 -.64098849E+03 0.51767019E+01 -.64616520E+03 0.29447436E+03 0.65903991E+08
595000 0.59500000E+02 -.63795461E+03 0.48750221E+01 -.64282963E+03 0.27731344E+03 0.21164105E+09
600000 0.60000000E+02 -.63493921E+03 0.51195564E+01 -.64005877E+03 0.29122367E+03 -.24110225E+09
605000 0.60500000E+02 -.63179120E+03 0.50743425E+01 -.63686554E+03 0.28865170E+03 -.22809616E+09
610000 0.61000000E+02 -.62874592E+03 0.53161680E+01 -.63406209E+03 0.30240783E+03 -.16331830E+09
615000 0.61500000E+02 -.62566131E+03 0.52498909E+01 -.63091120E+03 0.29863769E+03 -.41597568E+09
620000 0.62000000E+02 -.62358582E+03 0.51226346E+01 -.62870845E+03 0.29139877E+03 -.22913177E+09
625000 0.62500000E+02 -.62103682E+03 0.51978205E+01 -.62623464E+03 0.29567569E+03 -.22424170E+09
630000 0.63000000E+02 -.61833366E+03 0.51947755E+01 -.62352844E+03 0.29550247E+03 0.44750493E+07
635000 0.63500000E+02 -.61560881E+03 0.48695358E+01 -.62047834E+03 0.27700136E+03 0.24751667E+09
640000 0.64000000E+02 -.61261562E+03 0.49200538E+01 -.61753568E+03 0.27987505E+03 -.15225516E+09
645000 0.64500000E+02 -.61006607E+03 0.48834909E+01 -.61494956E+03 0.27779519E+03 -.39456506E+09
650000 0.65000000E+02 -.64307508E+03 0.17191268E+03 -.81498776E+03 0.97791755E+04 0.78162648E+10
655000 0.65500000E+02 -.69517639E+03 0.75059953E+02 -.77023634E+03 0.42697518E+04 0.49269717E+10
660000 0.66000000E+02 -.72290393E+03 0.71476628E+02 -.79438056E+03 0.40659159E+04 0.33927517E+10
665000 0.66500000E+02 -.74495638E+03 0.61791722E+02 -.80674811E+03 0.35149944E+04 0.26057500E+10
670000 0.67000000E+02 -.76365632E+03 0.54344165E+02 -.81800048E+03 0.30913434E+04 0.17483433E+10
675000 0.67500000E+02 -.77992585E+03 0.56485569E+02 -.83641142E+03 0.32131562E+04 0.14224467E+10
680000 0.68000000E+02 -.79480628E+03 0.52008789E+02 -.84681507E+03 0.29584966E+04 0.14550316E+10
685000 0.68500000E+02 -.80740395E+03 0.46697840E+02 -.85410179E+03 0.26563856E+04 0.14309730E+10
690000 0.69000000E+02 -.81857009E+03 0.42207598E+02 -.86077769E+03 0.24009603E+04 0.11808259E+10
695000 0.69500000E+02 -.82848512E+03 0.38297065E+02 -.86678219E+03 0.21785114E+04 0.96059993E+09
700000 0.70000000E+02 -.83733614E+03 0.35637027E+02 -.87297316E+03 0.20271963E+04 0.92063285E+09
705000 0.70500000E+02 -.84512903E+03 0.29437718E+02 -.87456675E+03 0.16745514E+04 0.10780941E+10
710000 0.71000000E+02 -.85225138E+03 0.31088429E+02 -.88333980E+03 0.17684513E+04 0.81086257E+09
715000 0.71500000E+02 -.85873932E+03 0.28095879E+02 -.88683520E+03 0.15982215E+04 0.66929310E+09
720000 0.72000000E+02 -.86452825E+03 0.25301889E+02 -.88983014E+03 0.14392866E+04 0.10717826E+10
725000 0.72500000E+02 -.86993727E+03 0.20211540E+02 -.89014881E+03 0.11497244E+04 0.67717442E+09
730000 0.73000000E+02 -.87487547E+03 0.21135143E+02 -.89601061E+03 0.12022631E+04 0.58612910E+09
735000 0.73500000E+02 -.87943584E+03 0.18760482E+02 -.89819632E+03 0.10671816E+04 0.42233752E+09
740000 0.74000000E+02 -.88379570E+03 0.17762244E+02 -.90155794E+03 0.10103973E+04 0.51854552E+09
745000 0.74500000E+02 -.88799723E+03 0.16332816E+02 -.90433005E+03 0.92908489E+03 0.58420816E+09
750000 0.75000000E+02 -.89213159E+03 0.14437717E+02 -.90656931E+03 0.82128305E+03 0.63423610E+09
755000 0.75500000E+02 -.89636900E+03 0.12951291E+02 -.90932029E+03 0.73672838E+03 0.80943963E+09
760000 0.76000000E+02 -.90055622E+03 0.12965376E+02 -.91352160E+03 0.73752960E+03 0.78016298E+09
765000 0.76500000E+02 -.90474255E+03 0.11239105E+02 -.91598165E+03 0.63933146E+03 0.54491268E+09
770000 0.77000000E+02 -.90895035E+03 0.10861075E+02 -.91981142E+03 0.61782735E+03 0.49631746E+09
775000 0.77500000E+02 -.91280249E+03 0.99654747E+01 -.92276797E+03 0.56688156E+03 0.59290746E+09
780000 0.78000000E+02 -.91603465E+03 0.96428685E+01 -.92567752E+03 0.54853025E+03 0.42461841E+09
785000 0.78500000E+02 -.91849300E+03 0.95241974E+01 -.92801720E+03 0.54177970E+03 0.24310320E+09
790000 0.79000000E+02 -.92039099E+03 0.86708635E+01 -.92906186E+03 0.49323818E+03 0.17856452E+09
795000 0.79500000E+02 -.92181184E+03 0.87353829E+01 -.93054723E+03 0.49690834E+03 0.11592991E+09
800000 0.80000000E+02 -.92284616E+03 0.90578350E+01 -.93190400E+03 0.51525088E+03 0.23237970E+08
805000 0.80500000E+02 -.92364811E+03 0.72344839E+01 -.93088259E+03 0.41153037E+03 0.29499511E+08
810000 0.81000000E+02 -.92422846E+03 0.78757949E+01 -.93210425E+03 0.44801106E+03 0.29542195E+08
815000 0.81500000E+02 -.92472143E+03 0.73258891E+01 -.93204732E+03 0.41672992E+03 0.37187669E+08
820000 0.82000000E+02 -.92507834E+03 0.75874981E+01 -.93266584E+03 0.43161142E+03 0.10280315E+09
825000 0.82500000E+02 -.92540267E+03 0.67270680E+01 -.93212974E+03 0.38266624E+03 -.21034028E+08
830000 0.83000000E+02 -.92565678E+03 0.69433653E+01 -.93260015E+03 0.39497022E+03 -.78768052E+08
835000 0.83500000E+02 -.92582434E+03 0.66985473E+01 -.93252289E+03 0.38104385E+03 0.95752627E+08
840000 0.84000000E+02 -.92590945E+03 0.57560140E+01 -.93166547E+03 0.32742828E+03 -.66226370E+08
845000 0.84500000E+02 -.92607388E+03 0.63377018E+01 -.93241159E+03 0.36051732E+03 -.10871508E+09
850000 0.85000000E+02 -.92611154E+03 0.58173125E+01 -.93192886E+03 0.33091521E+03 0.53951996E+08
855000 0.85500000E+02 -.92616606E+03 0.57513625E+01 -.93191742E+03 0.32716367E+03 -.40107372E+08
860000 0.86000000E+02 -.92614670E+03 0.57990939E+01 -.93194579E+03 0.32987886E+03 0.18016606E+09
865000 0.86500000E+02 -.92614040E+03 0.59210454E+01 -.93206144E+03 0.33681601E+03 0.22919168E+08
870000 0.87000000E+02 -.92611135E+03 0.58632412E+01 -.93197459E+03 0.33352784E+03 0.32510487E+08
875000 0.87500000E+02 -.92609955E+03 0.51563000E+01 -.93125585E+03 0.29331381E+03 -.36429189E+08
880000 0.88000000E+02 -.92602310E+03 0.61804656E+01 -.93220357E+03 0.35157301E+03 0.29324392E+08
885000 0.88500000E+02 -.92595027E+03 0.54332824E+01 -.93138356E+03 0.30906983E+03 -.67291118E+08
890000 0.89000000E+02 -.92589057E+03 0.53846284E+01 -.93127520E+03 0.30630217E+03 0.78968785E+08
895000 0.89500000E+02 -.92578434E+03 0.60276027E+01 -.93181195E+03 0.34287748E+03 -.16741190E+08
900000 0.90000000E+02 -.92572201E+03 0.53167042E+01 -.93103872E+03 0.30243833E+03 0.37803930E+08
905000 0.90500000E+02 -.92564691E+03 0.52185372E+01 -.93086545E+03 0.29685415E+03 0.38715442E+08
910000 0.91000000E+02 -.92552804E+03 0.50254073E+01 -.93055345E+03 0.28586804E+03 0.31027749E+08
915000 0.91500000E+02 -.92542809E+03 0.56505434E+01 -.93107863E+03 0.32142862E+03 0.39625440E+08
920000 0.92000000E+02 -.92534011E+03 0.52307249E+01 -.93057083E+03 0.29754744E+03 0.24948188E+08
925000 0.92500000E+02 -.92522733E+03 0.54743619E+01 -.93070169E+03 0.31140662E+03 -.43131988E+08
930000 0.93000000E+02 -.92511190E+03 0.54485338E+01 -.93056043E+03 0.30993740E+03 0.27688566E+08
935000 0.93500000E+02 -.92497887E+03 0.52975506E+01 -.93027642E+03 0.30134879E+03 0.15680833E+09
940000 0.94000000E+02 -.92483642E+03 0.57050778E+01 -.93054150E+03 0.32453079E+03 0.57903313E+08
945000 0.94500000E+02 -.92474270E+03 0.53510001E+01 -.93009370E+03 0.30438924E+03 -.24528388E+07
950000 0.95000000E+02 -.92463284E+03 0.50443278E+01 -.92967717E+03 0.28694433E+03 -.53769050E+08
955000 0.95500000E+02 -.92449641E+03 0.54472216E+01 -.92994363E+03 0.30986276E+03 -.91468649E+08
960000 0.96000000E+02 -.92438049E+03 0.49617755E+01 -.92934227E+03 0.28224837E+03 0.89015238E+08
965000 0.96500000E+02 -.92426225E+03 0.60342113E+01 -.93029646E+03 0.34325340E+03 0.21920333E+08
970000 0.97000000E+02 -.92416701E+03 0.50101095E+01 -.92917712E+03 0.28499783E+03 -.61965144E+08
975000 0.97500000E+02 -.92404967E+03 0.53959337E+01 -.92944561E+03 0.30694527E+03 0.56873091E+08
980000 0.98000000E+02 -.92394269E+03 0.54544144E+01 -.92939710E+03 0.31027192E+03 -.23288174E+08
985000 0.98500000E+02 -.92381953E+03 0.59588368E+01 -.92977837E+03 0.33896576E+03 -.58479878E+08
990000 0.99000000E+02 -.92373490E+03 0.56623999E+01 -.92939730E+03 0.32210308E+03 0.74921132E+08
995000 0.99500000E+02 -.92360943E+03 0.53961697E+01 -.92900560E+03 0.30695869E+03 0.96380887E+08
****** 0.10000000E+03 -.92348627E+03 0.53268780E+01 -.92881315E+03 0.30301706E+03 0.36813138E+07
