 Creating tables for Cc-Cc Tersoff potential
    -----> MD RUN:
NSTEP = 1000000 (Number of steps)
dt = 0.00050 (Integration time step in [psec])
KFLAG = 2 (1-Quench, 2-Velocity distribution, 5-Constant Temperature)
LFLAG = 1 (1-Constant Pressure)
KEYBS = 3 (0-pair potential, 1-Stillinger Weber, 2-EAM, 3-Tersoff)
LIDX = 1 (1-periodicity in X direction,0-free boundaries)
LIDY = 1 (1-periodicity in Y direction,0-free boundaries)
LIDZ = 0 (1-periodicity in Z direction,0-free boundaries)
KBOUND =  1 (0-Free,1-rigid)
dim =  3 (3 - 3D simulation,2- 2D simulation)
T0 =  300.0 (Temperature distributed by VEL,[K])
P0 =    0.0 (Desired pressure in con. pressure control,[GPa])
NEWTAB =  50 (Step of neighbors list renewal)
NEPRT = 5000 (Step of printing output information)
NWRITE = 10000 (Step of writing output information)
Ngather =  200 (Step of gathering molecules to the comp. cell)
RSkin =  2.000 (Skin depth in neighbor list calculation [A])
 
    -----> MATERIAL:
XL = 0.23223D+02 (X size of the computational cell [A])
YL = 0.23223D+02 (Y size of the computational cell [A])
ZL = 0.43268D+02 (Z size of the computational cell [A])
DENSM = 0.20514D+00 (Density of the material [gm/cm3])
DENSN = 0.10286D+23 (Density of the material [molec./cm3])
Natoms =    240 (Number of particles in the computational cell)
NTYPE =  2 (Number of particle types)
 
    -----> TYPES OF PARTICLES:
Type  1:   240 particles.  mass = 0.12011D+02 [amu].
Type  2:     0 particles.  mass = 0.00000D+00 [amu].
 
  Step     time     Energy      Kinetic    Potential  Temperature    Pressure
     0 0.00000000E+00 -.16134651E+04 0.15674069E+02 -.16291391E+04 0.59440826E+03 0.25183992E+10
  5000 0.25000000E+01 -.16210871E+04 0.19084667E+02 -.16401717E+04 0.72374850E+03 0.45361980E+09
 10000 0.50000000E+01 -.16240552E+04 0.20282127E+02 -.16443373E+04 0.76915979E+03 0.56834935E+09
 15000 0.75000000E+01 -.16251469E+04 0.18128892E+02 -.16432758E+04 0.68750261E+03 0.46179369E+09
 20000 0.10000000E+02 -.16254641E+04 0.17472332E+02 -.16429364E+04 0.66260384E+03 0.57552051E+09
 25000 0.12500000E+02 -.16253722E+04 0.16936769E+02 -.16423090E+04 0.64229368E+03 0.30986072E+09
 30000 0.15000000E+02 -.16250067E+04 0.16963302E+02 -.16419700E+04 0.64329988E+03 0.37012723E+09
 35000 0.17500000E+02 -.16245035E+04 0.17480809E+02 -.16419843E+04 0.66292531E+03 0.30104334E+09
 40000 0.20000000E+02 -.16239445E+04 0.17786062E+02 -.16417306E+04 0.67450142E+03 0.26718135E+09
 45000 0.22500000E+02 -.16233479E+04 0.18052448E+02 -.16414004E+04 0.68460361E+03 0.22195597E+09
 50000 0.25000000E+02 -.16227459E+04 0.18225484E+02 -.16409714E+04 0.69116564E+03 0.28737630E+09
 55000 0.27500000E+02 -.16221376E+04 0.18189594E+02 -.16403271E+04 0.68980458E+03 0.21089426E+09
 60000 0.30000000E+02 -.16214949E+04 0.18500935E+02 -.16399959E+04 0.70161159E+03 0.22325201E+09
 65000 0.32500000E+02 -.16208509E+04 0.17560062E+02 -.16384109E+04 0.66593082E+03 0.15617097E+09
 70000 0.35000000E+02 -.16202197E+04 0.18585337E+02 -.16388050E+04 0.70481236E+03 0.24244477E+09
 75000 0.37500000E+02 -.16195953E+04 0.18329264E+02 -.16379246E+04 0.69510129E+03 0.17372032E+09
 80000 0.40000000E+02 -.16189856E+04 0.17608929E+02 -.16365946E+04 0.66778403E+03 0.19657478E+09
 85000 0.42500000E+02 -.16183863E+04 0.18317696E+02 -.16367040E+04 0.69466260E+03 0.14930878E+09
 90000 0.45000000E+02 -.16177898E+04 0.18650758E+02 -.16364406E+04 0.70729334E+03 0.12223873E+09
 95000 0.47500000E+02 -.16172182E+04 0.18026412E+02 -.16352446E+04 0.68361623E+03 0.17420818E+09
100000 0.50000000E+02 -.16166643E+04 0.17359912E+02 -.16340242E+04 0.65834054E+03 0.11015668E+09
105000 0.52500000E+02 -.16161287E+04 0.18581808E+02 -.16347105E+04 0.70467852E+03 0.15881431E+09
110000 0.55000000E+02 -.16156177E+04 0.18992552E+02 -.16346103E+04 0.72025520E+03 0.10463868E+09
115000 0.57500000E+02 -.16151057E+04 0.17128949E+02 -.16322347E+04 0.64958171E+03 0.10415735E+09
120000 0.60000000E+02 -.16146082E+04 0.17709332E+02 -.16323176E+04 0.67159159E+03 0.11872171E+09
125000 0.62500000E+02 -.16141386E+04 0.18950014E+02 -.16330886E+04 0.71864203E+03 0.13572966E+09
130000 0.65000000E+02 -.16137132E+04 0.18883290E+02 -.16325965E+04 0.71611164E+03 0.79306165E+08
135000 0.67500000E+02 -.16133025E+04 0.19676385E+02 -.16329789E+04 0.74618823E+03 0.15096466E+09
140000 0.70000000E+02 -.16128927E+04 0.19329238E+02 -.16322220E+04 0.73302336E+03 0.82979808E+08
145000 0.72500000E+02 -.16124770E+04 0.18964571E+02 -.16314416E+04 0.71919407E+03 0.82663765E+08
150000 0.75000000E+02 -.16120780E+04 0.19310203E+02 -.16313882E+04 0.73230150E+03 0.94805191E+08
155000 0.77500000E+02 -.16117012E+04 0.18117765E+02 -.16298190E+04 0.68708063E+03 0.80470889E+08
160000 0.80000000E+02 -.16113310E+04 0.18452778E+02 -.16297838E+04 0.69978533E+03 0.10928372E+09
165000 0.82500000E+02 -.16109796E+04 0.18274175E+02 -.16292537E+04 0.69301217E+03 0.24364266E+08
170000 0.85000000E+02 -.16106470E+04 0.19726380E+02 -.16303734E+04 0.74808418E+03 0.87775028E+08
175000 0.87500000E+02 -.16103408E+04 0.19720480E+02 -.16300613E+04 0.74786043E+03 0.50807018E+08
180000 0.90000000E+02 -.16100519E+04 0.18487293E+02 -.16285392E+04 0.70109424E+03 0.88142915E+07
185000 0.92500000E+02 -.16098107E+04 0.19601238E+02 -.16294120E+04 0.74333842E+03 0.97749313E+08
190000 0.95000000E+02 -.16095154E+04 0.17727517E+02 -.16272430E+04 0.67228124E+03 0.42971498E+08
195000 0.97500000E+02 -.16092548E+04 0.18486698E+02 -.16277415E+04 0.70107167E+03 0.95681940E+08
200000 0.10000000E+03 -.16090261E+04 0.17243196E+02 -.16262693E+04 0.65391431E+03 -.16489455E+08
205000 0.10250000E+03 -.16088011E+04 0.18360085E+02 -.16271612E+04 0.69627013E+03 0.11243832E+09
210000 0.10500000E+03 -.16085645E+04 0.18129954E+02 -.16266944E+04 0.68754285E+03 0.24127211E+08
215000 0.10750000E+03 -.16083346E+04 0.18573406E+02 -.16269080E+04 0.70435993E+03 0.96763146E+08
220000 0.11000000E+03 -.16081056E+04 0.18075966E+02 -.16261815E+04 0.68549548E+03 0.11062904E+08
225000 0.11250000E+03 -.16078820E+04 0.19109463E+02 -.16269915E+04 0.72468882E+03 -.30074370E+07
230000 0.11500000E+03 -.16076716E+04 0.18992606E+02 -.16266642E+04 0.72025725E+03 0.84171175E+08
235000 0.11750000E+03 -.16074734E+04 0.18369818E+02 -.16258432E+04 0.69663923E+03 0.37135330E+08
240000 0.12000000E+03 -.16072870E+04 0.20516428E+02 -.16278034E+04 0.77804519E+03 0.36798527E+08
245000 0.12250000E+03 -.16071013E+04 0.20021245E+02 -.16271225E+04 0.75926636E+03 0.23071648E+08
250000 0.12500000E+03 -.16069246E+04 0.19196640E+02 -.16261212E+04 0.72799483E+03 0.54986829E+08
255000 0.12750000E+03 -.16067659E+04 0.17540298E+02 -.16243062E+04 0.66518133E+03 -.12614293E+08
260000 0.13000000E+03 -.16066139E+04 0.17825094E+02 -.16244390E+04 0.67598164E+03 0.65191832E+08
265000 0.13250000E+03 -.16064618E+04 0.19054948E+02 -.16255168E+04 0.72262143E+03 0.23519106E+08
270000 0.13500000E+03 -.16062996E+04 0.17469703E+02 -.16237693E+04 0.66250414E+03 0.64017204E+08
275000 0.13750000E+03 -.16061513E+04 0.17331425E+02 -.16234828E+04 0.65726024E+03 0.11330513E+08
280000 0.14000000E+03 -.16059999E+04 0.19507362E+02 -.16255073E+04 0.73977834E+03 0.75504654E+07
285000 0.14250000E+03 -.16058558E+04 0.18743329E+02 -.16245991E+04 0.71080390E+03 0.15259733E+08
290000 0.14500000E+03 -.16057340E+04 0.18580468E+02 -.16243145E+04 0.70462774E+03 0.53193999E+08
295000 0.14750000E+03 -.16056255E+04 0.17749418E+02 -.16233749E+04 0.67311180E+03 -.34655660E+08
300000 0.15000000E+03 -.16055257E+04 0.19219544E+02 -.16247452E+04 0.72886344E+03 0.47280240E+08
305000 0.15250000E+03 -.16053994E+04 0.19301292E+02 -.16247007E+04 0.73196355E+03 0.18378059E+08
310000 0.15500000E+03 -.16052803E+04 0.19388688E+02 -.16246690E+04 0.73527788E+03 0.23571993E+08
315000 0.15750000E+03 -.16051628E+04 0.18222250E+02 -.16233850E+04 0.69104300E+03 -.48469327E+08
320000 0.16000000E+03 -.16050704E+04 0.18151330E+02 -.16232217E+04 0.68835351E+03 0.48778858E+08
325000 0.16250000E+03 -.16049821E+04 0.17583692E+02 -.16225658E+04 0.66682695E+03 -.16432147E+08
330000 0.16500000E+03 -.16049448E+04 0.18766142E+02 -.16237109E+04 0.71166904E+03 0.73576263E+08
335000 0.16750000E+03 -.16048812E+04 0.18861029E+02 -.16237422E+04 0.71526745E+03 0.49859537E+07
340000 0.17000000E+03 -.16047815E+04 0.19590273E+02 -.16243718E+04 0.74292260E+03 0.15205006E+08
345000 0.17250000E+03 -.16046963E+04 0.18656708E+02 -.16233530E+04 0.70751898E+03 -.11000352E+08
350000 0.17500000E+03 -.16046019E+04 0.19360837E+02 -.16239628E+04 0.73422170E+03 0.61759809E+08
355000 0.17750000E+03 -.16045116E+04 0.18846788E+02 -.16233584E+04 0.71472738E+03 -.22178991E+08
360000 0.18000000E+03 -.16044582E+04 0.19426006E+02 -.16238842E+04 0.73669307E+03 0.94755524E+08
365000 0.18250000E+03 -.16043962E+04 0.18378719E+02 -.16227750E+04 0.69697680E+03 -.12778778E+08
370000 0.18500000E+03 -.16043294E+04 0.19083851E+02 -.16234133E+04 0.72371754E+03 0.53017666E+08
375000 0.18750000E+03 -.16042538E+04 0.17962104E+02 -.16222159E+04 0.68117748E+03 0.41663417E+08
380000 0.19000000E+03 -.16041844E+04 0.18294296E+02 -.16224787E+04 0.69377520E+03 0.34495311E+08
385000 0.19250000E+03 -.16041188E+04 0.19961831E+02 -.16240807E+04 0.75701319E+03 0.27852555E+08
390000 0.19500000E+03 -.16040535E+04 0.18567253E+02 -.16226207E+04 0.70412658E+03 -.13617393E+08
395000 0.19750000E+03 -.16040011E+04 0.18871725E+02 -.16228729E+04 0.71567309E+03 0.14978766E+08
400000 0.20000000E+03 -.16039523E+04 0.18775608E+02 -.16227279E+04 0.71202801E+03 -.19408390E+08
405000 0.20250000E+03 -.16038964E+04 0.18620587E+02 -.16225170E+04 0.70614916E+03 0.21055200E+08
410000 0.20500000E+03 -.16038250E+04 0.18016985E+02 -.16218420E+04 0.68325873E+03 0.28250502E+08
415000 0.20750000E+03 -.16037634E+04 0.18058375E+02 -.16218218E+04 0.68482836E+03 0.25537427E+06
420000 0.21000000E+03 -.16037023E+04 0.18098064E+02 -.16218003E+04 0.68633349E+03 0.61705581E+08
425000 0.21250000E+03 -.16036726E+04 0.17156012E+02 -.16208286E+04 0.65060805E+03 -.64402380E+08
430000 0.21500000E+03 -.16036496E+04 0.19423893E+02 -.16230735E+04 0.73661294E+03 0.43470830E+08
435000 0.21750000E+03 -.16035986E+04 0.19993895E+02 -.16235925E+04 0.75822916E+03 -.31860694E+08
440000 0.22000000E+03 -.16035598E+04 0.18119474E+02 -.16216793E+04 0.68714545E+03 -.32710739E+07
445000 0.22250000E+03 -.16035370E+04 0.17789628E+02 -.16213266E+04 0.67463665E+03 0.38662285E+08
450000 0.22500000E+03 -.16035205E+04 0.18193621E+02 -.16217141E+04 0.68995733E+03 -.16649470E+07
455000 0.22750000E+03 -.16034701E+04 0.18840488E+02 -.16223106E+04 0.71448847E+03 0.13285942E+08
460000 0.23000000E+03 -.16034227E+04 0.17769737E+02 -.16211924E+04 0.67388236E+03 0.22590927E+08
465000 0.23250000E+03 -.16033653E+04 0.17991465E+02 -.16213568E+04 0.68229096E+03 0.42007527E+08
470000 0.23500000E+03 -.16033196E+04 0.18397649E+02 -.16217172E+04 0.69769466E+03 -.98166339E+07
475000 0.23750000E+03 -.16032723E+04 0.18343006E+02 -.16216153E+04 0.69562244E+03 0.37300954E+08
480000 0.24000000E+03 -.16032259E+04 0.17927131E+02 -.16211530E+04 0.67985119E+03 -.39992796E+08
485000 0.24250000E+03 -.16031901E+04 0.19065953E+02 -.16222560E+04 0.72303879E+03 0.37441112E+08
490000 0.24500000E+03 -.16031637E+04 0.18327797E+02 -.16214915E+04 0.69504569E+03 -.32630705E+08
495000 0.24750000E+03 -.16031321E+04 0.19456268E+02 -.16225884E+04 0.73784073E+03 0.49783112E+07
500000 0.25000000E+03 -.16030968E+04 0.19401283E+02 -.16224981E+04 0.73575551E+03 -.19341154E+08
505000 0.25250000E+03 -.16030527E+04 0.17705854E+02 -.16207586E+04 0.67145972E+03 0.18216806E+08
510000 0.25500000E+03 -.16030372E+04 0.19582098E+02 -.16226193E+04 0.74261257E+03 0.14014468E+08
515000 0.25750000E+03 -.16030150E+04 0.18424752E+02 -.16214398E+04 0.69872252E+03 -.14495262E+08
520000 0.26000000E+03 -.16029913E+04 0.20403005E+02 -.16233943E+04 0.77374387E+03 0.21544790E+07
525000 0.26250000E+03 -.16029931E+04 0.16755082E+02 -.16197482E+04 0.63540356E+03 -.21603830E+08
530000 0.26500000E+03 -.16029818E+04 0.18579152E+02 -.16215609E+04 0.70457783E+03 -.16766202E+08
535000 0.26750000E+03 -.16029617E+04 0.19095219E+02 -.16220569E+04 0.72414864E+03 0.16378620E+08
540000 0.27000000E+03 -.16029475E+04 0.18918637E+02 -.16218662E+04 0.71745213E+03 -.93697564E+07
545000 0.27250000E+03 -.16029698E+04 0.18929232E+02 -.16218991E+04 0.71785390E+03 -.26687637E+07
550000 0.27500000E+03 -.16029626E+04 0.18427344E+02 -.16213899E+04 0.69882081E+03 -.26331602E+08
555000 0.27750000E+03 -.16029627E+04 0.19758143E+02 -.16227208E+04 0.74928872E+03 0.65234643E+08
560000 0.28000000E+03 -.16030009E+04 0.18817826E+02 -.16218187E+04 0.71362905E+03 -.58912100E+08
565000 0.28250000E+03 -.16029936E+04 0.18726038E+02 -.16217196E+04 0.71014819E+03 0.49648073E+08
570000 0.28500000E+03 -.16030210E+04 0.17863135E+02 -.16208841E+04 0.67742428E+03 -.89654108E+08
575000 0.28750000E+03 -.16030059E+04 0.18254800E+02 -.16212607E+04 0.69227741E+03 -.11450255E+08
580000 0.29000000E+03 -.16030098E+04 0.19901028E+02 -.16229108E+04 0.75470738E+03 -.11183612E+08
585000 0.29250000E+03 -.16030203E+04 0.18544051E+02 -.16215643E+04 0.70324667E+03 -.24046632E+08
590000 0.29500000E+03 -.16030059E+04 0.18470080E+02 -.16214760E+04 0.70044148E+03 -.16009651E+08
595000 0.29750000E+03 -.16029877E+04 0.19317175E+02 -.16223049E+04 0.73256589E+03 0.37721023E+08
600000 0.30000000E+03 -.16029751E+04 0.18942750E+02 -.16219179E+04 0.71836656E+03 -.33149501E+07
605000 0.30250000E+03 -.16029532E+04 0.20280606E+02 -.16232338E+04 0.76910213E+03 0.13422082E+08
610000 0.30500000E+03 -.16029299E+04 0.17303563E+02 -.16202335E+04 0.65620360E+03 -.19063404E+08
615000 0.30750000E+03 -.16029135E+04 0.17716705E+02 -.16206302E+04 0.67187122E+03 -.25192730E+08
620000 0.31000000E+03 -.16029101E+04 0.18512633E+02 -.16214227E+04 0.70205522E+03 -.29025105E+08
625000 0.31250000E+03 -.16029280E+04 0.18323744E+02 -.16212518E+04 0.69489198E+03 0.63469375E+08
630000 0.31500000E+03 -.16029554E+04 0.17870455E+02 -.16208258E+04 0.67770189E+03 -.10671403E+08
635000 0.31750000E+03 -.16029569E+04 0.19402487E+02 -.16223594E+04 0.73580116E+03 -.33574166E+08
640000 0.32000000E+03 -.16029439E+04 0.20512690E+02 -.16234566E+04 0.77790346E+03 0.18382405E+08
645000 0.32250000E+03 -.16029228E+04 0.19457969E+02 -.16223807E+04 0.73790523E+03 0.12314501E+08
650000 0.32500000E+03 -.16029297E+04 0.18753350E+02 -.16216831E+04 0.71118393E+03 -.21872207E+08
655000 0.32750000E+03 -.16029449E+04 0.18957430E+02 -.16219023E+04 0.71892328E+03 0.12328029E+08
660000 0.33000000E+03 -.16029347E+04 0.18781060E+02 -.16217158E+04 0.71223479E+03 -.50499833E+08
665000 0.33250000E+03 -.16029287E+04 0.19166781E+02 -.16220955E+04 0.72686249E+03 0.22591128E+08
670000 0.33500000E+03 -.16028870E+04 0.17881177E+02 -.16207681E+04 0.67810849E+03 -.51392745E+08
675000 0.33750000E+03 -.16028826E+04 0.18635517E+02 -.16215181E+04 0.70671535E+03 -.10620508E+08
680000 0.34000000E+03 -.16028943E+04 0.18881260E+02 -.16217755E+04 0.71603467E+03 -.35890128E+07
685000 0.34250000E+03 -.16028986E+04 0.18059983E+02 -.16209586E+04 0.68488934E+03 -.31709984E+08
690000 0.34500000E+03 -.16029120E+04 0.17569805E+02 -.16204818E+04 0.66630032E+03 0.15469697E+08
695000 0.34750000E+03 -.16029258E+04 0.18110241E+02 -.16210360E+04 0.68679528E+03 -.26496896E+08
700000 0.35000000E+03 -.16029170E+04 0.18054350E+02 -.16209713E+04 0.68467574E+03 0.45223553E+08
705000 0.35250000E+03 -.16029045E+04 0.18255480E+02 -.16211599E+04 0.69230321E+03 -.41526985E+08
710000 0.35500000E+03 -.16028877E+04 0.19753569E+02 -.16226413E+04 0.74911527E+03 0.29296101E+08
715000 0.35750000E+03 -.16028757E+04 0.18677850E+02 -.16215535E+04 0.70832073E+03 0.51735448E+08
720000 0.36000000E+03 -.16028789E+04 0.18178542E+02 -.16210574E+04 0.68938549E+03 -.11381520E+08
725000 0.36250000E+03 -.16028748E+04 0.17883855E+02 -.16207587E+04 0.67821004E+03 0.22071250E+07
730000 0.36500000E+03 -.16028679E+04 0.18846045E+02 -.16217140E+04 0.71469920E+03 0.39479831E+08
735000 0.36750000E+03 -.16028623E+04 0.19108274E+02 -.16219706E+04 0.72464374E+03 -.58751419E+07
740000 0.37000000E+03 -.16028774E+04 0.18185978E+02 -.16210634E+04 0.68966745E+03 0.16608228E+08
745000 0.37250000E+03 -.16028921E+04 0.17692225E+02 -.16205843E+04 0.67094287E+03 -.20956756E+08
750000 0.37500000E+03 -.16028704E+04 0.19350559E+02 -.16222210E+04 0.73383190E+03 -.58344029E+07
755000 0.37750000E+03 -.16028610E+04 0.19831849E+02 -.16226929E+04 0.75208387E+03 0.19225638E+07
760000 0.38000000E+03 -.16028675E+04 0.18352183E+02 -.16212197E+04 0.69597048E+03 -.10026774E+08
765000 0.38250000E+03 -.16028674E+04 0.19122747E+02 -.16219901E+04 0.72519260E+03 -.25225352E+07
770000 0.38500000E+03 -.16028381E+04 0.19080039E+02 -.16219182E+04 0.72357299E+03 0.11613413E+08
775000 0.38750000E+03 -.16028154E+04 0.18064467E+02 -.16208799E+04 0.68505939E+03 0.96201864E+07
780000 0.39000000E+03 -.16028103E+04 0.18680124E+02 -.16214905E+04 0.70840698E+03 0.96606423E+07
785000 0.39250000E+03 -.16028119E+04 0.18611074E+02 -.16214229E+04 0.70578838E+03 0.97798166E+07
790000 0.39500000E+03 -.16028041E+04 0.18216668E+02 -.16210208E+04 0.69083131E+03 -.60566482E+07
795000 0.39750000E+03 -.16027879E+04 0.18710436E+02 -.16214983E+04 0.70955649E+03 -.56294488E+07
800000 0.40000000E+03 -.16027732E+04 0.20036972E+02 -.16228102E+04 0.75986277E+03 0.18066808E+08
805000 0.40250000E+03 -.16027599E+04 0.18544630E+02 -.16213045E+04 0.70326865E+03 -.23819524E+08
810000 0.40500000E+03 -.16027409E+04 0.17681713E+02 -.16204226E+04 0.67054420E+03 -.32803698E+07
815000 0.40750000E+03 -.16027382E+04 0.18556624E+02 -.16212948E+04 0.70372350E+03 0.49360076E+07
820000 0.41000000E+03 -.16027337E+04 0.19857634E+02 -.16225913E+04 0.75306175E+03 -.18893928E+08
825000 0.41250000E+03 -.16027308E+04 0.19386120E+02 -.16221169E+04 0.73518050E+03 0.13497593E+08
830000 0.41500000E+03 -.16027439E+04 0.17543813E+02 -.16202877E+04 0.66531463E+03 -.41701058E+08
835000 0.41750000E+03 -.16027488E+04 0.18373916E+02 -.16211227E+04 0.69679465E+03 0.26955080E+08
840000 0.42000000E+03 -.16027548E+04 0.19790781E+02 -.16225456E+04 0.75052645E+03 0.12319238E+08
845000 0.42250000E+03 -.16027834E+04 0.18930948E+02 -.16217144E+04 0.71791899E+03 -.33477467E+08
850000 0.42500000E+03 -.16027920E+04 0.19370882E+02 -.16221629E+04 0.73460262E+03 0.28170938E+08
855000 0.42750000E+03 -.16027731E+04 0.17925598E+02 -.16206987E+04 0.67979306E+03 -.22773646E+08
860000 0.43000000E+03 -.16027630E+04 0.18120718E+02 -.16208838E+04 0.68719261E+03 0.39204598E+08
865000 0.43250000E+03 -.16027536E+04 0.17731560E+02 -.16204852E+04 0.67243456E+03 -.22364996E+08
870000 0.43500000E+03 -.16027432E+04 0.18781247E+02 -.16215244E+04 0.71224187E+03 0.37258445E+08
875000 0.43750000E+03 -.16027486E+04 0.18305303E+02 -.16210539E+04 0.69419263E+03 0.49864153E+07
880000 0.44000000E+03 -.16027400E+04 0.18441423E+02 -.16211814E+04 0.69935472E+03 0.19832495E+08
885000 0.44250000E+03 -.16027274E+04 0.19611311E+02 -.16223387E+04 0.74372041E+03 -.22378681E+08
890000 0.44500000E+03 -.16027225E+04 0.18202216E+02 -.16209247E+04 0.69028325E+03 -.23449068E+07
895000 0.44750000E+03 -.16027115E+04 0.18434621E+02 -.16211461E+04 0.69909676E+03 -.14770980E+08
900000 0.45000000E+03 -.16027221E+04 0.18010366E+02 -.16207325E+04 0.68300774E+03 -.13639963E+08
905000 0.45250000E+03 -.16027071E+04 0.17908227E+02 -.16206153E+04 0.67913431E+03 -.15416695E+08
910000 0.45500000E+03 -.16027056E+04 0.18722174E+02 -.16214277E+04 0.71000163E+03 0.80144457E+08
915000 0.45750000E+03 -.16027105E+04 0.18729150E+02 -.16214396E+04 0.71026619E+03 -.14766621E+08
920000 0.46000000E+03 -.16027021E+04 0.18902485E+02 -.16216046E+04 0.71683957E+03 0.19868715E+08
925000 0.46250000E+03 -.16026898E+04 0.18392719E+02 -.16210825E+04 0.69750772E+03 -.34892226E+08
930000 0.46500000E+03 -.16026677E+04 0.18878148E+02 -.16215458E+04 0.71591667E+03 0.23340146E+08
935000 0.46750000E+03 -.16026442E+04 0.18892472E+02 -.16215366E+04 0.71645988E+03 0.34493952E+07
940000 0.47000000E+03 -.16026244E+04 0.18159465E+02 -.16207838E+04 0.68866203E+03 0.47065472E+07
945000 0.47250000E+03 -.16026389E+04 0.19185538E+02 -.16218245E+04 0.72757382E+03 -.72532426E+08
950000 0.47500000E+03 -.16026693E+04 0.18892869E+02 -.16215621E+04 0.71647493E+03 0.34631924E+08
955000 0.47750000E+03 -.16026651E+04 0.18609136E+02 -.16212742E+04 0.70571489E+03 -.24670440E+08
960000 0.48000000E+03 -.16026663E+04 0.18589236E+02 -.16212556E+04 0.70496022E+03 0.26886031E+08
965000 0.48250000E+03 -.16026490E+04 0.18357384E+02 -.16210064E+04 0.69616771E+03 -.29962759E+07
970000 0.48500000E+03 -.16026463E+04 0.19687976E+02 -.16223343E+04 0.74662780E+03 0.30390218E+08
975000 0.48750000E+03 -.16026635E+04 0.18863412E+02 -.16215269E+04 0.71535780E+03 -.18347952E+07
980000 0.49000000E+03 -.16027406E+04 0.16953322E+02 -.16196939E+04 0.64292141E+03 0.43057322E+08
985000 0.49250000E+03 -.16027629E+04 0.18683932E+02 -.16214468E+04 0.70855139E+03 0.44828220E+08
990000 0.49500000E+03 -.16027847E+04 0.18608190E+02 -.16213929E+04 0.70567902E+03 -.35297408E+08
995000 0.49750000E+03 -.16027889E+04 0.20177874E+02 -.16229668E+04 0.76520619E+03 0.88022258E+07
****** 0.50000000E+03 -.16027820E+04 0.18203149E+02 -.16209852E+04 0.69031864E+03 -.14823163E+08
