 Creating tables for Cc-Cc Tersoff potential
    -----> MD RUN:
NSTEP = 1000000 (Number of steps)
dt = 0.00010 (Integration time step in [psec])
KFLAG = 6 (1-Quench, 2-Velocity distribution, 5-Constant Temperature)
LFLAG = 1 (1-Constant Pressure)
KEYBS = 3 (0-pair potential, 1-Stillinger Weber, 2-EAM, 3-Tersoff)
LIDX = 1 (1-periodicity in X direction,0-free boundaries)
LIDY = 1 (1-periodicity in Y direction,0-free boundaries)
LIDZ = 0 (1-periodicity in Z direction,0-free boundaries)
KBOUND =  1 (0-Free,1-rigid)
dim =  3 (3 - 3D simulation,2- 2D simulation)
T0 =  300.0 (Temperature distributed by VEL,[K])
P0 =    0.0 (Desired pressure in con. pressure control,[GPa])
NEWTAB =  50 (Step of neighbors list renewal)
NEPRT = 5000 (Step of printing output information)
NWRITE =  1000 (Step of writing output information)
Ngather =  200 (Step of gathering molecules to the comp. cell)
RSkin =  2.000 (Skin depth in neighbor list calculation [A])
 
    -----> MATERIAL:
XL = 0.29056D+02 (X size of the computational cell [A])
YL = 0.29056D+02 (Y size of the computational cell [A])
ZL = 0.43268D+02 (Z size of the computational cell [A])
DENSM = 0.13103D+00 (Density of the material [gm/cm3])
DENSN = 0.65700D+22 (Density of the material [molec./cm3])
Natoms =    240 (Number of particles in the computational cell)
NTYPE =  2 (Number of particle types)
 
    -----> TYPES OF PARTICLES:
Type  1:   240 particles.  mass = 0.12011D+02 [amu].
Type  2:     0 particles.  mass = 0.00000D+00 [amu].
 
  Step     time     Energy      Kinetic    Potential  Temperature    Pressure
     0 0.00000000E+00 -.16027224E+04 0.18203553E+02 -.16209260E+04 0.69033397E+03 -.14223260E+08
  5000 0.50000000E+00 -.16057062E+04 0.17268278E+02 -.16229744E+04 0.65486548E+03 -.72973195E+08
 10000 0.10000000E+01 -.16084059E+04 0.15761446E+02 -.16241674E+04 0.59772186E+03 -.10755481E+09
 15000 0.15000000E+01 -.16108877E+04 0.15323161E+02 -.16262109E+04 0.58110076E+03 -.19628176E+09
 20000 0.20000000E+01 -.16131722E+04 0.15441703E+02 -.16286139E+04 0.58559621E+03 -.20418220E+09
 25000 0.25000000E+01 -.16152749E+04 0.14328255E+02 -.16296031E+04 0.54337089E+03 -.28336564E+09
 30000 0.30000000E+01 -.16172249E+04 0.13344327E+02 -.16305692E+04 0.50605737E+03 -.32002214E+09
 35000 0.35000000E+01 -.16190222E+04 0.12006810E+02 -.16310290E+04 0.45533466E+03 -.35948288E+09
 40000 0.40000000E+01 -.16206966E+04 0.11462677E+02 -.16321593E+04 0.43469948E+03 -.42576728E+09
 45000 0.45000000E+01 -.16222396E+04 0.11099617E+02 -.16333392E+04 0.42093115E+03 -.48946920E+09
 50000 0.50000000E+01 -.16236792E+04 0.10256110E+02 -.16339353E+04 0.38894281E+03 -.53241232E+09
 55000 0.55000000E+01 -.16250166E+04 0.10190010E+02 -.16352066E+04 0.38643609E+03 -.58020458E+09
 60000 0.60000000E+01 -.16262433E+04 0.10604941E+02 -.16368483E+04 0.40217154E+03 -.63058660E+09
 65000 0.65000000E+01 -.16273617E+04 0.96175689E+01 -.16369792E+04 0.36472739E+03 -.68897144E+09
 70000 0.70000000E+01 -.16283813E+04 0.93945779E+01 -.16377759E+04 0.35627090E+03 -.74967281E+09
 75000 0.75000000E+01 -.16292739E+04 0.92292798E+01 -.16385032E+04 0.35000229E+03 -.77148068E+09
 80000 0.80000000E+01 -.16300397E+04 0.88618328E+01 -.16389015E+04 0.33606759E+03 -.81286583E+09
 85000 0.85000000E+01 -.16306770E+04 0.88340220E+01 -.16395111E+04 0.33501292E+03 -.88834508E+09
 90000 0.90000000E+01 -.16311480E+04 0.93603906E+01 -.16405084E+04 0.35497441E+03 -.92249674E+09
 95000 0.95000000E+01 -.16314690E+04 0.80569150E+01 -.16395259E+04 0.30554266E+03 -.10042979E+10
100000 0.10000000E+02 -.16315886E+04 0.83159997E+01 -.16399046E+04 0.31536794E+03 -.10326152E+10
105000 0.10500000E+02 -.16314877E+04 0.76569382E+01 -.16391446E+04 0.29037433E+03 -.10447770E+10
110000 0.11000000E+02 -.16311462E+04 0.81401649E+01 -.16392864E+04 0.30869975E+03 -.11292399E+10
115000 0.11500000E+02 -.16305414E+04 0.82215679E+01 -.16387629E+04 0.31178680E+03 -.11909537E+10
120000 0.12000000E+02 -.16296350E+04 0.82231080E+01 -.16378581E+04 0.31184521E+03 -.12222488E+10
125000 0.12500000E+02 -.16283923E+04 0.75969554E+01 -.16359893E+04 0.28809960E+03 -.13001819E+10
130000 0.13000000E+02 -.16267871E+04 0.78795848E+01 -.16346667E+04 0.29881776E+03 -.13228438E+10
135000 0.13500000E+02 -.16247719E+04 0.75197439E+01 -.16322917E+04 0.28517151E+03 -.13710403E+10
140000 0.14000000E+02 -.16223188E+04 0.72987776E+01 -.16296176E+04 0.27679179E+03 -.13887355E+10
145000 0.14500000E+02 -.16193999E+04 0.73885371E+01 -.16267885E+04 0.28019575E+03 -.14555134E+10
150000 0.15000000E+02 -.16159681E+04 0.79260620E+01 -.16238942E+04 0.30058032E+03 -.15015052E+10
155000 0.15500000E+02 -.16120068E+04 0.75086007E+01 -.16195154E+04 0.28474892E+03 -.15331566E+10
160000 0.16000000E+02 -.16074691E+04 0.72046346E+01 -.16146738E+04 0.27322161E+03 -.15323434E+10
165000 0.16500000E+02 -.16023201E+04 0.70441163E+01 -.16093642E+04 0.26713426E+03 -.15899460E+10
170000 0.17000000E+02 -.15965431E+04 0.74189254E+01 -.16039620E+04 0.28134816E+03 -.15809810E+10
175000 0.17500000E+02 -.15901786E+04 0.69536552E+01 -.15971323E+04 0.26370370E+03 -.16074289E+10
180000 0.18000000E+02 -.15831829E+04 0.73040209E+01 -.15904869E+04 0.27699063E+03 -.15696245E+10
185000 0.18500000E+02 -.15755831E+04 0.75681534E+01 -.15831512E+04 0.28700734E+03 -.16162547E+10
190000 0.19000000E+02 -.15686795E+04 0.76825533E+01 -.15763620E+04 0.29134573E+03 -.19352966E+09
195000 0.19500000E+02 -.15656003E+04 0.72727515E+01 -.15728730E+04 0.27580480E+03 -.39696436E+08
200000 0.20000000E+02 -.15629734E+04 0.71045462E+01 -.15700780E+04 0.26942595E+03 -.62566285E+08
205000 0.20500000E+02 -.15603264E+04 0.73432149E+01 -.15676696E+04 0.27847699E+03 -.31780364E+08
210000 0.21000000E+02 -.15576573E+04 0.71778557E+01 -.15648351E+04 0.27220607E+03 -.32388084E+08
215000 0.21500000E+02 -.15549395E+04 0.75301812E+01 -.15624697E+04 0.28556732E+03 -.21235376E+08
220000 0.22000000E+02 -.15521924E+04 0.76303875E+01 -.15598228E+04 0.28936745E+03 -.60912979E+08
225000 0.22500000E+02 -.15494123E+04 0.73970620E+01 -.15568093E+04 0.28051904E+03 -.71680431E+08
230000 0.23000000E+02 -.15465846E+04 0.80871860E+01 -.15546718E+04 0.30669063E+03 -.71573938E+08
235000 0.23500000E+02 -.15437177E+04 0.72757699E+01 -.15509935E+04 0.27591927E+03 -.79307003E+08
240000 0.24000000E+02 -.15408329E+04 0.73882486E+01 -.15482211E+04 0.28018481E+03 -.26475418E+08
245000 0.24500000E+02 -.15379067E+04 0.76538232E+01 -.15455605E+04 0.29025620E+03 0.62895908E+07
250000 0.25000000E+02 -.15349428E+04 0.80433093E+01 -.15429861E+04 0.30502669E+03 0.20408558E+08
255000 0.25500000E+02 -.15319553E+04 0.74497947E+01 -.15394051E+04 0.28251882E+03 -.53637004E+07
260000 0.26000000E+02 -.15289122E+04 0.76232015E+01 -.15365354E+04 0.28909493E+03 -.18114461E+08
265000 0.26500000E+02 -.15258571E+04 0.78198355E+01 -.15336769E+04 0.29655189E+03 -.78538389E+07
270000 0.27000000E+02 -.15227688E+04 0.76678915E+01 -.15304367E+04 0.29078971E+03 -.21170999E+08
275000 0.27500000E+02 -.15196667E+04 0.79391142E+01 -.15276058E+04 0.30107530E+03 -.99274744E+08
280000 0.28000000E+02 -.15165111E+04 0.76638122E+01 -.15241750E+04 0.29063501E+03 -.36960615E+08
285000 0.28500000E+02 -.15133106E+04 0.76038981E+01 -.15209145E+04 0.28836289E+03 -.49438625E+08
290000 0.29000000E+02 -.15100991E+04 0.75562458E+01 -.15176554E+04 0.28655577E+03 -.37041715E+08
295000 0.29500000E+02 -.15068493E+04 0.80322157E+01 -.15148815E+04 0.30460599E+03 -.29327670E+08
300000 0.30000000E+02 -.15035335E+04 0.78827016E+01 -.15114162E+04 0.29893596E+03 -.57184029E+08
305000 0.30500000E+02 -.15002270E+04 0.76384029E+01 -.15078654E+04 0.28967141E+03 -.11607436E+09
310000 0.31000000E+02 -.14968660E+04 0.76296843E+01 -.15044957E+04 0.28934078E+03 -.84064063E+08
315000 0.31500000E+02 -.14934757E+04 0.78450816E+01 -.15013208E+04 0.29750930E+03 -.33291472E+08
320000 0.32000000E+02 -.14900621E+04 0.75999870E+01 -.14976621E+04 0.28821456E+03 -.26187495E+08
325000 0.32500000E+02 -.14865658E+04 0.77552446E+01 -.14943210E+04 0.29410241E+03 -.71229845E+08
330000 0.33000000E+02 -.14830431E+04 0.79844817E+01 -.14910276E+04 0.30279577E+03 -.27470314E+08
335000 0.33500000E+02 -.14794975E+04 0.79056523E+01 -.14874031E+04 0.29980632E+03 -.76076650E+08
340000 0.34000000E+02 -.14758804E+04 0.75321447E+01 -.14834126E+04 0.28564178E+03 -.69087036E+08
345000 0.34500000E+02 -.14721909E+04 0.72144712E+01 -.14794054E+04 0.27359464E+03 -.80873629E+08
350000 0.35000000E+02 -.14685106E+04 0.82574466E+01 -.14767681E+04 0.31314743E+03 -.13666502E+08
355000 0.35500000E+02 -.14645825E+04 0.81257165E+01 -.14727082E+04 0.30815182E+03 -.15530002E+09
360000 0.36000000E+02 -.14606513E+04 0.80662685E+01 -.14687176E+04 0.30589738E+03 -.12448639E+09
365000 0.36500000E+02 -.14565691E+04 0.81225893E+01 -.14646917E+04 0.30803323E+03 -.12445679E+09
370000 0.37000000E+02 -.14523866E+04 0.78239625E+01 -.14602106E+04 0.29670840E+03 0.36340285E+08
375000 0.37500000E+02 -.14481602E+04 0.78657551E+01 -.14560259E+04 0.29829330E+03 -.13774531E+09
380000 0.38000000E+02 -.14434853E+04 0.74785483E+01 -.14509638E+04 0.28360924E+03 -.13541607E+09
385000 0.38500000E+02 -.14389678E+04 0.79262315E+01 -.14468940E+04 0.30058675E+03 -.18099163E+09
390000 0.39000000E+02 -.14341296E+04 0.80138590E+01 -.14421434E+04 0.30390985E+03 -.16351302E+09
395000 0.39500000E+02 -.14289252E+04 0.87283865E+01 -.14376535E+04 0.33100690E+03 -.22424119E+09
400000 0.40000000E+02 -.14233527E+04 0.81608081E+01 -.14315135E+04 0.30948260E+03 -.11087623E+09
405000 0.40500000E+02 -.14173193E+04 0.76287628E+01 -.14249480E+04 0.28930583E+03 -.19789601E+09
410000 0.41000000E+02 -.14108416E+04 0.88446448E+01 -.14196862E+04 0.33541577E+03 -.13845180E+09
415000 0.41500000E+02 -.14034307E+04 0.83240145E+01 -.14117547E+04 0.31567188E+03 -.27832532E+09
420000 0.42000000E+02 -.13947948E+04 0.85956728E+01 -.14033905E+04 0.32597399E+03 -.40035728E+09
425000 0.42500000E+02 -.13842797E+04 0.82808624E+01 -.13925606E+04 0.31403543E+03 -.51446182E+09
430000 0.43000000E+02 -.13711302E+04 0.80255496E+01 -.13791558E+04 0.30435319E+03 -.10143284E+10
435000 0.43500000E+02 -.13540095E+04 0.81838128E+01 -.13621933E+04 0.31035501E+03 -.14843857E+10
440000 0.44000000E+02 -.13325705E+04 0.81620035E+01 -.13407325E+04 0.30952794E+03 -.21631383E+10
445000 0.44500000E+02 -.13093557E+04 0.79100172E+01 -.13172657E+04 0.29997185E+03 -.30776268E+10
450000 0.45000000E+02 -.12878782E+04 0.78919130E+01 -.12957702E+04 0.29928529E+03 -.38200426E+10
455000 0.45500000E+02 -.12662903E+04 0.77128651E+01 -.12740031E+04 0.29249525E+03 -.36178937E+10
460000 0.46000000E+02 -.12423020E+04 0.79528590E+01 -.12502549E+04 0.30159654E+03 -.39832429E+10
465000 0.46500000E+02 -.12152619E+04 0.77773654E+01 -.12230393E+04 0.29494129E+03 -.42348112E+10
470000 0.47000000E+02 -.11849226E+04 0.72746674E+01 -.11921973E+04 0.27587746E+03 -.40962837E+10
475000 0.47500000E+02 -.11515846E+04 0.73401232E+01 -.11589247E+04 0.27835974E+03 -.37031460E+10
480000 0.48000000E+02 -.11166205E+04 0.67427625E+01 -.11233633E+04 0.25570601E+03 -.35857663E+10
485000 0.48500000E+02 -.10843835E+04 0.68664883E+01 -.10912500E+04 0.26039807E+03 -.28274073E+10
490000 0.49000000E+02 -.10589615E+04 0.67590789E+01 -.10657205E+04 0.25632478E+03 -.21507035E+10
495000 0.49500000E+02 -.10383128E+04 0.73433837E+01 -.10456562E+04 0.27848339E+03 -.70142265E+09
500000 0.50000000E+02 -.10231866E+04 0.78438866E+01 -.10310305E+04 0.29746398E+03 -.40917389E+09
505000 0.50500000E+02 -.10175375E+04 0.73641851E+01 -.10249017E+04 0.27927224E+03 -.29692077E+09
510000 0.51000000E+02 -.10131143E+04 0.74754363E+01 -.10205897E+04 0.28349122E+03 -.52326039E+09
515000 0.51500000E+02 -.10085562E+04 0.75247432E+01 -.10160810E+04 0.28536109E+03 0.14580453E+09
520000 0.52000000E+02 -.10040132E+04 0.78921922E+01 -.10119054E+04 0.29929587E+03 -.40794960E+08
525000 0.52500000E+02 -.99942242E+03 0.74766010E+01 -.10068990E+04 0.28353539E+03 0.17887758E+09
530000 0.53000000E+02 -.99480120E+03 0.72870290E+01 -.10020882E+04 0.27634625E+03 -.17163408E+09
535000 0.53500000E+02 -.98987207E+03 0.80368660E+01 -.99790893E+03 0.30478234E+03 0.23948044E+08
540000 0.54000000E+02 -.98515356E+03 0.82171613E+01 -.99337072E+03 0.31161969E+03 0.20580714E+09
545000 0.54500000E+02 -.98018010E+03 0.68945005E+01 -.98707460E+03 0.26146038E+03 0.52542068E+08
550000 0.55000000E+02 -.97545845E+03 0.74836054E+01 -.98294206E+03 0.28380102E+03 -.60398911E+09
555000 0.55500000E+02 -.97047031E+03 0.77640210E+01 -.97823433E+03 0.29443523E+03 -.25766877E+09
560000 0.56000000E+02 -.96567483E+03 0.77227137E+01 -.97339754E+03 0.29286874E+03 -.37512294E+09
565000 0.56500000E+02 -.96065644E+03 0.77928253E+01 -.96844927E+03 0.29552758E+03 0.14888606E+09
570000 0.57000000E+02 -.95574517E+03 0.76267656E+01 -.96337194E+03 0.28923009E+03 0.20745673E+09
575000 0.57500000E+02 -.95073355E+03 0.76621303E+01 -.95839568E+03 0.29057123E+03 -.37905821E+09
580000 0.58000000E+02 -.94564848E+03 0.82260528E+01 -.95387453E+03 0.31195688E+03 -.80489843E+08
585000 0.58500000E+02 -.98693605E+03 0.20372973E+03 -.11906658E+04 0.77260495E+04 0.11393380E+11
590000 0.59000000E+02 -.11097698E+04 0.10393461E+03 -.12137044E+04 0.39415159E+04 0.92507376E+10
595000 0.59500000E+02 -.11650566E+04 0.91868328E+02 -.12569249E+04 0.34839257E+04 0.60394558E+10
600000 0.60000000E+02 -.12059508E+04 0.78316357E+02 -.12842672E+04 0.29699939E+04 0.38387678E+10
605000 0.60500000E+02 -.12376205E+04 0.75751309E+02 -.13133718E+04 0.28727195E+04 0.32642565E+10
610000 0.61000000E+02 -.12625752E+04 0.72553527E+02 -.13351287E+04 0.27514499E+04 0.24309988E+10
615000 0.61500000E+02 -.12833814E+04 0.68027532E+02 -.13514090E+04 0.25798104E+04 0.22190808E+10
620000 0.62000000E+02 -.13014940E+04 0.62012800E+02 -.13635068E+04 0.23517135E+04 0.18160374E+10
625000 0.62500000E+02 -.13178560E+04 0.53991732E+02 -.13718478E+04 0.20475303E+04 0.16453737E+10
630000 0.63000000E+02 -.13342539E+04 0.47774806E+02 -.13820287E+04 0.18117656E+04 0.16806072E+10
635000 0.63500000E+02 -.13519743E+04 0.44878373E+02 -.13968527E+04 0.17019241E+04 0.18495376E+10
640000 0.64000000E+02 -.13732374E+04 0.43356514E+02 -.14165939E+04 0.16442106E+04 0.23962251E+10
645000 0.64500000E+02 -.13994595E+04 0.41517966E+02 -.14409774E+04 0.15744872E+04 0.20271716E+10
650000 0.65000000E+02 -.14206472E+04 0.36469877E+02 -.14571171E+04 0.13830484E+04 0.13056248E+10
655000 0.65500000E+02 -.14315273E+04 0.35800395E+02 -.14673277E+04 0.13576596E+04 0.47222478E+09
660000 0.66000000E+02 -.14383344E+04 0.29966442E+02 -.14683008E+04 0.11364184E+04 0.14599835E+09
665000 0.66500000E+02 -.14433190E+04 0.31925970E+02 -.14752450E+04 0.12107296E+04 0.69420220E+08
670000 0.67000000E+02 -.14476359E+04 0.25817963E+02 -.14734538E+04 0.97909550E+03 -.33871776E+08
675000 0.67500000E+02 -.14509994E+04 0.25181058E+02 -.14761805E+04 0.95494211E+03 -.51968120E+07
680000 0.68000000E+02 -.14542576E+04 0.22446701E+02 -.14767043E+04 0.85124702E+03 0.87808839E+08
685000 0.68500000E+02 -.14566010E+04 0.23181563E+02 -.14797826E+04 0.87911520E+03 -.43637177E+08
690000 0.69000000E+02 -.14590023E+04 0.20542962E+02 -.14795452E+04 0.77905144E+03 0.47350567E+08
695000 0.69500000E+02 -.14607512E+04 0.17612813E+02 -.14783641E+04 0.66793132E+03 0.89544443E+08
700000 0.70000000E+02 -.14624409E+04 0.17700399E+02 -.14801413E+04 0.67125284E+03 0.16896562E+07
705000 0.70500000E+02 -.14636980E+04 0.16470924E+02 -.14801689E+04 0.62462741E+03 0.16727963E+08
710000 0.71000000E+02 -.14648492E+04 0.15743474E+02 -.14805927E+04 0.59704029E+03 0.52416562E+08
715000 0.71500000E+02 -.14655119E+04 0.13158273E+02 -.14786701E+04 0.49900165E+03 -.10343087E+09
720000 0.72000000E+02 -.14663241E+04 0.13826192E+02 -.14801503E+04 0.52433114E+03 -.10621490E+09
725000 0.72500000E+02 -.14667387E+04 0.12572362E+02 -.14793111E+04 0.47678212E+03 0.91845107E+08
730000 0.73000000E+02 -.14671180E+04 0.12542441E+02 -.14796604E+04 0.47564741E+03 -.12632623E+08
735000 0.73500000E+02 -.14672273E+04 0.12623096E+02 -.14798504E+04 0.47870610E+03 0.73505899E+07
740000 0.74000000E+02 -.14674847E+04 0.10988652E+02 -.14784734E+04 0.41672301E+03 0.30767765E+08
745000 0.74500000E+02 -.14674481E+04 0.10354328E+02 -.14778024E+04 0.39266753E+03 -.59036458E+08
750000 0.75000000E+02 -.14674203E+04 0.10315438E+02 -.14777357E+04 0.39119271E+03 0.87795751E+07
755000 0.75500000E+02 -.14671715E+04 0.10506937E+02 -.14776784E+04 0.39845494E+03 0.14188620E+08
760000 0.76000000E+02 -.14670878E+04 0.95354015E+01 -.14766232E+04 0.36161135E+03 -.79714622E+08
765000 0.76500000E+02 -.14668740E+04 0.10463951E+02 -.14773379E+04 0.39682479E+03 -.10377482E+09
770000 0.77000000E+02 -.14664223E+04 0.94585395E+01 -.14758808E+04 0.35869652E+03 -.50205017E+08
775000 0.77500000E+02 -.14661776E+04 0.90311104E+01 -.14752087E+04 0.34248711E+03 -.16688196E+09
780000 0.78000000E+02 -.14657971E+04 0.91266571E+01 -.14749238E+04 0.34611053E+03 0.74045596E+08
785000 0.78500000E+02 -.14654871E+04 0.93549415E+01 -.14748421E+04 0.35476776E+03 -.23708890E+09
790000 0.79000000E+02 -.14650683E+04 0.89846534E+01 -.14740530E+04 0.34072532E+03 0.18622060E+08
795000 0.79500000E+02 -.14646795E+04 0.89824888E+01 -.14736620E+04 0.34064323E+03 0.38350708E+08
800000 0.80000000E+02 -.14643735E+04 0.90956964E+01 -.14734692E+04 0.34493641E+03 0.12142717E+09
805000 0.80500000E+02 -.14639664E+04 0.82692481E+01 -.14722357E+04 0.31359498E+03 -.29693546E+08
810000 0.81000000E+02 -.14636360E+04 0.80472485E+01 -.14716832E+04 0.30517608E+03 0.33342242E+08
815000 0.81500000E+02 -.14631558E+04 0.79443995E+01 -.14711002E+04 0.30127574E+03 -.39617140E+07
820000 0.82000000E+02 -.14627472E+04 0.82094715E+01 -.14709567E+04 0.31132807E+03 0.97158604E+08
825000 0.82500000E+02 -.14623205E+04 0.81407806E+01 -.14704613E+04 0.30872310E+03 -.76743215E+07
830000 0.83000000E+02 -.14619369E+04 0.80249193E+01 -.14699618E+04 0.30432929E+03 -.91073189E+08
835000 0.83500000E+02 -.14615602E+04 0.86254124E+01 -.14701856E+04 0.32710181E+03 0.91124938E+07
840000 0.84000000E+02 -.14611544E+04 0.81687584E+01 -.14693232E+04 0.30978410E+03 0.17449897E+09
845000 0.84500000E+02 -.14607523E+04 0.83884832E+01 -.14691407E+04 0.31811673E+03 0.10778214E+09
850000 0.85000000E+02 -.14603570E+04 0.84645935E+01 -.14688216E+04 0.32100307E+03 0.24857636E+08
855000 0.85500000E+02 -.14600227E+04 0.82238701E+01 -.14682466E+04 0.31187411E+03 0.42750882E+08
860000 0.86000000E+02 -.14596255E+04 0.78778918E+01 -.14675034E+04 0.29875356E+03 -.31318178E+08
865000 0.86500000E+02 -.14592356E+04 0.74135783E+01 -.14666492E+04 0.28114538E+03 0.12177823E+09
870000 0.87000000E+02 -.14589177E+04 0.82150134E+01 -.14671327E+04 0.31153823E+03 -.80637207E+08
875000 0.87500000E+02 -.14586642E+04 0.85290652E+01 -.14671933E+04 0.32344803E+03 0.14140879E+09
880000 0.88000000E+02 -.14584055E+04 0.78207991E+01 -.14662263E+04 0.29658843E+03 0.83617291E+08
885000 0.88500000E+02 -.14581567E+04 0.74220946E+01 -.14655788E+04 0.28146835E+03 -.95564081E+07
890000 0.89000000E+02 -.14579338E+04 0.79467897E+01 -.14658805E+04 0.30136638E+03 0.80125921E+08
895000 0.89500000E+02 -.14577090E+04 0.83573901E+01 -.14660664E+04 0.31693759E+03 0.10291157E+09
900000 0.90000000E+02 -.14574070E+04 0.81938248E+01 -.14656009E+04 0.31073470E+03 0.55287532E+08
905000 0.90500000E+02 -.14571880E+04 0.75073490E+01 -.14646954E+04 0.28470145E+03 -.70124496E+08
910000 0.91000000E+02 -.14570071E+04 0.79022897E+01 -.14649094E+04 0.29967880E+03 -.28461369E+08
915000 0.91500000E+02 -.14568330E+04 0.77816887E+01 -.14646147E+04 0.29510524E+03 0.40705723E+08
920000 0.92000000E+02 -.14566069E+04 0.83013927E+01 -.14649083E+04 0.31481400E+03 0.27277764E+09
925000 0.92500000E+02 -.14564390E+04 0.77504386E+01 -.14641894E+04 0.29392015E+03 0.10597612E+09
930000 0.93000000E+02 -.14562791E+04 0.75163104E+01 -.14637954E+04 0.28504130E+03 0.15031434E+09
935000 0.93500000E+02 -.14562083E+04 0.81932982E+01 -.14644016E+04 0.31071473E+03 0.68517376E+08
940000 0.94000000E+02 -.14561017E+04 0.77244419E+01 -.14638262E+04 0.29293427E+03 0.39940289E+08
945000 0.94500000E+02 -.14560456E+04 0.76424090E+01 -.14636880E+04 0.28982334E+03 0.90933429E+08
950000 0.95000000E+02 -.14560513E+04 0.83230658E+01 -.14643744E+04 0.31563591E+03 0.21927458E+09
955000 0.95500000E+02 -.14561042E+04 0.77483930E+01 -.14638526E+04 0.29384257E+03 0.11365713E+09
960000 0.96000000E+02 -.14562175E+04 0.77708634E+01 -.14639884E+04 0.29469472E+03 0.20278767E+09
965000 0.96500000E+02 -.14563159E+04 0.80435196E+01 -.14643594E+04 0.30503467E+03 0.13471486E+09
970000 0.97000000E+02 -.14564336E+04 0.79004389E+01 -.14643340E+04 0.29960861E+03 0.10845109E+09
975000 0.97500000E+02 -.14565592E+04 0.81175093E+01 -.14646767E+04 0.30784058E+03 0.22056719E+09
980000 0.98000000E+02 -.14567640E+04 0.75875439E+01 -.14643515E+04 0.28774268E+03 0.14410304E+09
985000 0.98500000E+02 -.14569332E+04 0.84807188E+01 -.14654139E+04 0.32161459E+03 0.18924672E+09
990000 0.99000000E+02 -.14570602E+04 0.79815292E+01 -.14650417E+04 0.30268380E+03 0.18215943E+09
995000 0.99500000E+02 -.14571651E+04 0.78237587E+01 -.14649889E+04 0.29670067E+03 0.18608015E+09
****** 0.10000000E+03 -.14572924E+04 0.78422471E+01 -.14651346E+04 0.29740181E+03 0.18268676E+09
