 Creating tables for Cc-Cc Tersoff potential
    -----> MD RUN:
NSTEP = 1000000 (Number of steps)
dt = 0.00050 (Integration time step in [psec])
KFLAG = 2 (1-Quench, 2-Velocity distribution, 5-Constant Temperature)
LFLAG = 1 (1-Constant Pressure)
KEYBS = 3 (0-pair potential, 1-Stillinger Weber, 2-EAM, 3-Tersoff)
LIDX = 1 (1-periodicity in X direction,0-free boundaries)
LIDY = 1 (1-periodicity in Y direction,0-free boundaries)
LIDZ = 0 (1-periodicity in Z direction,0-free boundaries)
KBOUND =  1 (0-Free,1-rigid)
dim =  3 (3 - 3D simulation,2- 2D simulation)
T0 =  300.0 (Temperature distributed by VEL,[K])
P0 =    0.0 (Desired pressure in con. pressure control,[GPa])
NEWTAB =  50 (Step of neighbors list renewal)
NEPRT = 5000 (Step of printing output information)
NWRITE = 10000 (Step of writing output information)
Ngather =  200 (Step of gathering molecules to the comp. cell)
RSkin =  2.000 (Skin depth in neighbor list calculation [A])
 
    -----> MATERIAL:
XL = 0.22611D+02 (X size of the computational cell [A])
YL = 0.22545D+02 (Y size of the computational cell [A])
ZL = 0.24643D+02 (Z size of the computational cell [A])
DENSM = 0.19052D+00 (Density of the material [gm/cm3])
DENSN = 0.95528D+22 (Density of the material [molec./cm3])
Natoms =    120 (Number of particles in the computational cell)
NTYPE =  2 (Number of particle types)
 
    -----> TYPES OF PARTICLES:
Type  1:   120 particles.  mass = 0.12011D+02 [amu].
Type  2:     0 particles.  mass = 0.00000D+00 [amu].
 
  Step     time     Energy      Kinetic    Potential  Temperature    Pressure
     0 0.00000000E+00 -.80243978E+03 0.63049495E+01 -.80874473E+03 0.58067827E+03 0.24036136E+10
  5000 0.25000000E+01 -.80559457E+03 0.61141769E+01 -.81170875E+03 0.56310834E+03 0.11247163E+10
 10000 0.50000000E+01 -.80655550E+03 0.67638005E+01 -.81331930E+03 0.62293789E+03 0.94068803E+09
 15000 0.75000000E+01 -.80667847E+03 0.62740829E+01 -.81295255E+03 0.57783548E+03 0.41477582E+09
 20000 0.10000000E+02 -.80627922E+03 0.58860949E+01 -.81216531E+03 0.54210226E+03 0.74982625E+09
 25000 0.12500000E+02 -.80568721E+03 0.57426787E+01 -.81142989E+03 0.52889381E+03 0.57135694E+09
 30000 0.15000000E+02 -.80499200E+03 0.61239875E+01 -.81111598E+03 0.56401188E+03 0.32985837E+09
 35000 0.17500000E+02 -.80424527E+03 0.62944550E+01 -.81053972E+03 0.57971174E+03 0.22817106E+09
 40000 0.20000000E+02 -.80352074E+03 0.60220227E+01 -.80954276E+03 0.55462105E+03 0.29842013E+09
 45000 0.22500000E+02 -.80288313E+03 0.63297227E+01 -.80921286E+03 0.58295984E+03 0.24999365E+09
 50000 0.25000000E+02 -.80227195E+03 0.57185834E+01 -.80799053E+03 0.52667465E+03 0.18777773E+09
 55000 0.27500000E+02 -.80169991E+03 0.60612690E+01 -.80776118E+03 0.55823558E+03 0.20473205E+09
 60000 0.30000000E+02 -.80120194E+03 0.61064323E+01 -.80730837E+03 0.56239507E+03 0.19041948E+09
 65000 0.32500000E+02 -.80073058E+03 0.64171485E+01 -.80714773E+03 0.59101166E+03 0.14702135E+09
 70000 0.35000000E+02 -.80032105E+03 0.55364714E+01 -.80585752E+03 0.50990235E+03 0.15257134E+09
 75000 0.37500000E+02 -.79994916E+03 0.60651618E+01 -.80601432E+03 0.55859411E+03 0.11087523E+09
 80000 0.40000000E+02 -.79961133E+03 0.59195250E+01 -.80553085E+03 0.54518113E+03 0.85986421E+08
 85000 0.42500000E+02 -.79930098E+03 0.55423570E+01 -.80484333E+03 0.51044441E+03 0.30189381E+08
 90000 0.45000000E+02 -.79902544E+03 0.61185348E+01 -.80514397E+03 0.56350970E+03 0.10201184E+09
 95000 0.47500000E+02 -.79878757E+03 0.59937313E+01 -.80478131E+03 0.55201544E+03 0.23234304E+08
100000 0.50000000E+02 -.79857164E+03 0.62162814E+01 -.80478792E+03 0.57251204E+03 0.45536189E+08
105000 0.52500000E+02 -.79837935E+03 0.53425751E+01 -.80372193E+03 0.49204474E+03 0.19680028E+07
110000 0.55000000E+02 -.79822170E+03 0.60136683E+01 -.80423537E+03 0.55385162E+03 0.59212052E+08
115000 0.57500000E+02 -.79807439E+03 0.54659079E+01 -.80354030E+03 0.50340354E+03 0.87057477E+08
120000 0.60000000E+02 -.79793168E+03 0.57427009E+01 -.80367438E+03 0.52889584E+03 0.36558189E+08
125000 0.62500000E+02 -.79780121E+03 0.53869513E+01 -.80318816E+03 0.49613174E+03 0.70206591E+08
130000 0.65000000E+02 -.79770361E+03 0.58762647E+01 -.80357987E+03 0.54119691E+03 0.41109196E+08
135000 0.67500000E+02 -.79762728E+03 0.53776182E+01 -.80300490E+03 0.49527217E+03 0.20881200E+08
140000 0.70000000E+02 -.79754538E+03 0.63185641E+01 -.80386395E+03 0.58193216E+03 0.61686333E+08
145000 0.72500000E+02 -.79749101E+03 0.62361898E+01 -.80372720E+03 0.57434558E+03 0.72929443E+07
150000 0.75000000E+02 -.79743118E+03 0.63521150E+01 -.80378329E+03 0.58502215E+03 0.54640662E+08
155000 0.77500000E+02 -.79738033E+03 0.59459322E+01 -.80332626E+03 0.54761320E+03 0.77416642E+08
160000 0.80000000E+02 -.79737993E+03 0.56011138E+01 -.80298105E+03 0.51585584E+03 0.74521440E+08
165000 0.82500000E+02 -.79737267E+03 0.59231636E+01 -.80329583E+03 0.54551625E+03 0.75206706E+08
170000 0.85000000E+02 -.79734880E+03 0.60653998E+01 -.80341420E+03 0.55861602E+03 0.51995919E+08
175000 0.87500000E+02 -.79731615E+03 0.58964618E+01 -.80321261E+03 0.54305704E+03 0.49888435E+08
180000 0.90000000E+02 -.79728830E+03 0.56245546E+01 -.80291286E+03 0.51801471E+03 0.43416158E+07
185000 0.92500000E+02 -.79726403E+03 0.53622983E+01 -.80262633E+03 0.49386122E+03 0.24019293E+08
190000 0.95000000E+02 -.79723703E+03 0.49041117E+01 -.80214115E+03 0.45166279E+03 0.30111228E+08
195000 0.97500000E+02 -.79721047E+03 0.56294027E+01 -.80283988E+03 0.51846122E+03 0.24546556E+08
200000 0.10000000E+03 -.79717916E+03 0.55085744E+01 -.80268774E+03 0.50733308E+03 0.70840518E+08
205000 0.10250000E+03 -.79718692E+03 0.64271246E+01 -.80361405E+03 0.59193044E+03 0.89669421E+08
210000 0.10500000E+03 -.79719081E+03 0.66936904E+01 -.80388450E+03 0.61648083E+03 0.36286377E+08
215000 0.10750000E+03 -.79717355E+03 0.57694010E+01 -.80294295E+03 0.53135489E+03 -.72276791E+07
220000 0.11000000E+03 -.79716720E+03 0.59005761E+01 -.80306778E+03 0.54343596E+03 -.13511793E+08
225000 0.11250000E+03 -.79716092E+03 0.49094962E+01 -.80207041E+03 0.45215869E+03 -.41174285E+08
230000 0.11500000E+03 -.79715727E+03 0.53657170E+01 -.80252299E+03 0.49417608E+03 0.12153490E+08
235000 0.11750000E+03 -.79715335E+03 0.57235360E+01 -.80287689E+03 0.52713079E+03 0.20092300E+08
240000 0.12000000E+03 -.79714722E+03 0.60990572E+01 -.80324628E+03 0.56171584E+03 0.36659640E+08
245000 0.12250000E+03 -.79713310E+03 0.56999489E+01 -.80283305E+03 0.52495844E+03 -.58751757E+07
250000 0.12500000E+03 -.79711606E+03 0.57253145E+01 -.80284138E+03 0.52729458E+03 0.30279302E+08
255000 0.12750000E+03 -.79712305E+03 0.54136247E+01 -.80253668E+03 0.49858832E+03 -.48902710E+08
260000 0.13000000E+03 -.79711836E+03 0.57196321E+01 -.80283799E+03 0.52677124E+03 0.15566285E+08
265000 0.13250000E+03 -.79712641E+03 0.59898965E+01 -.80311631E+03 0.55166226E+03 -.50330593E+08
270000 0.13500000E+03 -.79712664E+03 0.60956872E+01 -.80322233E+03 0.56140546E+03 -.26782370E+08
275000 0.13750000E+03 -.79712119E+03 0.59882363E+01 -.80310942E+03 0.55150936E+03 0.28853723E+08
280000 0.14000000E+03 -.79712050E+03 0.59845277E+01 -.80310503E+03 0.55116780E+03 0.50701975E+07
285000 0.14250000E+03 -.79711524E+03 0.59715356E+01 -.80308678E+03 0.54997125E+03 -.14312051E+08
290000 0.14500000E+03 -.79712797E+03 0.55780905E+01 -.80270606E+03 0.51373542E+03 0.49928493E+08
295000 0.14750000E+03 -.79712115E+03 0.58936880E+01 -.80301484E+03 0.54280158E+03 0.46690658E+07
300000 0.15000000E+03 -.79712548E+03 0.53598546E+01 -.80248534E+03 0.49363616E+03 -.17702221E+08
305000 0.15250000E+03 -.79713824E+03 0.58842389E+01 -.80302248E+03 0.54193132E+03 -.46620975E+08
310000 0.15500000E+03 -.79715652E+03 0.56722269E+01 -.80282875E+03 0.52240528E+03 -.15511424E+08
315000 0.15750000E+03 -.79717948E+03 0.53695275E+01 -.80254901E+03 0.49452702E+03 0.58763280E+08
320000 0.16000000E+03 -.79719228E+03 0.60832725E+01 -.80327555E+03 0.56026208E+03 0.80675947E+07
325000 0.16250000E+03 -.79720287E+03 0.58928328E+01 -.80309571E+03 0.54272281E+03 -.25291851E+08
330000 0.16500000E+03 -.79722790E+03 0.62000867E+01 -.80342799E+03 0.57102053E+03 0.22097718E+08
335000 0.16750000E+03 -.79722640E+03 0.61045632E+01 -.80333096E+03 0.56222293E+03 0.39122797E+07
340000 0.17000000E+03 -.79724311E+03 0.57669281E+01 -.80301004E+03 0.53112714E+03 -.64203561E+08
345000 0.17250000E+03 -.79726162E+03 0.58279256E+01 -.80308955E+03 0.53674494E+03 0.82386081E+08
350000 0.17500000E+03 -.79727737E+03 0.65202459E+01 -.80379761E+03 0.60050680E+03 0.75582265E+08
355000 0.17750000E+03 -.79729039E+03 0.53811560E+01 -.80267155E+03 0.49559800E+03 0.22865286E+08
360000 0.18000000E+03 -.79731013E+03 0.56030218E+01 -.80291316E+03 0.51603157E+03 -.13021836E+08
365000 0.18250000E+03 -.79732119E+03 0.47294152E+01 -.80205060E+03 0.43557345E+03 -.18587950E+08
370000 0.18500000E+03 -.79733026E+03 0.56108626E+01 -.80294112E+03 0.51675370E+03 0.27583747E+08
375000 0.18750000E+03 -.79735307E+03 0.60254926E+01 -.80337856E+03 0.55494062E+03 -.30331339E+08
380000 0.19000000E+03 -.79737709E+03 0.56607494E+01 -.80303784E+03 0.52134821E+03 0.17657561E+08
385000 0.19250000E+03 -.79739471E+03 0.58012966E+01 -.80319601E+03 0.53429244E+03 0.87812249E+08
390000 0.19500000E+03 -.79742089E+03 0.58197989E+01 -.80324068E+03 0.53599648E+03 0.63198203E+08
395000 0.19750000E+03 -.79744090E+03 0.59149485E+01 -.80335585E+03 0.54475964E+03 0.54626488E+08
400000 0.20000000E+03 -.79748245E+03 0.54972302E+01 -.80297968E+03 0.50628829E+03 0.46074765E+08
405000 0.20250000E+03 -.79748800E+03 0.60678545E+01 -.80355585E+03 0.55884210E+03 0.32459084E+08
410000 0.20500000E+03 -.79749423E+03 0.52808802E+01 -.80277511E+03 0.48636272E+03 -.30576235E+08
415000 0.20750000E+03 -.79750003E+03 0.59708353E+01 -.80347086E+03 0.54990675E+03 0.68034023E+07
420000 0.21000000E+03 -.79751790E+03 0.51503000E+01 -.80266820E+03 0.47433644E+03 0.95030416E+07
425000 0.21250000E+03 -.79751670E+03 0.58174764E+01 -.80333417E+03 0.53578258E+03 0.19508688E+08
430000 0.21500000E+03 -.79751228E+03 0.54279967E+01 -.80294028E+03 0.49991197E+03 -.61484670E+07
435000 0.21750000E+03 -.79752822E+03 0.52838463E+01 -.80281206E+03 0.48663589E+03 0.27337318E+08
440000 0.22000000E+03 -.79752888E+03 0.56793400E+01 -.80320822E+03 0.52306038E+03 -.17171952E+08
445000 0.22250000E+03 -.79751223E+03 0.58010436E+01 -.80331328E+03 0.53426914E+03 -.35918291E+08
450000 0.22500000E+03 -.79751442E+03 0.52997510E+01 -.80281417E+03 0.48810070E+03 0.25297100E+08
455000 0.22750000E+03 -.79752442E+03 0.57666097E+01 -.80329103E+03 0.53109782E+03 -.88369148E+07
460000 0.23000000E+03 -.79752611E+03 0.58378369E+01 -.80336395E+03 0.53765776E+03 -.28604317E+08
465000 0.23250000E+03 -.79753301E+03 0.53367374E+01 -.80286975E+03 0.49150710E+03 -.31970011E+08
470000 0.23500000E+03 -.79754008E+03 0.54925077E+01 -.80303258E+03 0.50585335E+03 -.38565177E+08
475000 0.23750000E+03 -.79755199E+03 0.53993661E+01 -.80295136E+03 0.49727513E+03 -.34882670E+08
480000 0.24000000E+03 -.79756775E+03 0.56199160E+01 -.80318767E+03 0.51758751E+03 -.12457379E+08
485000 0.24250000E+03 -.79758185E+03 0.56217394E+01 -.80320359E+03 0.51775544E+03 0.35682547E+08
490000 0.24500000E+03 -.79759525E+03 0.60923303E+01 -.80368758E+03 0.56109629E+03 0.16119101E+08
495000 0.24750000E+03 -.79760439E+03 0.62699067E+01 -.80387430E+03 0.57745087E+03 -.69584258E+08
500000 0.25000000E+03 -.79762834E+03 0.56469149E+01 -.80327525E+03 0.52007407E+03 -.53451661E+08
505000 0.25250000E+03 -.79763530E+03 0.54891133E+01 -.80312441E+03 0.50554073E+03 -.24052305E+08
510000 0.25500000E+03 -.79763678E+03 0.53746842E+01 -.80301147E+03 0.49500195E+03 0.78720370E+07
515000 0.25750000E+03 -.79762661E+03 0.58775910E+01 -.80350420E+03 0.54131906E+03 0.18089764E+08
520000 0.26000000E+03 -.79762896E+03 0.57448740E+01 -.80337384E+03 0.52909598E+03 0.62213442E+08
525000 0.26250000E+03 -.79760737E+03 0.56375662E+01 -.80324494E+03 0.51921307E+03 0.41685410E+07
530000 0.26500000E+03 -.79760704E+03 0.50686121E+01 -.80267565E+03 0.46681308E+03 0.22509314E+08
535000 0.26750000E+03 -.79760565E+03 0.54494355E+01 -.80305509E+03 0.50188646E+03 0.31195222E+08
540000 0.27000000E+03 -.79760946E+03 0.56673899E+01 -.80327685E+03 0.52195980E+03 0.45376544E+08
545000 0.27250000E+03 -.79761918E+03 0.55716077E+01 -.80319078E+03 0.51313837E+03 -.29139761E+08
550000 0.27500000E+03 -.79763217E+03 0.56966620E+01 -.80332883E+03 0.52465572E+03 -.96501776E+08
555000 0.27750000E+03 -.79765418E+03 0.56666855E+01 -.80332086E+03 0.52189492E+03 -.39200254E+08
560000 0.28000000E+03 -.79765780E+03 0.55274518E+01 -.80318525E+03 0.50907167E+03 0.22424839E+08
565000 0.28250000E+03 -.79767424E+03 0.53313568E+01 -.80300560E+03 0.49101155E+03 -.81501110E+07
570000 0.28500000E+03 -.79769510E+03 0.62982131E+01 -.80399331E+03 0.58005785E+03 0.14161808E+08
575000 0.28750000E+03 -.79770448E+03 0.61935446E+01 -.80389803E+03 0.57041801E+03 0.35656038E+08
580000 0.29000000E+03 -.79771727E+03 0.58591762E+01 -.80357644E+03 0.53962308E+03 0.31039280E+08
585000 0.29250000E+03 -.79773793E+03 0.54131777E+01 -.80315111E+03 0.49854715E+03 0.69259378E+08
590000 0.29500000E+03 -.79775603E+03 0.50138047E+01 -.80276983E+03 0.46176539E+03 -.51758309E+08
595000 0.29750000E+03 -.79779634E+03 0.56862508E+01 -.80348259E+03 0.52369686E+03 -.39122636E+08
600000 0.30000000E+03 -.79783652E+03 0.59830949E+01 -.80381961E+03 0.55103585E+03 -.90918747E+07
605000 0.30250000E+03 -.79785638E+03 0.51849715E+01 -.80304135E+03 0.47752964E+03 -.10538898E+09
610000 0.30500000E+03 -.79787466E+03 0.53369368E+01 -.80321160E+03 0.49152546E+03 -.54055807E+08
615000 0.30750000E+03 -.79789169E+03 0.56873445E+01 -.80357904E+03 0.52379759E+03 -.28169842E+08
620000 0.31000000E+03 -.79790697E+03 0.55757042E+01 -.80348268E+03 0.51351565E+03 -.10356406E+09
625000 0.31250000E+03 -.79793521E+03 0.48875406E+01 -.80282275E+03 0.45013661E+03 -.26155915E+08
630000 0.31500000E+03 -.79795893E+03 0.46959569E+01 -.80265489E+03 0.43249198E+03 -.69482336E+08
635000 0.31750000E+03 -.79797764E+03 0.56162651E+01 -.80359391E+03 0.51725126E+03 0.31941587E+08
640000 0.32000000E+03 -.79799760E+03 0.53695362E+01 -.80336713E+03 0.49452783E+03 0.53523165E+08
645000 0.32250000E+03 -.79801670E+03 0.59011326E+01 -.80391783E+03 0.54348722E+03 0.98795191E+08
650000 0.32500000E+03 -.79804703E+03 0.57929158E+01 -.80383995E+03 0.53352057E+03 0.88580284E+08
655000 0.32750000E+03 -.79805831E+03 0.54664740E+01 -.80352478E+03 0.50345568E+03 -.12132043E+08
660000 0.33000000E+03 -.79806918E+03 0.59321801E+01 -.80400136E+03 0.54634665E+03 -.31569607E+08
665000 0.33250000E+03 -.79807952E+03 0.52591499E+01 -.80333867E+03 0.48436138E+03 -.23870719E+08
670000 0.33500000E+03 -.79808287E+03 0.52851721E+01 -.80336804E+03 0.48675799E+03 -.90158858E+07
675000 0.33750000E+03 -.79808709E+03 0.54566289E+01 -.80354372E+03 0.50254896E+03 0.12279672E+08
680000 0.34000000E+03 -.79810013E+03 0.55871414E+01 -.80368727E+03 0.51456901E+03 0.11983703E+08
685000 0.34250000E+03 -.79809763E+03 0.55763765E+01 -.80367401E+03 0.51357756E+03 0.14001912E+08
690000 0.34500000E+03 -.79808629E+03 0.53391368E+01 -.80342542E+03 0.49172808E+03 -.33149289E+08
695000 0.34750000E+03 -.79808492E+03 0.52957216E+01 -.80338064E+03 0.48772959E+03 -.38067332E+08
700000 0.35000000E+03 -.79808750E+03 0.47518925E+01 -.80283939E+03 0.43764358E+03 -.34867104E+08
705000 0.35250000E+03 -.79808920E+03 0.46791127E+01 -.80276832E+03 0.43094065E+03 -.51552652E+05
710000 0.35500000E+03 -.79808814E+03 0.56356932E+01 -.80372384E+03 0.51904057E+03 -.33220324E+07
715000 0.35750000E+03 -.79809434E+03 0.52789848E+01 -.80337332E+03 0.48618815E+03 0.19664001E+08
720000 0.36000000E+03 -.79809605E+03 0.50895574E+01 -.80318561E+03 0.46874211E+03 -.22502736E+08
725000 0.36250000E+03 -.79810108E+03 0.52135668E+01 -.80331465E+03 0.48016323E+03 -.36976898E+08
730000 0.36500000E+03 -.79809571E+03 0.54056530E+01 -.80350137E+03 0.49785414E+03 0.12377268E+08
735000 0.36750000E+03 -.79810546E+03 0.54261317E+01 -.80353159E+03 0.49974021E+03 0.28646099E+07
740000 0.37000000E+03 -.79811194E+03 0.52097045E+01 -.80332164E+03 0.47980752E+03 -.35959900E+08
745000 0.37250000E+03 -.79811168E+03 0.54071097E+01 -.80351879E+03 0.49798830E+03 0.13981701E+08
750000 0.37500000E+03 -.79811426E+03 0.50467190E+01 -.80316098E+03 0.46479675E+03 0.23484507E+08
755000 0.37750000E+03 -.79810866E+03 0.57651403E+01 -.80387380E+03 0.53096249E+03 0.33108313E+08
760000 0.38000000E+03 -.79810554E+03 0.48675007E+01 -.80297304E+03 0.44829096E+03 -.79337555E+07
765000 0.38250000E+03 -.79812199E+03 0.57177000E+01 -.80383969E+03 0.52659330E+03 -.43984765E+08
770000 0.38500000E+03 -.79813319E+03 0.57924031E+01 -.80392560E+03 0.53347336E+03 -.57604188E+08
775000 0.38750000E+03 -.79815387E+03 0.48661151E+01 -.80301998E+03 0.44816335E+03 -.28177540E+08
780000 0.39000000E+03 -.79816988E+03 0.52061947E+01 -.80337607E+03 0.47948427E+03 0.65059880E+08
785000 0.39250000E+03 -.79818177E+03 0.50063848E+01 -.80318815E+03 0.46108201E+03 0.16028417E+08
790000 0.39500000E+03 -.79818233E+03 0.55617574E+01 -.80374409E+03 0.51223117E+03 0.48780104E+07
795000 0.39750000E+03 -.79818916E+03 0.56921916E+01 -.80388135E+03 0.52424400E+03 -.12530710E+08
800000 0.40000000E+03 -.79820039E+03 0.55176535E+01 -.80371804E+03 0.50816925E+03 0.40657546E+08
805000 0.40250000E+03 -.79820570E+03 0.54443672E+01 -.80365006E+03 0.50141967E+03 -.30199323E+08
810000 0.40500000E+03 -.79822294E+03 0.50795809E+01 -.80330252E+03 0.46782330E+03 -.41018158E+08
815000 0.40750000E+03 -.79824581E+03 0.49157539E+01 -.80316156E+03 0.45273502E+03 0.41715397E+07
820000 0.41000000E+03 -.79825649E+03 0.51361288E+01 -.80339262E+03 0.47303128E+03 -.34550069E+08
825000 0.41250000E+03 -.79826830E+03 0.53967914E+01 -.80366509E+03 0.49703800E+03 -.50020507E+08
830000 0.41500000E+03 -.79829832E+03 0.49061580E+01 -.80320448E+03 0.45185125E+03 -.46527110E+08
835000 0.41750000E+03 -.79830119E+03 0.54326433E+01 -.80373384E+03 0.50033991E+03 -.23032039E+08
840000 0.42000000E+03 -.79830935E+03 0.55643378E+01 -.80387369E+03 0.51246881E+03 -.17886254E+08
845000 0.42250000E+03 -.79831228E+03 0.50572472E+01 -.80336952E+03 0.46576638E+03 0.42657693E+08
850000 0.42500000E+03 -.79831532E+03 0.60626116E+01 -.80437793E+03 0.55835924E+03 0.30241091E+08
855000 0.42750000E+03 -.79831342E+03 0.60067849E+01 -.80432021E+03 0.55321767E+03 -.16605301E+08
860000 0.43000000E+03 -.79831197E+03 0.50975657E+01 -.80340953E+03 0.46947967E+03 0.16103985E+08
865000 0.43250000E+03 -.79831154E+03 0.54310473E+01 -.80374258E+03 0.50019293E+03 -.29230514E+08
870000 0.43500000E+03 -.79831106E+03 0.55276929E+01 -.80383875E+03 0.50909387E+03 0.40460404E+08
875000 0.43750000E+03 -.79831737E+03 0.54389990E+01 -.80375637E+03 0.50092527E+03 0.10237218E+09
880000 0.44000000E+03 -.79832411E+03 0.50678627E+01 -.80339197E+03 0.46674406E+03 -.35143552E+08
885000 0.44250000E+03 -.79833478E+03 0.55827534E+01 -.80391753E+03 0.51416487E+03 -.32916793E+08
890000 0.44500000E+03 -.79834188E+03 0.45063689E+01 -.80284825E+03 0.41503116E+03 -.86382733E+08
895000 0.44750000E+03 -.79834843E+03 0.51611643E+01 -.80350959E+03 0.47533702E+03 0.28397228E+08
900000 0.45000000E+03 -.79835452E+03 0.51538091E+01 -.80350833E+03 0.47465962E+03 -.49986534E+07
905000 0.45250000E+03 -.79836873E+03 0.53458258E+01 -.80371456E+03 0.49234412E+03 -.37262222E+07
910000 0.45500000E+03 -.79837180E+03 0.57793011E+01 -.80415110E+03 0.53226668E+03 0.43865313E+08
915000 0.45750000E+03 -.79836587E+03 0.53614605E+01 -.80372733E+03 0.49378406E+03 -.44264199E+08
920000 0.46000000E+03 -.79837231E+03 0.52546454E+01 -.80362696E+03 0.48394652E+03 -.13809770E+08
925000 0.46250000E+03 -.79837813E+03 0.52424728E+01 -.80362061E+03 0.48282544E+03 0.32488222E+08
930000 0.46500000E+03 -.79838629E+03 0.50018941E+01 -.80338819E+03 0.46066843E+03 -.85617689E+07
935000 0.46750000E+03 -.79841200E+03 0.53584834E+01 -.80377048E+03 0.49350987E+03 0.39143138E+08
940000 0.47000000E+03 -.79843390E+03 0.52819892E+01 -.80371589E+03 0.48646485E+03 -.75548439E+08
945000 0.47250000E+03 -.79846437E+03 0.52701847E+01 -.80373456E+03 0.48537767E+03 0.47155276E+08
950000 0.47500000E+03 -.79846644E+03 0.51522891E+01 -.80361873E+03 0.47451963E+03 0.14207769E+08
955000 0.47750000E+03 -.79848069E+03 0.57110020E+01 -.80419169E+03 0.52597641E+03 -.30875217E+07
960000 0.48000000E+03 -.79847529E+03 0.53337254E+01 -.80380902E+03 0.49122969E+03 0.31004577E+08
965000 0.48250000E+03 -.79848005E+03 0.49505788E+01 -.80343063E+03 0.45594235E+03 0.30409636E+08
970000 0.48500000E+03 -.79847594E+03 0.53340108E+01 -.80380996E+03 0.49125598E+03 -.56397439E+08
975000 0.48750000E+03 -.79847698E+03 0.46400047E+01 -.80311698E+03 0.42733886E+03 0.12986560E+08
980000 0.49000000E+03 -.79848048E+03 0.52029226E+01 -.80368340E+03 0.47918291E+03 0.27223528E+08
985000 0.49250000E+03 -.79848823E+03 0.47414955E+01 -.80322972E+03 0.43668603E+03 -.74496361E+07
990000 0.49500000E+03 -.79849243E+03 0.56495636E+01 -.80414199E+03 0.52031801E+03 -.52810052E+07
995000 0.49750000E+03 -.79849210E+03 0.55044715E+01 -.80399657E+03 0.50695520E+03 -.59011347E+08
****** 0.50000000E+03 -.79849361E+03 0.48195041E+01 -.80331312E+03 0.44387054E+03 -.33005451E+08
