 Creating tables for Cc-Cc Tersoff potential
    -----> MD RUN:
NSTEP = 1000000 (Number of steps)
dt = 0.00010 (Integration time step in [psec])
KFLAG = 6 (1-Quench, 2-Velocity distribution, 5-Constant Temperature)
LFLAG = 0 (1-Constant Pressure)
KEYBS = 3 (0-pair potential, 1-Stillinger Weber, 2-EAM, 3-Tersoff)
LIDX = 1 (1-periodicity in X direction,0-free boundaries)
LIDY = 1 (1-periodicity in Y direction,0-free boundaries)
LIDZ = 0 (1-periodicity in Z direction,0-free boundaries)
KBOUND =  1 (0-Free,1-rigid)
dim =  3 (3 - 3D simulation,2- 2D simulation)
T0 =  300.0 (Temperature distributed by VEL,[K])
P0 =    0.0 (Desired pressure in con. pressure control,[GPa])
NEWTAB =  50 (Step of neighbors list renewal)
NEPRT = 5000 (Step of printing output information)
NWRITE = 10000 (Step of writing output information)
Ngather =  200 (Step of gathering molecules to the comp. cell)
RSkin =  2.000 (Skin depth in neighbor list calculation [A])
 
    -----> MATERIAL:
XL = 0.26345D+02 (X size of the computational cell [A])
YL = 0.26268D+02 (Y size of the computational cell [A])
ZL = 0.24643D+02 (Z size of the computational cell [A])
DENSM = 0.14034D+00 (Density of the material [gm/cm3])
DENSN = 0.70364D+22 (Density of the material [molec./cm3])
Natoms =    120 (Number of particles in the computational cell)
NTYPE =  2 (Number of particle types)
 
    -----> TYPES OF PARTICLES:
Type  1:   120 particles.  mass = 0.12011D+02 [amu].
Type  2:     0 particles.  mass = 0.00000D+00 [amu].
 
  Step     time     Energy      Kinetic    Potential  Temperature    Pressure
     0 0.00000000E+00 -.79848373E+03 0.48195605E+01 -.80330329E+03 0.44387572E+03 -.33158024E+08
  5000 0.50000000E+00 -.79939525E+03 0.51048082E+01 -.80450006E+03 0.47014669E+03 -.51746245E+08
 10000 0.10000000E+01 -.80024867E+03 0.50612841E+01 -.80530996E+03 0.46613818E+03 -.91723281E+08
 15000 0.15000000E+01 -.80105982E+03 0.45597706E+01 -.80561959E+03 0.41994939E+03 -.20951531E+09
 20000 0.20000000E+01 -.80182835E+03 0.45203457E+01 -.80634870E+03 0.41631841E+03 -.19148235E+09
 25000 0.25000000E+01 -.80255595E+03 0.44314553E+01 -.80698740E+03 0.40813170E+03 -.26193012E+09
 30000 0.30000000E+01 -.80325052E+03 0.39887750E+01 -.80723930E+03 0.36736138E+03 -.34388715E+09
 35000 0.35000000E+01 -.80390926E+03 0.39744215E+01 -.80788368E+03 0.36603944E+03 -.35413410E+09
 40000 0.40000000E+01 -.80453277E+03 0.41572760E+01 -.80869004E+03 0.38288012E+03 -.41838295E+09
 45000 0.45000000E+01 -.80512473E+03 0.37475219E+01 -.80887225E+03 0.34514226E+03 -.50847356E+09
 50000 0.50000000E+01 -.80568648E+03 0.38262371E+01 -.80951272E+03 0.35239184E+03 -.47282208E+09
 55000 0.55000000E+01 -.80620742E+03 0.39632301E+01 -.81017065E+03 0.36500872E+03 -.57193835E+09
 60000 0.60000000E+01 -.80670058E+03 0.37822753E+01 -.81048286E+03 0.34834300E+03 -.64476057E+09
 65000 0.65000000E+01 -.80715292E+03 0.37040455E+01 -.81085697E+03 0.34113813E+03 -.60128932E+09
 70000 0.70000000E+01 -.80756503E+03 0.34188812E+01 -.81098391E+03 0.31487484E+03 -.74296093E+09
 75000 0.75000000E+01 -.80794114E+03 0.34573451E+01 -.81139848E+03 0.31841733E+03 -.72610785E+09
 80000 0.80000000E+01 -.80826505E+03 0.35237304E+01 -.81178878E+03 0.32453133E+03 -.72641819E+09
 85000 0.85000000E+01 -.80854484E+03 0.35384549E+01 -.81208330E+03 0.32588744E+03 -.85471201E+09
 90000 0.90000000E+01 -.80877432E+03 0.38840928E+01 -.81265842E+03 0.35772028E+03 -.83225951E+09
 95000 0.95000000E+01 -.80894242E+03 0.33228626E+01 -.81226528E+03 0.30603165E+03 -.89050780E+09
100000 0.10000000E+02 -.80905552E+03 0.31728077E+01 -.81222833E+03 0.29221177E+03 -.94082696E+09
105000 0.10500000E+02 -.80910710E+03 0.32009945E+01 -.81230810E+03 0.29480774E+03 -.92192193E+09
110000 0.11000000E+02 -.80908937E+03 0.35507703E+01 -.81264014E+03 0.32702167E+03 -.10104400E+10
115000 0.11500000E+02 -.80900478E+03 0.33459339E+01 -.81235072E+03 0.30815649E+03 -.10417838E+10
120000 0.12000000E+02 -.80884216E+03 0.32321317E+01 -.81207429E+03 0.29767544E+03 -.10166006E+10
125000 0.12500000E+02 -.80859619E+03 0.32292660E+01 -.81182545E+03 0.29741151E+03 -.10821497E+10
130000 0.13000000E+02 -.80826815E+03 0.28944258E+01 -.81116257E+03 0.26657313E+03 -.11135548E+10
135000 0.13500000E+02 -.80784903E+03 0.32580419E+01 -.81110707E+03 0.30006174E+03 -.11160262E+10
140000 0.14000000E+02 -.80733370E+03 0.30172324E+01 -.81035093E+03 0.27788348E+03 -.11346483E+10
145000 0.14500000E+02 -.80672022E+03 0.32669391E+01 -.80998716E+03 0.30088116E+03 -.11995296E+10
150000 0.15000000E+02 -.80600582E+03 0.30764263E+01 -.80908224E+03 0.28333517E+03 -.12004483E+10
155000 0.15500000E+02 -.80518255E+03 0.32860829E+01 -.80846864E+03 0.30264428E+03 -.11909597E+10
160000 0.16000000E+02 -.80424670E+03 0.34527515E+01 -.80769945E+03 0.31799426E+03 -.12293301E+10
165000 0.16500000E+02 -.80320017E+03 0.32947998E+01 -.80649497E+03 0.30344710E+03 -.13148213E+10
170000 0.17000000E+02 -.80203729E+03 0.31782168E+01 -.80521551E+03 0.29270994E+03 -.12656923E+10
175000 0.17500000E+02 -.80075335E+03 0.31563287E+01 -.80390968E+03 0.29069408E+03 -.12478235E+10
180000 0.18000000E+02 -.79934633E+03 0.30530655E+01 -.80239940E+03 0.28118366E+03 -.12682099E+10
185000 0.18500000E+02 -.79781905E+03 0.32084489E+01 -.80102749E+03 0.29549428E+03 -.13619589E+10
190000 0.19000000E+02 -.79616523E+03 0.28471801E+01 -.79901241E+03 0.26222186E+03 -.13316658E+10
195000 0.19500000E+02 -.79439035E+03 0.28269421E+01 -.79721729E+03 0.26035797E+03 -.12577597E+10
200000 0.20000000E+02 -.79248407E+03 0.31846084E+01 -.79566868E+03 0.29329861E+03 -.12624128E+10
205000 0.20500000E+02 -.79045794E+03 0.31927982E+01 -.79365074E+03 0.29405287E+03 -.13240937E+10
210000 0.21000000E+02 -.78830972E+03 0.29494347E+01 -.79125915E+03 0.27163939E+03 -.13144113E+10
215000 0.21500000E+02 -.78604394E+03 0.30376998E+01 -.78908164E+03 0.27976850E+03 -.13193771E+10
220000 0.22000000E+02 -.78366031E+03 0.30946148E+01 -.78675493E+03 0.28501031E+03 -.12439456E+10
225000 0.22500000E+02 -.78116598E+03 0.27492569E+01 -.78391523E+03 0.25320325E+03 -.12041651E+10
230000 0.23000000E+02 -.77856120E+03 0.33094997E+01 -.78187070E+03 0.30480094E+03 -.11689780E+10
235000 0.23500000E+02 -.77584926E+03 0.31056418E+01 -.77895490E+03 0.28602587E+03 -.12523270E+10
240000 0.24000000E+02 -.77303886E+03 0.29353088E+01 -.77597417E+03 0.27033841E+03 -.11701763E+10
245000 0.24500000E+02 -.77013678E+03 0.29682908E+01 -.77310507E+03 0.27337601E+03 -.12057232E+10
250000 0.25000000E+02 -.76714587E+03 0.31034366E+01 -.77024930E+03 0.28582277E+03 -.11650755E+10
255000 0.25500000E+02 -.76407346E+03 0.31599835E+01 -.76723345E+03 0.29103068E+03 -.11211860E+10
260000 0.26000000E+02 -.76092854E+03 0.28396464E+01 -.76376818E+03 0.26152801E+03 -.11578806E+10
265000 0.26500000E+02 -.75771611E+03 0.33175968E+01 -.76103371E+03 0.30554667E+03 -.10884016E+10
270000 0.27000000E+02 -.75444558E+03 0.33325808E+01 -.75777816E+03 0.30692668E+03 -.10717902E+10
275000 0.27500000E+02 -.75112419E+03 0.28491710E+01 -.75397336E+03 0.26240522E+03 -.10777076E+10
280000 0.28000000E+02 -.74775486E+03 0.31793822E+01 -.75093425E+03 0.29281728E+03 -.99000395E+09
285000 0.28500000E+02 -.74435321E+03 0.33208502E+01 -.74767406E+03 0.30584631E+03 -.98551815E+09
290000 0.29000000E+02 -.74091518E+03 0.33282054E+01 -.74424338E+03 0.30652371E+03 -.94128111E+09
295000 0.29500000E+02 -.73744460E+03 0.30189503E+01 -.74046355E+03 0.27804170E+03 -.92869407E+09
300000 0.30000000E+02 -.73392815E+03 0.34446888E+01 -.73737284E+03 0.31725170E+03 -.96478111E+09
305000 0.30500000E+02 -.73029559E+03 0.28625762E+01 -.73315817E+03 0.26363983E+03 -.98113787E+09
310000 0.31000000E+02 -.72653702E+03 0.31841062E+01 -.72972113E+03 0.29325235E+03 -.10190849E+10
315000 0.31500000E+02 -.72264748E+03 0.30510704E+01 -.72569855E+03 0.28099992E+03 -.10781072E+10
320000 0.32000000E+02 -.71863544E+03 0.29748386E+01 -.72161028E+03 0.27397906E+03 -.11812135E+10
325000 0.32500000E+02 -.71449167E+03 0.30988496E+01 -.71759052E+03 0.28540032E+03 -.12857636E+10
330000 0.33000000E+02 -.71022145E+03 0.27004229E+01 -.71292187E+03 0.24870570E+03 -.12812217E+10
335000 0.33500000E+02 -.70581006E+03 0.28796841E+01 -.70868975E+03 0.26521545E+03 -.13701207E+10
340000 0.34000000E+02 -.70126429E+03 0.31312567E+01 -.70439555E+03 0.28838498E+03 -.14381618E+10
345000 0.34500000E+02 -.69658201E+03 0.29508533E+01 -.69953287E+03 0.27177004E+03 -.14540075E+10
350000 0.35000000E+02 -.69176060E+03 0.33530728E+01 -.69511368E+03 0.30881397E+03 -.15682116E+10
355000 0.35500000E+02 -.68680409E+03 0.30189640E+01 -.68982305E+03 0.27804295E+03 -.15673832E+10
360000 0.36000000E+02 -.68170468E+03 0.31817973E+01 -.68488648E+03 0.29303971E+03 -.16836323E+10
365000 0.36500000E+02 -.67645570E+03 0.33557514E+01 -.67981146E+03 0.30906067E+03 -.16793245E+10
370000 0.37000000E+02 -.67105944E+03 0.29645185E+01 -.67402395E+03 0.27302859E+03 -.17979553E+10
375000 0.37500000E+02 -.66551524E+03 0.28255971E+01 -.66834083E+03 0.26023409E+03 -.19052719E+10
380000 0.38000000E+02 -.65994000E+03 0.31225694E+01 -.66306257E+03 0.28758488E+03 -.13409308E+10
385000 0.38500000E+02 -.65562788E+03 0.30636946E+01 -.65869158E+03 0.28216259E+03 -.75653101E+09
390000 0.39000000E+02 -.65247389E+03 0.30654094E+01 -.65553930E+03 0.28232052E+03 -.40830421E+09
395000 0.39500000E+02 -.64988708E+03 0.33609864E+01 -.65324807E+03 0.30954281E+03 -.22824544E+09
400000 0.40000000E+02 -.64756647E+03 0.31252000E+01 -.65069167E+03 0.28782716E+03 -.20578781E+09
405000 0.40500000E+02 -.64539394E+03 0.28963207E+01 -.64829026E+03 0.26674765E+03 -.13804498E+09
410000 0.41000000E+02 -.64327017E+03 0.32714596E+01 -.64654163E+03 0.30129749E+03 -.21040432E+09
415000 0.41500000E+02 -.64116555E+03 0.31942869E+01 -.64435984E+03 0.29418999E+03 -.11466774E+09
420000 0.42000000E+02 -.63906142E+03 0.26966473E+01 -.64175807E+03 0.24835797E+03 -.76698146E+08
425000 0.42500000E+02 -.63693749E+03 0.30901152E+01 -.64002761E+03 0.28459589E+03 -.10593241E+09
430000 0.43000000E+02 -.63477198E+03 0.32906533E+01 -.63806264E+03 0.30306521E+03 -.19162214E+09
435000 0.43500000E+02 -.63258154E+03 0.27288678E+01 -.63531040E+03 0.25132545E+03 -.30954784E+08
440000 0.44000000E+02 -.63037129E+03 0.29616927E+01 -.63333299E+03 0.27276833E+03 -.92054275E+08
445000 0.44500000E+02 -.62811844E+03 0.34188050E+01 -.63153725E+03 0.31486783E+03 -.10157145E+09
450000 0.45000000E+02 -.62582271E+03 0.30436218E+01 -.62886633E+03 0.28031391E+03 -.11759351E+09
455000 0.45500000E+02 -.62347100E+03 0.31446176E+01 -.62661561E+03 0.28961550E+03 -.21088334E+09
460000 0.46000000E+02 -.62108408E+03 0.33970882E+01 -.62448116E+03 0.31286774E+03 -.26590584E+09
465000 0.46500000E+02 -.61864273E+03 0.33067077E+01 -.62194944E+03 0.30454380E+03 -.16089262E+09
470000 0.47000000E+02 -.61612170E+03 0.33653140E+01 -.61948701E+03 0.30994138E+03 -.23441586E+09
475000 0.47500000E+02 -.61353523E+03 0.29139031E+01 -.61644913E+03 0.26836697E+03 -.22615737E+09
480000 0.48000000E+02 -.61088597E+03 0.33879454E+01 -.61427391E+03 0.31202569E+03 -.22030123E+09
485000 0.48500000E+02 -.60811901E+03 0.30407021E+01 -.61115971E+03 0.28004500E+03 -.18098251E+09
490000 0.49000000E+02 -.60522702E+03 0.32373051E+01 -.60846432E+03 0.29815190E+03 -.41115249E+09
495000 0.49500000E+02 -.60220791E+03 0.33182042E+01 -.60552611E+03 0.30560261E+03 -.21668540E+09
500000 0.50000000E+02 -.59900810E+03 0.31859804E+01 -.60219408E+03 0.29342496E+03 -.33279069E+09
505000 0.50500000E+02 -.59561944E+03 0.33875080E+01 -.59900695E+03 0.31198541E+03 -.67139713E+09
510000 0.51000000E+02 -.59198966E+03 0.33663435E+01 -.59535600E+03 0.31003619E+03 -.57753100E+09
515000 0.51500000E+02 -.58799867E+03 0.28814550E+01 -.59088013E+03 0.26537854E+03 -.67202203E+09
520000 0.52000000E+02 -.58366725E+03 0.31701625E+01 -.58683741E+03 0.29196815E+03 -.94682483E+09
525000 0.52500000E+02 -.57888661E+03 0.30980292E+01 -.58198464E+03 0.28532476E+03 -.10331199E+10
530000 0.53000000E+02 -.57353192E+03 0.33363712E+01 -.57686829E+03 0.30727578E+03 -.14112130E+10
535000 0.53500000E+02 -.56755627E+03 0.29449128E+01 -.57050119E+03 0.27122293E+03 -.17148917E+10
540000 0.54000000E+02 -.56099581E+03 0.33530490E+01 -.56434886E+03 0.30881178E+03 -.18567165E+10
545000 0.54500000E+02 -.55392060E+03 0.34282862E+01 -.55734888E+03 0.31574103E+03 -.25030900E+10
550000 0.55000000E+02 -.54657824E+03 0.30063841E+01 -.54958462E+03 0.27688436E+03 -.31384978E+10
555000 0.55500000E+02 -.53916702E+03 0.30413591E+01 -.54220838E+03 0.28010552E+03 -.36058609E+10
560000 0.56000000E+02 -.53172124E+03 0.34880436E+01 -.53520929E+03 0.32124462E+03 -.37797424E+10
565000 0.56500000E+02 -.52408219E+03 0.31012323E+01 -.52718342E+03 0.28561976E+03 -.37117685E+10
570000 0.57000000E+02 -.51611067E+03 0.35867147E+01 -.51969738E+03 0.33033211E+03 -.38682058E+10
575000 0.57500000E+02 -.51041053E+03 0.33122513E+01 -.51372278E+03 0.30505436E+03 -.10479148E+10
580000 0.58000000E+02 -.50771662E+03 0.32046714E+01 -.51092129E+03 0.29514638E+03 -.43184258E+09
585000 0.58500000E+02 -.50516111E+03 0.33568122E+01 -.50851792E+03 0.30915837E+03 -.40615092E+09
590000 0.59000000E+02 -.50261699E+03 0.30143771E+01 -.50563136E+03 0.27762050E+03 -.67891070E+09
595000 0.59500000E+02 -.50004978E+03 0.30202775E+01 -.50307006E+03 0.27816393E+03 -.28433404E+09
600000 0.60000000E+02 -.49744460E+03 0.30023772E+01 -.50044697E+03 0.27651533E+03 -.33923532E+09
605000 0.60500000E+02 -.49482480E+03 0.31766308E+01 -.49800143E+03 0.29256387E+03 -.22464871E+09
610000 0.61000000E+02 -.49221235E+03 0.34659942E+01 -.49567835E+03 0.31921390E+03 -.55507537E+09
615000 0.61500000E+02 -.48953143E+03 0.35095107E+01 -.49304094E+03 0.32322171E+03 -.63092507E+09
620000 0.62000000E+02 -.48685747E+03 0.30296073E+01 -.48988707E+03 0.27902319E+03 -.37139874E+09
625000 0.62500000E+02 -.48558674E+03 0.43676851E+02 -.52926360E+03 0.40225854E+04 0.26639126E+10
630000 0.63000000E+02 -.50129071E+03 0.37373786E+02 -.53866450E+03 0.34420808E+04 0.31612251E+10
635000 0.63500000E+02 -.51286722E+03 0.32536042E+02 -.54540326E+03 0.29965303E+04 0.17355255E+10
640000 0.64000000E+02 -.52373921E+03 0.30736022E+02 -.55447524E+03 0.28307506E+04 0.22936801E+10
645000 0.64500000E+02 -.53365423E+03 0.26322088E+02 -.55997632E+03 0.24242326E+04 0.27405883E+10
650000 0.65000000E+02 -.54240143E+03 0.27579411E+02 -.56998084E+03 0.25400305E+04 0.26623143E+10
655000 0.65500000E+02 -.54985766E+03 0.24882180E+02 -.57473984E+03 0.22916189E+04 0.19117555E+10
660000 0.66000000E+02 -.55665161E+03 0.20933678E+02 -.57758529E+03 0.19279665E+04 0.13242662E+10
665000 0.66500000E+02 -.56288658E+03 0.21905161E+02 -.58479174E+03 0.20174390E+04 0.17295488E+10
670000 0.67000000E+02 -.56865946E+03 0.16721229E+02 -.58538068E+03 0.15400050E+04 0.15692988E+10
675000 0.67500000E+02 -.57430604E+03 0.16166942E+02 -.59047298E+03 0.14889559E+04 0.18980905E+10
680000 0.68000000E+02 -.57982662E+03 0.14193194E+02 -.59401981E+03 0.13071761E+04 0.18381191E+10
685000 0.68500000E+02 -.58566298E+03 0.14770312E+02 -.60043329E+03 0.13603279E+04 0.20986576E+10
690000 0.69000000E+02 -.59218453E+03 0.11573439E+02 -.60375796E+03 0.10658998E+04 0.20443073E+10
695000 0.69500000E+02 -.59982162E+03 0.12921820E+02 -.61274344E+03 0.11900841E+04 0.28316892E+10
700000 0.70000000E+02 -.60864896E+03 0.10630595E+02 -.61927955E+03 0.97906502E+03 0.24636546E+10
705000 0.70500000E+02 -.61815846E+03 0.97088734E+01 -.62786734E+03 0.89417556E+03 0.33418783E+10
710000 0.71000000E+02 -.62641312E+03 0.93005119E+01 -.63571363E+03 0.85656596E+03 0.21009141E+10
715000 0.71500000E+02 -.63210392E+03 0.82305979E+01 -.64033452E+03 0.75802817E+03 0.14257852E+10
720000 0.72000000E+02 -.63573487E+03 0.82058209E+01 -.64394069E+03 0.75574624E+03 0.12676667E+10
725000 0.72500000E+02 -.63919639E+03 0.85981319E+01 -.64779453E+03 0.79187761E+03 0.13719286E+10
730000 0.73000000E+02 -.64248725E+03 0.76551949E+01 -.65014244E+03 0.70503424E+03 0.12090005E+10
735000 0.73500000E+02 -.64573392E+03 0.73478483E+01 -.65308177E+03 0.67672799E+03 0.14218473E+10
740000 0.74000000E+02 -.64870162E+03 0.64469194E+01 -.65514854E+03 0.59375352E+03 0.11681868E+10
745000 0.74500000E+02 -.65171106E+03 0.60414075E+01 -.65775247E+03 0.55640636E+03 0.12097895E+10
750000 0.75000000E+02 -.65458935E+03 0.49615301E+01 -.65955088E+03 0.45695095E+03 0.13795941E+10
755000 0.75500000E+02 -.65737260E+03 0.49946028E+01 -.66236720E+03 0.45999691E+03 0.92704606E+09
760000 0.76000000E+02 -.66004006E+03 0.55337505E+01 -.66557381E+03 0.50965177E+03 0.16753837E+10
765000 0.76500000E+02 -.66268636E+03 0.49578723E+01 -.66764424E+03 0.45661408E+03 0.11794359E+10
770000 0.77000000E+02 -.66531349E+03 0.48539876E+01 -.67016748E+03 0.44704642E+03 0.12285642E+10
775000 0.77500000E+02 -.66775999E+03 0.45964521E+01 -.67235644E+03 0.42332771E+03 0.11101893E+10
780000 0.78000000E+02 -.67024709E+03 0.48457898E+01 -.67509288E+03 0.44629141E+03 0.99758635E+09
785000 0.78500000E+02 -.67265178E+03 0.46113036E+01 -.67726308E+03 0.42469552E+03 0.12074099E+10
790000 0.79000000E+02 -.67499444E+03 0.41241582E+01 -.67911859E+03 0.37983001E+03 0.10180755E+10
795000 0.79500000E+02 -.67733086E+03 0.41622391E+01 -.68149310E+03 0.38333722E+03 0.12278124E+10
800000 0.80000000E+02 -.67960310E+03 0.43540779E+01 -.68395718E+03 0.40100533E+03 0.10919497E+10
805000 0.80500000E+02 -.68189250E+03 0.38027027E+01 -.68569521E+03 0.35022435E+03 0.11346860E+10
810000 0.81000000E+02 -.68408217E+03 0.38421288E+01 -.68792430E+03 0.35385544E+03 0.10149950E+10
815000 0.81500000E+02 -.68622493E+03 0.37826412E+01 -.69000757E+03 0.34837670E+03 0.98445763E+09
820000 0.82000000E+02 -.68813875E+03 0.38707905E+01 -.69200954E+03 0.35649515E+03 0.95494441E+09
825000 0.82500000E+02 -.68975645E+03 0.38969838E+01 -.69365343E+03 0.35890752E+03 0.77047350E+09
830000 0.83000000E+02 -.69120296E+03 0.41414820E+01 -.69534444E+03 0.38142551E+03 0.79829834E+09
835000 0.83500000E+02 -.69237653E+03 0.35273763E+01 -.69590391E+03 0.32486712E+03 0.74476263E+09
840000 0.84000000E+02 -.69328474E+03 0.34958653E+01 -.69678060E+03 0.32196499E+03 0.46413780E+09
845000 0.84500000E+02 -.69400511E+03 0.35145836E+01 -.69751969E+03 0.32368893E+03 0.50404879E+09
850000 0.85000000E+02 -.69454044E+03 0.34124097E+01 -.69795285E+03 0.31427883E+03 0.33847162E+09
855000 0.85500000E+02 -.69494519E+03 0.31866864E+01 -.69813187E+03 0.29348998E+03 0.13265812E+09
860000 0.86000000E+02 -.69520870E+03 0.31985262E+01 -.69840722E+03 0.29458042E+03 0.31662668E+09
865000 0.86500000E+02 -.69537312E+03 0.33017587E+01 -.69867488E+03 0.30408801E+03 0.14373724E+09
870000 0.87000000E+02 -.69543902E+03 0.37119130E+01 -.69915093E+03 0.34186272E+03 0.87088165E+08
875000 0.87500000E+02 -.69541383E+03 0.37443481E+01 -.69915818E+03 0.34484995E+03 0.10575056E+09
880000 0.88000000E+02 -.69532839E+03 0.31072221E+01 -.69843561E+03 0.28617142E+03 0.67085945E+07
885000 0.88500000E+02 -.69516947E+03 0.34519819E+01 -.69862145E+03 0.31792338E+03 0.16413613E+09
890000 0.89000000E+02 -.69496077E+03 0.30971272E+01 -.69805789E+03 0.28524169E+03 -.52786291E+08
895000 0.89500000E+02 -.69470163E+03 0.34716904E+01 -.69817332E+03 0.31973851E+03 -.50349445E+08
900000 0.90000000E+02 -.69437930E+03 0.33858333E+01 -.69776513E+03 0.31183117E+03 -.34937785E+08
905000 0.90500000E+02 -.69404231E+03 0.31643373E+01 -.69720664E+03 0.29143166E+03 -.16198337E+09
910000 0.91000000E+02 -.69363815E+03 0.35322289E+01 -.69717038E+03 0.32531404E+03 -.94901266E+08
915000 0.91500000E+02 -.69322871E+03 0.34617229E+01 -.69669043E+03 0.31882051E+03 -.13398126E+09
920000 0.92000000E+02 -.69277258E+03 0.29693233E+01 -.69574190E+03 0.27347111E+03 -.13208060E+09
925000 0.92500000E+02 -.69229999E+03 0.32596284E+01 -.69555961E+03 0.30020786E+03 -.16906846E+09
930000 0.93000000E+02 -.69180738E+03 0.34526977E+01 -.69526007E+03 0.31798930E+03 -.17853286E+09
935000 0.93500000E+02 -.69128779E+03 0.33743047E+01 -.69466210E+03 0.31076940E+03 -.27025201E+09
940000 0.94000000E+02 -.69074455E+03 0.33261730E+01 -.69407073E+03 0.30633653E+03 -.30197732E+09
945000 0.94500000E+02 -.69018013E+03 0.29610904E+01 -.69314122E+03 0.27271286E+03 -.16639374E+09
950000 0.95000000E+02 -.68961211E+03 0.29326495E+01 -.69254476E+03 0.27009349E+03 -.13015000E+09
955000 0.95500000E+02 -.68902607E+03 0.33519104E+01 -.69237798E+03 0.30870692E+03 -.38955193E+09
960000 0.96000000E+02 -.68841219E+03 0.34310296E+01 -.69184322E+03 0.31599370E+03 -.97056889E+08
965000 0.96500000E+02 -.68781544E+03 0.30529052E+01 -.69086834E+03 0.28116890E+03 -.12682731E+09
970000 0.97000000E+02 -.68718467E+03 0.33905346E+01 -.69057520E+03 0.31226416E+03 -.29952281E+09
975000 0.97500000E+02 -.68654279E+03 0.30382945E+01 -.68958108E+03 0.27982327E+03 -.25395043E+09
980000 0.98000000E+02 -.68590184E+03 0.32222821E+01 -.68912412E+03 0.29676831E+03 -.87899628E+08
985000 0.98500000E+02 -.68525850E+03 0.32477247E+01 -.68850622E+03 0.29911154E+03 -.28966654E+09
990000 0.99000000E+02 -.68459557E+03 0.34070913E+01 -.68800266E+03 0.31378901E+03 -.25244716E+09
995000 0.99500000E+02 -.68393798E+03 0.31718396E+01 -.68710982E+03 0.29212261E+03 -.30545973E+09
****** 0.10000000E+03 -.68328808E+03 0.32548034E+01 -.68654288E+03 0.29976348E+03 -.16580321E+09
